<?xml version="1.0" encoding="UTF-8"?>
<testsuite xmlns:xsi="http://www.w3.org/2001/XMLSchema-instance" xsi:noNamespaceSchemaLocation="https://maven.apache.org/surefire/maven-surefire-plugin/xsd/surefire-test-report-3.0.xsd" version="3.0" name="com.demo.outbox.ConcurrentOutboxIT" time="3.654" tests="3" errors="0" skipped="0" failures="0">
  <properties>
[...]
</properties>
  <testcase name="concurrentPollers_processEachEventExactlyOnce" classname="com.demo.outbox.ConcurrentOutboxIT" time="0.121">
    <system-out><![CDATA[2026-06-29 20:28:52.756  INFO [main] [cid=-] [pipe=-] [step=-] [rid=-] org.testcontainers.images.PullPolicy               : Image pull policy will be performed by: DefaultPullPolicy()
2026-06-29 20:28:52.757  INFO [main] [cid=-] [pipe=-] [step=-] [rid=-] org.testcontainers.utility.ImageNameSubstitutor    : Image name substitution will be performed by: DefaultImageNameSubstitutor (composite of 'ConfigurationFileImageNameSubstitutor' and 'PrefixingImageNameSubstitutor')
2026-06-29 20:28:52.769  INFO [main] [cid=-] [pipe=-] [step=-] [rid=-] org.testcontainers.DockerClientFactory             : Testcontainers version: 1.21.4
2026-06-29 20:28:54.444  INFO [main] [cid=-] [pipe=-] [step=-] [rid=-] o.t.dockerclient.DockerClientProviderStrategy      : Found Docker environment with Environment variables, system properties and defaults. Resolved dockerHost=unix:///var/run/docker.sock
2026-06-29 20:28:54.445  INFO [main] [cid=-] [pipe=-] [step=-] [rid=-] org.testcontainers.DockerClientFactory             : Docker host IP address is localhost
2026-06-29 20:28:54.454  INFO [main] [cid=-] [pipe=-] [step=-] [rid=-] org.testcontainers.DockerClientFactory             : Connected to docker: 
  Server Version: 29.2.1
  API Version: 1.53
  Operating System: Docker Desktop
  Total Memory: 7836 MB
  Labels: 
    com.docker.desktop.address=unix:///Users/m9rcy/Library/Containers/com.docker.docker/Data/docker-cli.sock
2026-06-29 20:28:54.456  WARN [main] [cid=-] [pipe=-] [step=-] [rid=-] org.testcontainers.utility.ResourceReaper          : 
********************************************************************************
Ryuk has been disabled. This can cause unexpected behavior in your environment.
********************************************************************************
2026-06-29 20:28:54.458  INFO [main] [cid=-] [pipe=-] [step=-] [rid=-] org.testcontainers.DockerClientFactory             : Checking the system...
2026-06-29 20:28:54.458  INFO [main] [cid=-] [pipe=-] [step=-] [rid=-] org.testcontainers.DockerClientFactory             : ✔︎ Docker server version should be at least 1.6.0
2026-06-29 20:28:54.561  INFO [main] [cid=-] [pipe=-] [step=-] [rid=-] tc.postgres:16-alpine                              : Creating container for image: postgres:16-alpine
2026-06-29 20:28:54.663  INFO [main] [cid=-] [pipe=-] [step=-] [rid=-] org.testcontainers.utility.RegistryAuthLocator     : Credential helper/store (docker-credential-desktop) does not have credentials for https://index.docker.io/v1/
2026-06-29 20:28:54.732  INFO [main] [cid=-] [pipe=-] [step=-] [rid=-] tc.postgres:16-alpine                              : Container postgres:16-alpine is starting: 55eaef96def862077385cf5cd76869806727f426528bf628ec944075d7d70433
Hibernate: select oe1_0.id,oe1_0.correlation_id,oe1_0.created_at,oe1_0.current_step,oe1_0.last_error,oe1_0.payload,oe1_0.pipeline_type,oe1_0.processed_at,oe1_0.retry_count,oe1_0.status,oe1_0.total_steps,oe1_0.version from outbox_event oe1_0 where oe1_0.status='PENDING' order by oe1_0.created_at fetch first ? rows only for update
2026-06-29 20:28:55.587 DEBUG [scheduling-1] [cid=-] [pipe=-] [step=-] [rid=-] com.demo.outbox.scheduler.PipelineOutboxPoller     : Outbox poll: found 1 PENDING event(s)
Hibernate: select oe1_0.id,oe1_0.correlation_id,oe1_0.created_at,oe1_0.current_step,oe1_0.last_error,oe1_0.payload,oe1_0.pipeline_type,oe1_0.processed_at,oe1_0.retry_count,oe1_0.status,oe1_0.total_steps,oe1_0.version from outbox_event oe1_0 where oe1_0.id=?
2026-06-29 20:28:55.588  INFO [scheduling-1] [cid=256726ff-cf4b-4e39-8078-ba9a4a52a09c] [pipe=CARD_APPLICATION_PIPELINE] [step=CreditBureauCheckStep] [rid=-] com.demo.outbox.scheduler.OutboxEventProcessor     : Pipeline [CARD_APPLICATION_PIPELINE] correlationId=256726ff-cf4b-4e39-8078-ba9a4a52a09c → executing step 1/4 (CreditBureauCheckStep)
Hibernate: select oe1_0.id,oe1_0.correlation_id,oe1_0.created_at,oe1_0.current_step,oe1_0.last_error,oe1_0.payload,oe1_0.pipeline_type,oe1_0.processed_at,oe1_0.retry_count,oe1_0.status,oe1_0.total_steps,oe1_0.version from outbox_event oe1_0 where oe1_0.id=?
2026-06-29 20:28:55.589  INFO [scheduling-1] [cid=256726ff-cf4b-4e39-8078-ba9a4a52a09c] [pipe=CARD_APPLICATION_PIPELINE] [step=CreditBureauCheckStep] [rid=-] c.demo.outbox.pipeline.step.CreditBureauCheckStep  : [Step 0] Checking credit for applicationId=256726ff-cf4b-4e39-8078-ba9a4a52a09c
2026-06-29 20:28:55.589 DEBUG [scheduling-1] [cid=256726ff-cf4b-4e39-8078-ba9a4a52a09c] [pipe=CARD_APPLICATION_PIPELINE] [step=CreditBureauCheckStep] [rid=-] com.demo.outbox.api.CreditBureauClient             : Calling credit bureau for applicant=Henry Ford
2026-06-29 20:28:55.598  INFO [main] [cid=-] [pipe=-] [step=-] [rid=-] tc.postgres:16-alpine                              : Container postgres:16-alpine started in PT1.036704S
2026-06-29 20:28:55.598  INFO [main] [cid=-] [pipe=-] [step=-] [rid=-] tc.postgres:16-alpine                              : Container is started (JDBC URL: jdbc:postgresql://localhost:57336/test?loggerLevel=OFF)

  .   ____          _            __ _ _
 /\\ / ___'_ __ _ _(_)_ __  __ _ \ \ \ \
( ( )\___ | '_ | '_| | '_ \/ _` | \ \ \ \
 \\/  ___)| |_)| | | | | || (_| |  ) ) ) )
  '  |____| .__|_| |_|_| |_\__, | / / / /
 =========|_|==============|___/=/_/_/_/
 :: Spring Boot ::                (v3.2.0)

2026-06-29 20:28:55.631  INFO [main] [cid=-] [pipe=-] [step=-] [rid=-] com.demo.outbox.ConcurrentOutboxIT                 : Starting ConcurrentOutboxIT using Java 21.0.10 with PID 22186 (started by m9rcy in /Users/m9rcy/dev/spring/outbox-demo)
2026-06-29 20:28:55.631 DEBUG [main] [cid=-] [pipe=-] [step=-] [rid=-] com.demo.outbox.ConcurrentOutboxIT                 : Running with Spring Boot v3.2.0, Spring v6.1.1
2026-06-29 20:28:55.631  INFO [main] [cid=-] [pipe=-] [step=-] [rid=-] com.demo.outbox.ConcurrentOutboxIT                 : The following 1 profile is active: "postgres-test"
2026-06-29 20:28:55.643  WARN [scheduling-1] [cid=256726ff-cf4b-4e39-8078-ba9a4a52a09c] [pipe=CARD_APPLICATION_PIPELINE] [step=CreditBureauCheckStep] [rid=-] com.demo.outbox.scheduler.OutboxStepExecutor       : Pipeline [CARD_APPLICATION_PIPELINE] step 0 failed (attempt 1/3): 404 Not Found: "No response could be served as there are no stub mappings in this WireMock instance."
Hibernate: update outbox_event set correlation_id=?,created_at=?,current_step=?,last_error=?,payload=?,pipeline_type=?,processed_at=?,retry_count=?,status=?,total_steps=?,version=? where id=? and version=?
2026-06-29 20:28:55.644  INFO [scheduling-1] [cid=256726ff-cf4b-4e39-8078-ba9a4a52a09c] [pipe=CARD_APPLICATION_PIPELINE] [step=CreditBureauCheckStep] [rid=-] com.demo.outbox.scheduler.OutboxEventProcessor     : Pipeline [CARD_APPLICATION_PIPELINE] halted at step 1 for correlationId=256726ff-cf4b-4e39-8078-ba9a4a52a09c
2026-06-29 20:28:55.732  INFO [main] [cid=-] [pipe=-] [step=-] [rid=-] org.apache.coyote.http11.Http11NioProtocol         : Initializing ProtocolHandler ["http-nio-auto-2"]
2026-06-29 20:28:55.732  INFO [main] [cid=-] [pipe=-] [step=-] [rid=-] org.apache.catalina.core.StandardService           : Starting service [Tomcat]
2026-06-29 20:28:55.732  INFO [main] [cid=-] [pipe=-] [step=-] [rid=-] org.apache.catalina.core.StandardEngine            : Starting Servlet engine: [Apache Tomcat/10.1.16]
2026-06-29 20:28:55.738  INFO [main] [cid=-] [pipe=-] [step=-] [rid=-] o.a.c.c.ContainerBase.[Tomcat-1].[localhost].[/]   : Initializing Spring embedded WebApplicationContext
2026-06-29 20:28:55.855  INFO [main] [cid=-] [pipe=-] [step=-] [rid=-] org.flywaydb.core.FlywayExecutor                   : Database: jdbc:postgresql://localhost:57336/test (PostgreSQL 16.13)
2026-06-29 20:28:55.859  WARN [main] [cid=-] [pipe=-] [step=-] [rid=-] org.flywaydb.core.internal.database.base.Database  : Flyway upgrade recommended: PostgreSQL 16.13 is newer than this version of Flyway and support has not been tested. The latest supported version of PostgreSQL is 15.
2026-06-29 20:28:55.871  INFO [main] [cid=-] [pipe=-] [step=-] [rid=-] o.f.c.i.schemahistory.JdbcTableSchemaHistory       : Schema history table "public"."flyway_schema_history" does not exist yet
2026-06-29 20:28:55.871  INFO [main] [cid=-] [pipe=-] [step=-] [rid=-] org.flywaydb.core.internal.command.DbValidate      : Successfully validated 1 migration (execution time 00:00.004s)
2026-06-29 20:28:55.880  INFO [main] [cid=-] [pipe=-] [step=-] [rid=-] o.f.c.i.schemahistory.JdbcTableSchemaHistory       : Creating Schema History table "public"."flyway_schema_history" ...
2026-06-29 20:28:55.906  INFO [main] [cid=-] [pipe=-] [step=-] [rid=-] org.flywaydb.core.internal.command.DbMigrate       : Current version of schema "public": << Empty Schema >>
2026-06-29 20:28:55.909  INFO [main] [cid=-] [pipe=-] [step=-] [rid=-] org.flywaydb.core.internal.command.DbMigrate       : Migrating schema "public" to version "1 - init"
2026-06-29 20:28:55.918  INFO [main] [cid=-] [pipe=-] [step=-] [rid=-] org.flywaydb.core.internal.command.DbMigrate       : Successfully applied 1 migration to schema "public", now at version v1 (execution time 00:00.004s)
2026-06-29 20:28:55.926  INFO [main] [cid=-] [pipe=-] [step=-] [rid=-] org.hibernate.jpa.internal.util.LogHelper          : HHH000204: Processing PersistenceUnitInfo [name: default]
2026-06-29 20:28:55.927  INFO [main] [cid=-] [pipe=-] [step=-] [rid=-] o.hibernate.cache.internal.RegionFactoryInitiator  : HHH000026: Second-level cache disabled
2026-06-29 20:28:55.928  INFO [main] [cid=-] [pipe=-] [step=-] [rid=-] com.zaxxer.hikari.HikariDataSource                 : HikariPool-2 - Starting...
2026-06-29 20:28:55.946  INFO [main] [cid=-] [pipe=-] [step=-] [rid=-] com.zaxxer.hikari.pool.HikariPool                  : HikariPool-2 - Added connection org.postgresql.jdbc.PgConnection@e9ef8b4
2026-06-29 20:28:55.946  INFO [main] [cid=-] [pipe=-] [step=-] [rid=-] com.zaxxer.hikari.HikariDataSource                 : HikariPool-2 - Start completed.
2026-06-29 20:28:55.950  WARN [main] [cid=-] [pipe=-] [step=-] [rid=-] org.hibernate.orm.deprecation                      : HHH90000025: PostgreSQLDialect does not need to be specified explicitly using 'hibernate.dialect' (remove the property setting and it will be selected by default)
2026-06-29 20:28:55.987  INFO [main] [cid=-] [pipe=-] [step=-] [rid=-] o.h.e.t.jta.platform.internal.JtaPlatformInitiator : HHH000489: No JTA platform available (set 'hibernate.transaction.jta.platform' to enable JTA platform integration)
2026-06-29 20:28:56.013  INFO [main] [cid=-] [pipe=-] [step=-] [rid=-] com.demo.outbox.pipeline.PipelineRegistry          : Pipeline registered: [CARD_APPLICATION_PIPELINE] with 4 steps: 0:CreditBureauCheckStep, 1:CardProviderRegisterStep, 2:NotificationStep, 3:FinalDbUpdateStep
2026-06-29 20:28:56.028  WARN [main] [cid=-] [pipe=-] [step=-] [rid=-] o.s.b.a.o.j.JpaBaseConfiguration$JpaWebConfiguration : spring.jpa.open-in-view is enabled by default. Therefore, database queries may be performed during view rendering. Explicitly configure spring.jpa.open-in-view to disable this warning
2026-06-29 20:28:56.058  INFO [main] [cid=-] [pipe=-] [step=-] [rid=-] org.apache.coyote.http11.Http11NioProtocol         : Starting ProtocolHandler ["http-nio-auto-2"]
2026-06-29 20:28:56.060  INFO [main] [cid=-] [pipe=-] [step=-] [rid=-] com.demo.outbox.ConcurrentOutboxIT                 : Started ConcurrentOutboxIT in 0.455 seconds (process running for 8.937)
2026-06-29 20:28:56.070 DEBUG [main] [cid=-] [pipe=-] [step=-] [rid=-] com.demo.outbox.service.OutboxService              : Outbox event created id=67b043a6-5214-4c84-b60c-316083313e74 pipeline=CARD_APPLICATION_PIPELINE correlationId=eb43d5fd-53b8-4c39-a553-6de9b3a319ce
2026-06-29 20:28:56.070  INFO [main] [cid=-] [pipe=-] [step=-] [rid=-] com.demo.outbox.service.CardApplicationService     : Application eb43d5fd-53b8-4c39-a553-6de9b3a319ce submitted for user0@test.com, pipeline queued
2026-06-29 20:28:56.078 DEBUG [main] [cid=-] [pipe=-] [step=-] [rid=-] com.demo.outbox.service.OutboxService              : Outbox event created id=cbc55f96-f226-4a6f-b924-6614c70a04cd pipeline=CARD_APPLICATION_PIPELINE correlationId=7c76a7b1-5a21-413a-93b0-dd7285f56f1d
2026-06-29 20:28:56.078  INFO [main] [cid=-] [pipe=-] [step=-] [rid=-] com.demo.outbox.service.CardApplicationService     : Application 7c76a7b1-5a21-413a-93b0-dd7285f56f1d submitted for user1@test.com, pipeline queued
2026-06-29 20:28:56.080 DEBUG [main] [cid=-] [pipe=-] [step=-] [rid=-] com.demo.outbox.service.OutboxService              : Outbox event created id=2a862484-91fa-42a5-b23b-18c72b7cae71 pipeline=CARD_APPLICATION_PIPELINE correlationId=8f525ad2-86a2-42b7-92c1-d298f7e42f82
2026-06-29 20:28:56.080  INFO [main] [cid=-] [pipe=-] [step=-] [rid=-] com.demo.outbox.service.CardApplicationService     : Application 8f525ad2-86a2-42b7-92c1-d298f7e42f82 submitted for user2@test.com, pipeline queued
2026-06-29 20:28:56.081 DEBUG [main] [cid=-] [pipe=-] [step=-] [rid=-] com.demo.outbox.service.OutboxService              : Outbox event created id=ee28450a-6988-4214-b6c0-eba7682a95b6 pipeline=CARD_APPLICATION_PIPELINE correlationId=c4d20bf5-8dca-470c-9b7f-494f29b896c9
2026-06-29 20:28:56.081  INFO [main] [cid=-] [pipe=-] [step=-] [rid=-] com.demo.outbox.service.CardApplicationService     : Application c4d20bf5-8dca-470c-9b7f-494f29b896c9 submitted for user3@test.com, pipeline queued
2026-06-29 20:28:56.116 DEBUG [pool-5-thread-2] [cid=-] [pipe=-] [step=-] [rid=-] com.demo.outbox.scheduler.PipelineOutboxPoller     : Outbox poll: found 4 PENDING event(s)
2026-06-29 20:28:56.118 DEBUG [pool-5-thread-1] [cid=-] [pipe=-] [step=-] [rid=-] com.demo.outbox.scheduler.PipelineOutboxPoller     : Outbox poll: found 4 PENDING event(s)
2026-06-29 20:28:56.118  INFO [pool-5-thread-2] [cid=eb43d5fd-53b8-4c39-a553-6de9b3a319ce] [pipe=CARD_APPLICATION_PIPELINE] [step=CreditBureauCheckStep] [rid=-] com.demo.outbox.scheduler.OutboxEventProcessor     : Pipeline [CARD_APPLICATION_PIPELINE] correlationId=eb43d5fd-53b8-4c39-a553-6de9b3a319ce → executing step 1/4 (CreditBureauCheckStep)
2026-06-29 20:28:56.119  INFO [pool-5-thread-1] [cid=eb43d5fd-53b8-4c39-a553-6de9b3a319ce] [pipe=CARD_APPLICATION_PIPELINE] [step=CreditBureauCheckStep] [rid=-] com.demo.outbox.scheduler.OutboxEventProcessor     : Pipeline [CARD_APPLICATION_PIPELINE] correlationId=eb43d5fd-53b8-4c39-a553-6de9b3a319ce → executing step 1/4 (CreditBureauCheckStep)
2026-06-29 20:28:56.120  INFO [pool-5-thread-2] [cid=eb43d5fd-53b8-4c39-a553-6de9b3a319ce] [pipe=CARD_APPLICATION_PIPELINE] [step=CreditBureauCheckStep] [rid=-] c.demo.outbox.pipeline.step.CreditBureauCheckStep  : [Step 0] Checking credit for applicationId=eb43d5fd-53b8-4c39-a553-6de9b3a319ce
2026-06-29 20:28:56.120 DEBUG [pool-5-thread-2] [cid=eb43d5fd-53b8-4c39-a553-6de9b3a319ce] [pipe=CARD_APPLICATION_PIPELINE] [step=CreditBureauCheckStep] [rid=-] com.demo.outbox.api.CreditBureauClient             : Calling credit bureau for applicant=User 0
2026-06-29 20:28:56.120  INFO [pool-5-thread-1] [cid=eb43d5fd-53b8-4c39-a553-6de9b3a319ce] [pipe=CARD_APPLICATION_PIPELINE] [step=CreditBureauCheckStep] [rid=-] c.demo.outbox.pipeline.step.CreditBureauCheckStep  : [Step 0] Checking credit for applicationId=eb43d5fd-53b8-4c39-a553-6de9b3a319ce
2026-06-29 20:28:56.120 DEBUG [pool-5-thread-1] [cid=eb43d5fd-53b8-4c39-a553-6de9b3a319ce] [pipe=CARD_APPLICATION_PIPELINE] [step=CreditBureauCheckStep] [rid=-] com.demo.outbox.api.CreditBureauClient             : Calling credit bureau for applicant=User 0
2026-06-29 20:28:56.123 DEBUG [pool-5-thread-1] [cid=eb43d5fd-53b8-4c39-a553-6de9b3a319ce] [pipe=CARD_APPLICATION_PIPELINE] [step=CreditBureauCheckStep] [rid=-] com.demo.outbox.api.CreditBureauClient             : Credit bureau returned score=750 for applicant=User 0
2026-06-29 20:28:56.123 DEBUG [pool-5-thread-2] [cid=eb43d5fd-53b8-4c39-a553-6de9b3a319ce] [pipe=CARD_APPLICATION_PIPELINE] [step=CreditBureauCheckStep] [rid=-] com.demo.outbox.api.CreditBureauClient             : Credit bureau returned score=750 for applicant=User 0
2026-06-29 20:28:56.124  INFO [pool-5-thread-2] [cid=eb43d5fd-53b8-4c39-a553-6de9b3a319ce] [pipe=CARD_APPLICATION_PIPELINE] [step=CreditBureauCheckStep] [rid=-] c.demo.outbox.pipeline.step.CreditBureauCheckStep  : [Step 0] Credit check complete, score=750
2026-06-29 20:28:56.124  INFO [pool-5-thread-1] [cid=eb43d5fd-53b8-4c39-a553-6de9b3a319ce] [pipe=CARD_APPLICATION_PIPELINE] [step=CreditBureauCheckStep] [rid=-] c.demo.outbox.pipeline.step.CreditBureauCheckStep  : [Step 0] Credit check complete, score=750
2026-06-29 20:28:56.126  INFO [pool-5-thread-2] [cid=eb43d5fd-53b8-4c39-a553-6de9b3a319ce] [pipe=CARD_APPLICATION_PIPELINE] [step=CardProviderRegisterStep] [rid=-] com.demo.outbox.scheduler.OutboxEventProcessor     : Pipeline [CARD_APPLICATION_PIPELINE] correlationId=eb43d5fd-53b8-4c39-a553-6de9b3a319ce → executing step 2/4 (CardProviderRegisterStep)
2026-06-29 20:28:56.127  INFO [pool-5-thread-2] [cid=eb43d5fd-53b8-4c39-a553-6de9b3a319ce] [pipe=CARD_APPLICATION_PIPELINE] [step=CardProviderRegisterStep] [rid=-] c.d.outbox.pipeline.step.CardProviderRegisterStep  : [Step 1] Registering applicationId=eb43d5fd-53b8-4c39-a553-6de9b3a319ce with card provider
2026-06-29 20:28:56.127 DEBUG [pool-5-thread-2] [cid=eb43d5fd-53b8-4c39-a553-6de9b3a319ce] [pipe=CARD_APPLICATION_PIPELINE] [step=CardProviderRegisterStep] [rid=-] com.demo.outbox.api.CardProviderClient             : Registering application=eb43d5fd-53b8-4c39-a553-6de9b3a319ce with card provider
2026-06-29 20:28:56.130 DEBUG [pool-5-thread-2] [cid=eb43d5fd-53b8-4c39-a553-6de9b3a319ce] [pipe=CARD_APPLICATION_PIPELINE] [step=CardProviderRegisterStep] [rid=-] com.demo.outbox.api.CardProviderClient             : Card provider returned providerRef=PROV-REF-001
2026-06-29 20:28:56.131  INFO [pool-5-thread-2] [cid=eb43d5fd-53b8-4c39-a553-6de9b3a319ce] [pipe=CARD_APPLICATION_PIPELINE] [step=CardProviderRegisterStep] [rid=-] c.d.outbox.pipeline.step.CardProviderRegisterStep  : [Step 1] Provider registration complete, ref=PROV-REF-001
2026-06-29 20:28:56.132 DEBUG [pool-5-thread-1] [cid=eb43d5fd-53b8-4c39-a553-6de9b3a319ce] [pipe=CARD_APPLICATION_PIPELINE] [step=CreditBureauCheckStep] [rid=-] com.demo.outbox.scheduler.OutboxStepExecutor       : Event 67b043a6-5214-4c84-b60c-316083313e74 concurrent update at step 0 — another pod owns it
2026-06-29 20:28:56.133 DEBUG [pool-5-thread-1] [cid=-] [pipe=-] [step=-] [rid=-] com.demo.outbox.scheduler.PipelineOutboxPoller     : Event 67b043a6-5214-4c84-b60c-316083313e74 had concurrent update — skipping, another pod owns it
2026-06-29 20:28:56.134  INFO [pool-5-thread-2] [cid=eb43d5fd-53b8-4c39-a553-6de9b3a319ce] [pipe=CARD_APPLICATION_PIPELINE] [step=NotificationStep] [rid=-] com.demo.outbox.scheduler.OutboxEventProcessor     : Pipeline [CARD_APPLICATION_PIPELINE] correlationId=eb43d5fd-53b8-4c39-a553-6de9b3a319ce → executing step 3/4 (NotificationStep)
2026-06-29 20:28:56.134  INFO [pool-5-thread-1] [cid=7c76a7b1-5a21-413a-93b0-dd7285f56f1d] [pipe=CARD_APPLICATION_PIPELINE] [step=CreditBureauCheckStep] [rid=-] com.demo.outbox.scheduler.OutboxEventProcessor     : Pipeline [CARD_APPLICATION_PIPELINE] correlationId=7c76a7b1-5a21-413a-93b0-dd7285f56f1d → executing step 1/4 (CreditBureauCheckStep)
2026-06-29 20:28:56.134  INFO [pool-5-thread-2] [cid=eb43d5fd-53b8-4c39-a553-6de9b3a319ce] [pipe=CARD_APPLICATION_PIPELINE] [step=NotificationStep] [rid=-] com.demo.outbox.pipeline.step.NotificationStep     : [Step 2] Sending notification to email=user0@test.com
2026-06-29 20:28:56.134 DEBUG [pool-5-thread-2] [cid=eb43d5fd-53b8-4c39-a553-6de9b3a319ce] [pipe=CARD_APPLICATION_PIPELINE] [step=NotificationStep] [rid=-] com.demo.outbox.api.NotificationClient             : Sending notification to email=user0@test.com
2026-06-29 20:28:56.135  INFO [pool-5-thread-1] [cid=7c76a7b1-5a21-413a-93b0-dd7285f56f1d] [pipe=CARD_APPLICATION_PIPELINE] [step=CreditBureauCheckStep] [rid=-] c.demo.outbox.pipeline.step.CreditBureauCheckStep  : [Step 0] Checking credit for applicationId=7c76a7b1-5a21-413a-93b0-dd7285f56f1d
2026-06-29 20:28:56.135 DEBUG [pool-5-thread-1] [cid=7c76a7b1-5a21-413a-93b0-dd7285f56f1d] [pipe=CARD_APPLICATION_PIPELINE] [step=CreditBureauCheckStep] [rid=-] com.demo.outbox.api.CreditBureauClient             : Calling credit bureau for applicant=User 1
2026-06-29 20:28:56.137 DEBUG [pool-5-thread-1] [cid=7c76a7b1-5a21-413a-93b0-dd7285f56f1d] [pipe=CARD_APPLICATION_PIPELINE] [step=CreditBureauCheckStep] [rid=-] com.demo.outbox.api.CreditBureauClient             : Credit bureau returned score=750 for applicant=User 1
2026-06-29 20:28:56.137 DEBUG [pool-5-thread-2] [cid=eb43d5fd-53b8-4c39-a553-6de9b3a319ce] [pipe=CARD_APPLICATION_PIPELINE] [step=NotificationStep] [rid=-] com.demo.outbox.api.NotificationClient             : Notification sent, id=NOTIF-001
2026-06-29 20:28:56.138  INFO [pool-5-thread-2] [cid=eb43d5fd-53b8-4c39-a553-6de9b3a319ce] [pipe=CARD_APPLICATION_PIPELINE] [step=NotificationStep] [rid=-] com.demo.outbox.pipeline.step.NotificationStep     : [Step 2] Notification sent, id=NOTIF-001
2026-06-29 20:28:56.138  INFO [pool-5-thread-1] [cid=7c76a7b1-5a21-413a-93b0-dd7285f56f1d] [pipe=CARD_APPLICATION_PIPELINE] [step=CreditBureauCheckStep] [rid=-] c.demo.outbox.pipeline.step.CreditBureauCheckStep  : [Step 0] Credit check complete, score=750
2026-06-29 20:28:56.139  INFO [pool-5-thread-1] [cid=7c76a7b1-5a21-413a-93b0-dd7285f56f1d] [pipe=CARD_APPLICATION_PIPELINE] [step=CardProviderRegisterStep] [rid=-] com.demo.outbox.scheduler.OutboxEventProcessor     : Pipeline [CARD_APPLICATION_PIPELINE] correlationId=7c76a7b1-5a21-413a-93b0-dd7285f56f1d → executing step 2/4 (CardProviderRegisterStep)
2026-06-29 20:28:56.139  INFO [pool-5-thread-2] [cid=eb43d5fd-53b8-4c39-a553-6de9b3a319ce] [pipe=CARD_APPLICATION_PIPELINE] [step=FinalDbUpdateStep] [rid=-] com.demo.outbox.scheduler.OutboxEventProcessor     : Pipeline [CARD_APPLICATION_PIPELINE] correlationId=eb43d5fd-53b8-4c39-a553-6de9b3a319ce → executing step 4/4 (FinalDbUpdateStep)
2026-06-29 20:28:56.140  INFO [pool-5-thread-1] [cid=7c76a7b1-5a21-413a-93b0-dd7285f56f1d] [pipe=CARD_APPLICATION_PIPELINE] [step=CardProviderRegisterStep] [rid=-] c.d.outbox.pipeline.step.CardProviderRegisterStep  : [Step 1] Registering applicationId=7c76a7b1-5a21-413a-93b0-dd7285f56f1d with card provider
2026-06-29 20:28:56.140  INFO [pool-5-thread-2] [cid=eb43d5fd-53b8-4c39-a553-6de9b3a319ce] [pipe=CARD_APPLICATION_PIPELINE] [step=FinalDbUpdateStep] [rid=-] com.demo.outbox.pipeline.step.FinalDbUpdateStep    : [Step 3] Finalising applicationId=eb43d5fd-53b8-4c39-a553-6de9b3a319ce
2026-06-29 20:28:56.140 DEBUG [pool-5-thread-1] [cid=7c76a7b1-5a21-413a-93b0-dd7285f56f1d] [pipe=CARD_APPLICATION_PIPELINE] [step=CardProviderRegisterStep] [rid=-] com.demo.outbox.api.CardProviderClient             : Registering application=7c76a7b1-5a21-413a-93b0-dd7285f56f1d with card provider
2026-06-29 20:28:56.140  INFO [pool-5-thread-2] [cid=eb43d5fd-53b8-4c39-a553-6de9b3a319ce] [pipe=CARD_APPLICATION_PIPELINE] [step=FinalDbUpdateStep] [rid=-] com.demo.outbox.pipeline.step.FinalDbUpdateStep    : [Step 3] Application eb43d5fd-53b8-4c39-a553-6de9b3a319ce marked COMPLETED
2026-06-29 20:28:56.142  INFO [pool-5-thread-2] [cid=eb43d5fd-53b8-4c39-a553-6de9b3a319ce] [pipe=CARD_APPLICATION_PIPELINE] [step=FinalDbUpdateStep] [rid=-] com.demo.outbox.scheduler.OutboxEventProcessor     : Pipeline [CARD_APPLICATION_PIPELINE] COMPLETED for correlationId=eb43d5fd-53b8-4c39-a553-6de9b3a319ce
2026-06-29 20:28:56.142 DEBUG [pool-5-thread-1] [cid=7c76a7b1-5a21-413a-93b0-dd7285f56f1d] [pipe=CARD_APPLICATION_PIPELINE] [step=CardProviderRegisterStep] [rid=-] com.demo.outbox.api.CardProviderClient             : Card provider returned providerRef=PROV-REF-001
2026-06-29 20:28:56.143  INFO [pool-5-thread-1] [cid=7c76a7b1-5a21-413a-93b0-dd7285f56f1d] [pipe=CARD_APPLICATION_PIPELINE] [step=CardProviderRegisterStep] [rid=-] c.d.outbox.pipeline.step.CardProviderRegisterStep  : [Step 1] Provider registration complete, ref=PROV-REF-001
2026-06-29 20:28:56.143  INFO [pool-5-thread-2] [cid=7c76a7b1-5a21-413a-93b0-dd7285f56f1d] [pipe=CARD_APPLICATION_PIPELINE] [step=CardProviderRegisterStep] [rid=-] com.demo.outbox.scheduler.OutboxEventProcessor     : Pipeline [CARD_APPLICATION_PIPELINE] correlationId=7c76a7b1-5a21-413a-93b0-dd7285f56f1d → executing step 2/4 (CardProviderRegisterStep)
2026-06-29 20:28:56.144  INFO [pool-5-thread-2] [cid=7c76a7b1-5a21-413a-93b0-dd7285f56f1d] [pipe=CARD_APPLICATION_PIPELINE] [step=CardProviderRegisterStep] [rid=-] c.d.outbox.pipeline.step.CardProviderRegisterStep  : [Step 1] Registering applicationId=7c76a7b1-5a21-413a-93b0-dd7285f56f1d with card provider
2026-06-29 20:28:56.144 DEBUG [pool-5-thread-2] [cid=7c76a7b1-5a21-413a-93b0-dd7285f56f1d] [pipe=CARD_APPLICATION_PIPELINE] [step=CardProviderRegisterStep] [rid=-] com.demo.outbox.api.CardProviderClient             : Registering application=7c76a7b1-5a21-413a-93b0-dd7285f56f1d with card provider
2026-06-29 20:28:56.144  INFO [pool-5-thread-1] [cid=7c76a7b1-5a21-413a-93b0-dd7285f56f1d] [pipe=CARD_APPLICATION_PIPELINE] [step=NotificationStep] [rid=-] com.demo.outbox.scheduler.OutboxEventProcessor     : Pipeline [CARD_APPLICATION_PIPELINE] correlationId=7c76a7b1-5a21-413a-93b0-dd7285f56f1d → executing step 3/4 (NotificationStep)
2026-06-29 20:28:56.144  INFO [pool-5-thread-1] [cid=7c76a7b1-5a21-413a-93b0-dd7285f56f1d] [pipe=CARD_APPLICATION_PIPELINE] [step=NotificationStep] [rid=-] com.demo.outbox.pipeline.step.NotificationStep     : [Step 2] Sending notification to email=user1@test.com
2026-06-29 20:28:56.144 DEBUG [pool-5-thread-1] [cid=7c76a7b1-5a21-413a-93b0-dd7285f56f1d] [pipe=CARD_APPLICATION_PIPELINE] [step=NotificationStep] [rid=-] com.demo.outbox.api.NotificationClient             : Sending notification to email=user1@test.com
2026-06-29 20:28:56.146 DEBUG [pool-5-thread-2] [cid=7c76a7b1-5a21-413a-93b0-dd7285f56f1d] [pipe=CARD_APPLICATION_PIPELINE] [step=CardProviderRegisterStep] [rid=-] com.demo.outbox.api.CardProviderClient             : Card provider returned providerRef=PROV-REF-001
2026-06-29 20:28:56.146  INFO [pool-5-thread-2] [cid=7c76a7b1-5a21-413a-93b0-dd7285f56f1d] [pipe=CARD_APPLICATION_PIPELINE] [step=CardProviderRegisterStep] [rid=-] c.d.outbox.pipeline.step.CardProviderRegisterStep  : [Step 1] Provider registration complete, ref=PROV-REF-001
2026-06-29 20:28:56.146 DEBUG [pool-5-thread-1] [cid=7c76a7b1-5a21-413a-93b0-dd7285f56f1d] [pipe=CARD_APPLICATION_PIPELINE] [step=NotificationStep] [rid=-] com.demo.outbox.api.NotificationClient             : Notification sent, id=NOTIF-001
2026-06-29 20:28:56.147  INFO [pool-5-thread-1] [cid=7c76a7b1-5a21-413a-93b0-dd7285f56f1d] [pipe=CARD_APPLICATION_PIPELINE] [step=NotificationStep] [rid=-] com.demo.outbox.pipeline.step.NotificationStep     : [Step 2] Notification sent, id=NOTIF-001
2026-06-29 20:28:56.147 DEBUG [pool-5-thread-2] [cid=7c76a7b1-5a21-413a-93b0-dd7285f56f1d] [pipe=CARD_APPLICATION_PIPELINE] [step=CardProviderRegisterStep] [rid=-] com.demo.outbox.scheduler.OutboxStepExecutor       : Event cbc55f96-f226-4a6f-b924-6614c70a04cd concurrent update at step 1 — another pod owns it
2026-06-29 20:28:56.148 DEBUG [pool-5-thread-2] [cid=-] [pipe=-] [step=-] [rid=-] com.demo.outbox.scheduler.PipelineOutboxPoller     : Event cbc55f96-f226-4a6f-b924-6614c70a04cd had concurrent update — skipping, another pod owns it
2026-06-29 20:28:56.149  INFO [pool-5-thread-1] [cid=7c76a7b1-5a21-413a-93b0-dd7285f56f1d] [pipe=CARD_APPLICATION_PIPELINE] [step=FinalDbUpdateStep] [rid=-] com.demo.outbox.scheduler.OutboxEventProcessor     : Pipeline [CARD_APPLICATION_PIPELINE] correlationId=7c76a7b1-5a21-413a-93b0-dd7285f56f1d → executing step 4/4 (FinalDbUpdateStep)
2026-06-29 20:28:56.149  INFO [pool-5-thread-2] [cid=8f525ad2-86a2-42b7-92c1-d298f7e42f82] [pipe=CARD_APPLICATION_PIPELINE] [step=CreditBureauCheckStep] [rid=-] com.demo.outbox.scheduler.OutboxEventProcessor     : Pipeline [CARD_APPLICATION_PIPELINE] correlationId=8f525ad2-86a2-42b7-92c1-d298f7e42f82 → executing step 1/4 (CreditBureauCheckStep)
2026-06-29 20:28:56.149  INFO [pool-5-thread-2] [cid=8f525ad2-86a2-42b7-92c1-d298f7e42f82] [pipe=CARD_APPLICATION_PIPELINE] [step=CreditBureauCheckStep] [rid=-] c.demo.outbox.pipeline.step.CreditBureauCheckStep  : [Step 0] Checking credit for applicationId=8f525ad2-86a2-42b7-92c1-d298f7e42f82
2026-06-29 20:28:56.149 DEBUG [pool-5-thread-2] [cid=8f525ad2-86a2-42b7-92c1-d298f7e42f82] [pipe=CARD_APPLICATION_PIPELINE] [step=CreditBureauCheckStep] [rid=-] com.demo.outbox.api.CreditBureauClient             : Calling credit bureau for applicant=User 2
2026-06-29 20:28:56.149  INFO [pool-5-thread-1] [cid=7c76a7b1-5a21-413a-93b0-dd7285f56f1d] [pipe=CARD_APPLICATION_PIPELINE] [step=FinalDbUpdateStep] [rid=-] com.demo.outbox.pipeline.step.FinalDbUpdateStep    : [Step 3] Finalising applicationId=7c76a7b1-5a21-413a-93b0-dd7285f56f1d
2026-06-29 20:28:56.150  INFO [pool-5-thread-1] [cid=7c76a7b1-5a21-413a-93b0-dd7285f56f1d] [pipe=CARD_APPLICATION_PIPELINE] [step=FinalDbUpdateStep] [rid=-] com.demo.outbox.pipeline.step.FinalDbUpdateStep    : [Step 3] Application 7c76a7b1-5a21-413a-93b0-dd7285f56f1d marked COMPLETED
2026-06-29 20:28:56.151  INFO [pool-5-thread-1] [cid=7c76a7b1-5a21-413a-93b0-dd7285f56f1d] [pipe=CARD_APPLICATION_PIPELINE] [step=FinalDbUpdateStep] [rid=-] com.demo.outbox.scheduler.OutboxEventProcessor     : Pipeline [CARD_APPLICATION_PIPELINE] COMPLETED for correlationId=7c76a7b1-5a21-413a-93b0-dd7285f56f1d
2026-06-29 20:28:56.151 DEBUG [pool-5-thread-2] [cid=8f525ad2-86a2-42b7-92c1-d298f7e42f82] [pipe=CARD_APPLICATION_PIPELINE] [step=CreditBureauCheckStep] [rid=-] com.demo.outbox.api.CreditBureauClient             : Credit bureau returned score=750 for applicant=User 2
2026-06-29 20:28:56.152  INFO [pool-5-thread-1] [cid=8f525ad2-86a2-42b7-92c1-d298f7e42f82] [pipe=CARD_APPLICATION_PIPELINE] [step=CreditBureauCheckStep] [rid=-] com.demo.outbox.scheduler.OutboxEventProcessor     : Pipeline [CARD_APPLICATION_PIPELINE] correlationId=8f525ad2-86a2-42b7-92c1-d298f7e42f82 → executing step 1/4 (CreditBureauCheckStep)
2026-06-29 20:28:56.152  INFO [pool-5-thread-2] [cid=8f525ad2-86a2-42b7-92c1-d298f7e42f82] [pipe=CARD_APPLICATION_PIPELINE] [step=CreditBureauCheckStep] [rid=-] c.demo.outbox.pipeline.step.CreditBureauCheckStep  : [Step 0] Credit check complete, score=750
2026-06-29 20:28:56.152  INFO [pool-5-thread-1] [cid=8f525ad2-86a2-42b7-92c1-d298f7e42f82] [pipe=CARD_APPLICATION_PIPELINE] [step=CreditBureauCheckStep] [rid=-] c.demo.outbox.pipeline.step.CreditBureauCheckStep  : [Step 0] Checking credit for applicationId=8f525ad2-86a2-42b7-92c1-d298f7e42f82
2026-06-29 20:28:56.152 DEBUG [pool-5-thread-1] [cid=8f525ad2-86a2-42b7-92c1-d298f7e42f82] [pipe=CARD_APPLICATION_PIPELINE] [step=CreditBureauCheckStep] [rid=-] com.demo.outbox.api.CreditBureauClient             : Calling credit bureau for applicant=User 2
2026-06-29 20:28:56.153  INFO [pool-5-thread-2] [cid=8f525ad2-86a2-42b7-92c1-d298f7e42f82] [pipe=CARD_APPLICATION_PIPELINE] [step=CardProviderRegisterStep] [rid=-] com.demo.outbox.scheduler.OutboxEventProcessor     : Pipeline [CARD_APPLICATION_PIPELINE] correlationId=8f525ad2-86a2-42b7-92c1-d298f7e42f82 → executing step 2/4 (CardProviderRegisterStep)
2026-06-29 20:28:56.153  INFO [pool-5-thread-2] [cid=8f525ad2-86a2-42b7-92c1-d298f7e42f82] [pipe=CARD_APPLICATION_PIPELINE] [step=CardProviderRegisterStep] [rid=-] c.d.outbox.pipeline.step.CardProviderRegisterStep  : [Step 1] Registering applicationId=8f525ad2-86a2-42b7-92c1-d298f7e42f82 with card provider
2026-06-29 20:28:56.153 DEBUG [pool-5-thread-2] [cid=8f525ad2-86a2-42b7-92c1-d298f7e42f82] [pipe=CARD_APPLICATION_PIPELINE] [step=CardProviderRegisterStep] [rid=-] com.demo.outbox.api.CardProviderClient             : Registering application=8f525ad2-86a2-42b7-92c1-d298f7e42f82 with card provider
2026-06-29 20:28:56.154 DEBUG [pool-5-thread-1] [cid=8f525ad2-86a2-42b7-92c1-d298f7e42f82] [pipe=CARD_APPLICATION_PIPELINE] [step=CreditBureauCheckStep] [rid=-] com.demo.outbox.api.CreditBureauClient             : Credit bureau returned score=750 for applicant=User 2
2026-06-29 20:28:56.155  INFO [pool-5-thread-1] [cid=8f525ad2-86a2-42b7-92c1-d298f7e42f82] [pipe=CARD_APPLICATION_PIPELINE] [step=CreditBureauCheckStep] [rid=-] c.demo.outbox.pipeline.step.CreditBureauCheckStep  : [Step 0] Credit check complete, score=750
2026-06-29 20:28:56.155 DEBUG [pool-5-thread-2] [cid=8f525ad2-86a2-42b7-92c1-d298f7e42f82] [pipe=CARD_APPLICATION_PIPELINE] [step=CardProviderRegisterStep] [rid=-] com.demo.outbox.api.CardProviderClient             : Card provider returned providerRef=PROV-REF-001
2026-06-29 20:28:56.156 DEBUG [pool-5-thread-1] [cid=8f525ad2-86a2-42b7-92c1-d298f7e42f82] [pipe=CARD_APPLICATION_PIPELINE] [step=CreditBureauCheckStep] [rid=-] com.demo.outbox.scheduler.OutboxStepExecutor       : Event 2a862484-91fa-42a5-b23b-18c72b7cae71 concurrent update at step 0 — another pod owns it
2026-06-29 20:28:56.156 DEBUG [pool-5-thread-1] [cid=-] [pipe=-] [step=-] [rid=-] com.demo.outbox.scheduler.PipelineOutboxPoller     : Event 2a862484-91fa-42a5-b23b-18c72b7cae71 had concurrent update — skipping, another pod owns it
2026-06-29 20:28:56.156  INFO [pool-5-thread-2] [cid=8f525ad2-86a2-42b7-92c1-d298f7e42f82] [pipe=CARD_APPLICATION_PIPELINE] [step=CardProviderRegisterStep] [rid=-] c.d.outbox.pipeline.step.CardProviderRegisterStep  : [Step 1] Provider registration complete, ref=PROV-REF-001
2026-06-29 20:28:56.157  INFO [pool-5-thread-1] [cid=c4d20bf5-8dca-470c-9b7f-494f29b896c9] [pipe=CARD_APPLICATION_PIPELINE] [step=CreditBureauCheckStep] [rid=-] com.demo.outbox.scheduler.OutboxEventProcessor     : Pipeline [CARD_APPLICATION_PIPELINE] correlationId=c4d20bf5-8dca-470c-9b7f-494f29b896c9 → executing step 1/4 (CreditBureauCheckStep)
2026-06-29 20:28:56.157  INFO [pool-5-thread-2] [cid=8f525ad2-86a2-42b7-92c1-d298f7e42f82] [pipe=CARD_APPLICATION_PIPELINE] [step=NotificationStep] [rid=-] com.demo.outbox.scheduler.OutboxEventProcessor     : Pipeline [CARD_APPLICATION_PIPELINE] correlationId=8f525ad2-86a2-42b7-92c1-d298f7e42f82 → executing step 3/4 (NotificationStep)
2026-06-29 20:28:56.157  INFO [pool-5-thread-1] [cid=c4d20bf5-8dca-470c-9b7f-494f29b896c9] [pipe=CARD_APPLICATION_PIPELINE] [step=CreditBureauCheckStep] [rid=-] c.demo.outbox.pipeline.step.CreditBureauCheckStep  : [Step 0] Checking credit for applicationId=c4d20bf5-8dca-470c-9b7f-494f29b896c9
2026-06-29 20:28:56.157 DEBUG [pool-5-thread-1] [cid=c4d20bf5-8dca-470c-9b7f-494f29b896c9] [pipe=CARD_APPLICATION_PIPELINE] [step=CreditBureauCheckStep] [rid=-] com.demo.outbox.api.CreditBureauClient             : Calling credit bureau for applicant=User 3
2026-06-29 20:28:56.158  INFO [pool-5-thread-2] [cid=8f525ad2-86a2-42b7-92c1-d298f7e42f82] [pipe=CARD_APPLICATION_PIPELINE] [step=NotificationStep] [rid=-] com.demo.outbox.pipeline.step.NotificationStep     : [Step 2] Sending notification to email=user2@test.com
2026-06-29 20:28:56.158 DEBUG [pool-5-thread-2] [cid=8f525ad2-86a2-42b7-92c1-d298f7e42f82] [pipe=CARD_APPLICATION_PIPELINE] [step=NotificationStep] [rid=-] com.demo.outbox.api.NotificationClient             : Sending notification to email=user2@test.com
2026-06-29 20:28:56.159 DEBUG [pool-5-thread-1] [cid=c4d20bf5-8dca-470c-9b7f-494f29b896c9] [pipe=CARD_APPLICATION_PIPELINE] [step=CreditBureauCheckStep] [rid=-] com.demo.outbox.api.CreditBureauClient             : Credit bureau returned score=750 for applicant=User 3
2026-06-29 20:28:56.160 DEBUG [pool-5-thread-2] [cid=8f525ad2-86a2-42b7-92c1-d298f7e42f82] [pipe=CARD_APPLICATION_PIPELINE] [step=NotificationStep] [rid=-] com.demo.outbox.api.NotificationClient             : Notification sent, id=NOTIF-001
2026-06-29 20:28:56.160  INFO [pool-5-thread-1] [cid=c4d20bf5-8dca-470c-9b7f-494f29b896c9] [pipe=CARD_APPLICATION_PIPELINE] [step=CreditBureauCheckStep] [rid=-] c.demo.outbox.pipeline.step.CreditBureauCheckStep  : [Step 0] Credit check complete, score=750
2026-06-29 20:28:56.160  INFO [pool-5-thread-2] [cid=8f525ad2-86a2-42b7-92c1-d298f7e42f82] [pipe=CARD_APPLICATION_PIPELINE] [step=NotificationStep] [rid=-] com.demo.outbox.pipeline.step.NotificationStep     : [Step 2] Notification sent, id=NOTIF-001
2026-06-29 20:28:56.162  INFO [pool-5-thread-2] [cid=8f525ad2-86a2-42b7-92c1-d298f7e42f82] [pipe=CARD_APPLICATION_PIPELINE] [step=FinalDbUpdateStep] [rid=-] com.demo.outbox.scheduler.OutboxEventProcessor     : Pipeline [CARD_APPLICATION_PIPELINE] correlationId=8f525ad2-86a2-42b7-92c1-d298f7e42f82 → executing step 4/4 (FinalDbUpdateStep)
2026-06-29 20:28:56.162  INFO [pool-5-thread-1] [cid=c4d20bf5-8dca-470c-9b7f-494f29b896c9] [pipe=CARD_APPLICATION_PIPELINE] [step=CardProviderRegisterStep] [rid=-] com.demo.outbox.scheduler.OutboxEventProcessor     : Pipeline [CARD_APPLICATION_PIPELINE] correlationId=c4d20bf5-8dca-470c-9b7f-494f29b896c9 → executing step 2/4 (CardProviderRegisterStep)
2026-06-29 20:28:56.163  INFO [pool-5-thread-1] [cid=c4d20bf5-8dca-470c-9b7f-494f29b896c9] [pipe=CARD_APPLICATION_PIPELINE] [step=CardProviderRegisterStep] [rid=-] c.d.outbox.pipeline.step.CardProviderRegisterStep  : [Step 1] Registering applicationId=c4d20bf5-8dca-470c-9b7f-494f29b896c9 with card provider
2026-06-29 20:28:56.163  INFO [pool-5-thread-2] [cid=8f525ad2-86a2-42b7-92c1-d298f7e42f82] [pipe=CARD_APPLICATION_PIPELINE] [step=FinalDbUpdateStep] [rid=-] com.demo.outbox.pipeline.step.FinalDbUpdateStep    : [Step 3] Finalising applicationId=8f525ad2-86a2-42b7-92c1-d298f7e42f82
2026-06-29 20:28:56.163 DEBUG [pool-5-thread-1] [cid=c4d20bf5-8dca-470c-9b7f-494f29b896c9] [pipe=CARD_APPLICATION_PIPELINE] [step=CardProviderRegisterStep] [rid=-] com.demo.outbox.api.CardProviderClient             : Registering application=c4d20bf5-8dca-470c-9b7f-494f29b896c9 with card provider
2026-06-29 20:28:56.164  INFO [pool-5-thread-2] [cid=8f525ad2-86a2-42b7-92c1-d298f7e42f82] [pipe=CARD_APPLICATION_PIPELINE] [step=FinalDbUpdateStep] [rid=-] com.demo.outbox.pipeline.step.FinalDbUpdateStep    : [Step 3] Application 8f525ad2-86a2-42b7-92c1-d298f7e42f82 marked COMPLETED
2026-06-29 20:28:56.165 DEBUG [pool-5-thread-1] [cid=c4d20bf5-8dca-470c-9b7f-494f29b896c9] [pipe=CARD_APPLICATION_PIPELINE] [step=CardProviderRegisterStep] [rid=-] com.demo.outbox.api.CardProviderClient             : Card provider returned providerRef=PROV-REF-001
2026-06-29 20:28:56.166  INFO [pool-5-thread-2] [cid=8f525ad2-86a2-42b7-92c1-d298f7e42f82] [pipe=CARD_APPLICATION_PIPELINE] [step=FinalDbUpdateStep] [rid=-] com.demo.outbox.scheduler.OutboxEventProcessor     : Pipeline [CARD_APPLICATION_PIPELINE] COMPLETED for correlationId=8f525ad2-86a2-42b7-92c1-d298f7e42f82
2026-06-29 20:28:56.166  INFO [pool-5-thread-1] [cid=c4d20bf5-8dca-470c-9b7f-494f29b896c9] [pipe=CARD_APPLICATION_PIPELINE] [step=CardProviderRegisterStep] [rid=-] c.d.outbox.pipeline.step.CardProviderRegisterStep  : [Step 1] Provider registration complete, ref=PROV-REF-001
2026-06-29 20:28:56.167  INFO [pool-5-thread-2] [cid=c4d20bf5-8dca-470c-9b7f-494f29b896c9] [pipe=CARD_APPLICATION_PIPELINE] [step=CardProviderRegisterStep] [rid=-] com.demo.outbox.scheduler.OutboxEventProcessor     : Pipeline [CARD_APPLICATION_PIPELINE] correlationId=c4d20bf5-8dca-470c-9b7f-494f29b896c9 → executing step 2/4 (CardProviderRegisterStep)
2026-06-29 20:28:56.168  INFO [pool-5-thread-1] [cid=c4d20bf5-8dca-470c-9b7f-494f29b896c9] [pipe=CARD_APPLICATION_PIPELINE] [step=NotificationStep] [rid=-] com.demo.outbox.scheduler.OutboxEventProcessor     : Pipeline [CARD_APPLICATION_PIPELINE] correlationId=c4d20bf5-8dca-470c-9b7f-494f29b896c9 → executing step 3/4 (NotificationStep)
2026-06-29 20:28:56.168  INFO [pool-5-thread-2] [cid=c4d20bf5-8dca-470c-9b7f-494f29b896c9] [pipe=CARD_APPLICATION_PIPELINE] [step=CardProviderRegisterStep] [rid=-] c.d.outbox.pipeline.step.CardProviderRegisterStep  : [Step 1] Registering applicationId=c4d20bf5-8dca-470c-9b7f-494f29b896c9 with card provider
2026-06-29 20:28:56.168 DEBUG [pool-5-thread-2] [cid=c4d20bf5-8dca-470c-9b7f-494f29b896c9] [pipe=CARD_APPLICATION_PIPELINE] [step=CardProviderRegisterStep] [rid=-] com.demo.outbox.api.CardProviderClient             : Registering application=c4d20bf5-8dca-470c-9b7f-494f29b896c9 with card provider
2026-06-29 20:28:56.169  INFO [pool-5-thread-1] [cid=c4d20bf5-8dca-470c-9b7f-494f29b896c9] [pipe=CARD_APPLICATION_PIPELINE] [step=NotificationStep] [rid=-] com.demo.outbox.pipeline.step.NotificationStep     : [Step 2] Sending notification to email=user3@test.com
2026-06-29 20:28:56.169 DEBUG [pool-5-thread-1] [cid=c4d20bf5-8dca-470c-9b7f-494f29b896c9] [pipe=CARD_APPLICATION_PIPELINE] [step=NotificationStep] [rid=-] com.demo.outbox.api.NotificationClient             : Sending notification to email=user3@test.com
2026-06-29 20:28:56.170 DEBUG [pool-5-thread-2] [cid=c4d20bf5-8dca-470c-9b7f-494f29b896c9] [pipe=CARD_APPLICATION_PIPELINE] [step=CardProviderRegisterStep] [rid=-] com.demo.outbox.api.CardProviderClient             : Card provider returned providerRef=PROV-REF-001
2026-06-29 20:28:56.171 DEBUG [pool-5-thread-1] [cid=c4d20bf5-8dca-470c-9b7f-494f29b896c9] [pipe=CARD_APPLICATION_PIPELINE] [step=NotificationStep] [rid=-] com.demo.outbox.api.NotificationClient             : Notification sent, id=NOTIF-001
2026-06-29 20:28:56.171  INFO [pool-5-thread-2] [cid=c4d20bf5-8dca-470c-9b7f-494f29b896c9] [pipe=CARD_APPLICATION_PIPELINE] [step=CardProviderRegisterStep] [rid=-] c.d.outbox.pipeline.step.CardProviderRegisterStep  : [Step 1] Provider registration complete, ref=PROV-REF-001
2026-06-29 20:28:56.171  INFO [pool-5-thread-1] [cid=c4d20bf5-8dca-470c-9b7f-494f29b896c9] [pipe=CARD_APPLICATION_PIPELINE] [step=NotificationStep] [rid=-] com.demo.outbox.pipeline.step.NotificationStep     : [Step 2] Notification sent, id=NOTIF-001
2026-06-29 20:28:56.172 DEBUG [pool-5-thread-2] [cid=c4d20bf5-8dca-470c-9b7f-494f29b896c9] [pipe=CARD_APPLICATION_PIPELINE] [step=CardProviderRegisterStep] [rid=-] com.demo.outbox.scheduler.OutboxStepExecutor       : Event ee28450a-6988-4214-b6c0-eba7682a95b6 concurrent update at step 1 — another pod owns it
2026-06-29 20:28:56.172 DEBUG [pool-5-thread-2] [cid=-] [pipe=-] [step=-] [rid=-] com.demo.outbox.scheduler.PipelineOutboxPoller     : Event ee28450a-6988-4214-b6c0-eba7682a95b6 had concurrent update — skipping, another pod owns it
2026-06-29 20:28:56.173  INFO [pool-5-thread-1] [cid=c4d20bf5-8dca-470c-9b7f-494f29b896c9] [pipe=CARD_APPLICATION_PIPELINE] [step=FinalDbUpdateStep] [rid=-] com.demo.outbox.scheduler.OutboxEventProcessor     : Pipeline [CARD_APPLICATION_PIPELINE] correlationId=c4d20bf5-8dca-470c-9b7f-494f29b896c9 → executing step 4/4 (FinalDbUpdateStep)
2026-06-29 20:28:56.174  INFO [pool-5-thread-1] [cid=c4d20bf5-8dca-470c-9b7f-494f29b896c9] [pipe=CARD_APPLICATION_PIPELINE] [step=FinalDbUpdateStep] [rid=-] com.demo.outbox.pipeline.step.FinalDbUpdateStep    : [Step 3] Finalising applicationId=c4d20bf5-8dca-470c-9b7f-494f29b896c9
2026-06-29 20:28:56.174  INFO [pool-5-thread-1] [cid=c4d20bf5-8dca-470c-9b7f-494f29b896c9] [pipe=CARD_APPLICATION_PIPELINE] [step=FinalDbUpdateStep] [rid=-] com.demo.outbox.pipeline.step.FinalDbUpdateStep    : [Step 3] Application c4d20bf5-8dca-470c-9b7f-494f29b896c9 marked COMPLETED
2026-06-29 20:28:56.176  INFO [pool-5-thread-1] [cid=c4d20bf5-8dca-470c-9b7f-494f29b896c9] [pipe=CARD_APPLICATION_PIPELINE] [step=FinalDbUpdateStep] [rid=-] com.demo.outbox.scheduler.OutboxEventProcessor     : Pipeline [CARD_APPLICATION_PIPELINE] COMPLETED for correlationId=c4d20bf5-8dca-470c-9b7f-494f29b896c9
]]></system-out>
  </testcase>
  <testcase name="findPendingForProcessing_skipLocked_secondPollerGetsNoEvents" classname="com.demo.outbox.ConcurrentOutboxIT" time="0.014"/>
  <testcase name="optimisticLock_staleEntitySave_throwsOptimisticLockingFailureException" classname="com.demo.outbox.ConcurrentOutboxIT" time="0.01"/>
</testsuite>