<?xml version="1.0" encoding="UTF-8"?>
<testsuite xmlns:xsi="http://www.w3.org/2001/XMLSchema-instance" xsi:noNamespaceSchemaLocation="https://maven.apache.org/surefire/maven-surefire-plugin/xsd/surefire-test-report-3.0.xsd" version="3.0" name="com.demo.outbox.CardApplicationIntegrationTest" time="3.725" tests="7" errors="0" skipped="0" failures="0">
  <properties>
[...]
</properties>
  <testcase name="step0Fails_eventStaysPendingWithIncrementedRetryCount" classname="com.demo.outbox.CardApplicationIntegrationTest" time="0.497">
    <system-out><![CDATA[20:28:47.569 [main] INFO org.springframework.test.context.support.AnnotationConfigContextLoaderUtils -- Could not detect default configuration classes for test class [com.demo.outbox.CardApplicationIntegrationTest]: CardApplicationIntegrationTest does not declare any static, non-private, non-final, nested classes annotated with @Configuration.
20:28:47.652 [main] INFO org.springframework.boot.test.context.SpringBootTestContextBootstrapper -- Found @SpringBootConfiguration com.demo.outbox.OutboxDemoApplication for test class com.demo.outbox.CardApplicationIntegrationTest

  .   ____          _            __ _ _
 /\\ / ___'_ __ _ _(_)_ __  __ _ \ \ \ \
( ( )\___ | '_ | '_| | '_ \/ _` | \ \ \ \
 \\/  ___)| |_)| | | | | || (_| |  ) ) ) )
  '  |____| .__|_| |_|_| |_\__, | / / / /
 =========|_|==============|___/=/_/_/_/
 :: Spring Boot ::                (v3.2.0)

2026-06-29 20:28:48.379  INFO [background-preinit] [cid=-] [pipe=-] [step=-] [rid=-] org.hibernate.validator.internal.util.Version      : HV000001: Hibernate Validator 8.0.1.Final
2026-06-29 20:28:48.402  INFO [main] [cid=-] [pipe=-] [step=-] [rid=-] com.demo.outbox.CardApplicationIntegrationTest     : Starting CardApplicationIntegrationTest using Java 21.0.10 with PID 22186 (started by m9rcy in /Users/m9rcy/dev/spring/outbox-demo)
2026-06-29 20:28:48.402 DEBUG [main] [cid=-] [pipe=-] [step=-] [rid=-] com.demo.outbox.CardApplicationIntegrationTest     : Running with Spring Boot v3.2.0, Spring v6.1.1
2026-06-29 20:28:48.402  INFO [main] [cid=-] [pipe=-] [step=-] [rid=-] com.demo.outbox.CardApplicationIntegrationTest     : The following 1 profile is active: "test"
2026-06-29 20:28:48.973  INFO [main] [cid=-] [pipe=-] [step=-] [rid=-] org.apache.coyote.http11.Http11NioProtocol         : Initializing ProtocolHandler ["http-nio-auto-1"]
2026-06-29 20:28:48.974  INFO [main] [cid=-] [pipe=-] [step=-] [rid=-] org.apache.catalina.core.StandardService           : Starting service [Tomcat]
2026-06-29 20:28:48.974  INFO [main] [cid=-] [pipe=-] [step=-] [rid=-] org.apache.catalina.core.StandardEngine            : Starting Servlet engine: [Apache Tomcat/10.1.16]
2026-06-29 20:28:48.999  INFO [main] [cid=-] [pipe=-] [step=-] [rid=-] o.a.c.core.ContainerBase.[Tomcat].[localhost].[/]  : Initializing Spring embedded WebApplicationContext
2026-06-29 20:28:49.054  INFO [main] [cid=-] [pipe=-] [step=-] [rid=-] com.zaxxer.hikari.HikariDataSource                 : HikariPool-1 - Starting...
2026-06-29 20:28:49.206  INFO [main] [cid=-] [pipe=-] [step=-] [rid=-] com.zaxxer.hikari.pool.HikariPool                  : HikariPool-1 - Added connection conn0: url=jdbc:h2:mem:testdb user=SA
2026-06-29 20:28:49.206  INFO [main] [cid=-] [pipe=-] [step=-] [rid=-] com.zaxxer.hikari.HikariDataSource                 : HikariPool-1 - Start completed.
2026-06-29 20:28:49.241  INFO [main] [cid=-] [pipe=-] [step=-] [rid=-] org.flywaydb.core.internal.license.VersionPrinter  : Flyway Community Edition 9.22.3 by Redgate
2026-06-29 20:28:49.241  INFO [main] [cid=-] [pipe=-] [step=-] [rid=-] org.flywaydb.core.internal.license.VersionPrinter  : See release notes here: https://rd.gt/416ObMi
2026-06-29 20:28:49.241  INFO [main] [cid=-] [pipe=-] [step=-] [rid=-] org.flywaydb.core.internal.license.VersionPrinter  : 
2026-06-29 20:28:49.269  INFO [main] [cid=-] [pipe=-] [step=-] [rid=-] org.flywaydb.core.FlywayExecutor                   : Database: jdbc:h2:mem:testdb (H2 2.2)
2026-06-29 20:28:49.271  WARN [main] [cid=-] [pipe=-] [step=-] [rid=-] org.flywaydb.core.internal.database.base.Database  : Flyway upgrade recommended: H2 2.2.224 is newer than this version of Flyway and support has not been tested. The latest supported version of H2 is 2.2.220.
2026-06-29 20:28:49.279  INFO [main] [cid=-] [pipe=-] [step=-] [rid=-] o.f.c.i.schemahistory.JdbcTableSchemaHistory       : Schema history table "PUBLIC"."flyway_schema_history" does not exist yet
2026-06-29 20:28:49.280  INFO [main] [cid=-] [pipe=-] [step=-] [rid=-] org.flywaydb.core.internal.command.DbValidate      : Successfully validated 1 migration (execution time 00:00.005s)
2026-06-29 20:28:49.284  INFO [main] [cid=-] [pipe=-] [step=-] [rid=-] o.f.c.i.schemahistory.JdbcTableSchemaHistory       : Creating Schema History table "PUBLIC"."flyway_schema_history" ...
2026-06-29 20:28:49.296  INFO [main] [cid=-] [pipe=-] [step=-] [rid=-] org.flywaydb.core.internal.command.DbMigrate       : Current version of schema "PUBLIC": << Empty Schema >>
2026-06-29 20:28:49.299  INFO [main] [cid=-] [pipe=-] [step=-] [rid=-] org.flywaydb.core.internal.command.DbMigrate       : Migrating schema "PUBLIC" to version "1 - init"
2026-06-29 20:28:49.305  INFO [main] [cid=-] [pipe=-] [step=-] [rid=-] org.flywaydb.core.internal.command.DbMigrate       : Successfully applied 1 migration to schema "PUBLIC", now at version v1 (execution time 00:00.002s)
2026-06-29 20:28:49.344  INFO [main] [cid=-] [pipe=-] [step=-] [rid=-] org.hibernate.jpa.internal.util.LogHelper          : HHH000204: Processing PersistenceUnitInfo [name: default]
2026-06-29 20:28:49.377  INFO [main] [cid=-] [pipe=-] [step=-] [rid=-] org.hibernate.Version                              : HHH000412: Hibernate ORM core version 6.3.1.Final
2026-06-29 20:28:49.394  INFO [main] [cid=-] [pipe=-] [step=-] [rid=-] o.hibernate.cache.internal.RegionFactoryInitiator  : HHH000026: Second-level cache disabled
2026-06-29 20:28:49.536  WARN [main] [cid=-] [pipe=-] [step=-] [rid=-] org.hibernate.orm.deprecation                      : HHH90000025: H2Dialect does not need to be specified explicitly using 'hibernate.dialect' (remove the property setting and it will be selected by default)
2026-06-29 20:28:49.955  INFO [main] [cid=-] [pipe=-] [step=-] [rid=-] o.h.e.t.jta.platform.internal.JtaPlatformInitiator : HHH000489: No JTA platform available (set 'hibernate.transaction.jta.platform' to enable JTA platform integration)
2026-06-29 20:28:50.295  INFO [main] [cid=-] [pipe=-] [step=-] [rid=-] com.demo.outbox.pipeline.PipelineRegistry          : Pipeline registered: [CARD_APPLICATION_PIPELINE] with 4 steps: 0:CreditBureauCheckStep, 1:CardProviderRegisterStep, 2:NotificationStep, 3:FinalDbUpdateStep
2026-06-29 20:28:50.346  WARN [main] [cid=-] [pipe=-] [step=-] [rid=-] o.s.b.a.o.j.JpaBaseConfiguration$JpaWebConfiguration : spring.jpa.open-in-view is enabled by default. Therefore, database queries may be performed during view rendering. Explicitly configure spring.jpa.open-in-view to disable this warning
2026-06-29 20:28:50.500  INFO [main] [cid=-] [pipe=-] [step=-] [rid=-] org.apache.coyote.http11.Http11NioProtocol         : Starting ProtocolHandler ["http-nio-auto-1"]
2026-06-29 20:28:50.509  INFO [main] [cid=-] [pipe=-] [step=-] [rid=-] com.demo.outbox.CardApplicationIntegrationTest     : Started CardApplicationIntegrationTest in 2.296 seconds (process running for 3.385)
Hibernate: select oe1_0.id,oe1_0.correlation_id,oe1_0.created_at,oe1_0.current_step,oe1_0.last_error,oe1_0.payload,oe1_0.pipeline_type,oe1_0.processed_at,oe1_0.retry_count,oe1_0.status,oe1_0.total_steps,oe1_0.version from outbox_event oe1_0 where oe1_0.status='PENDING' order by oe1_0.created_at fetch first ? rows only for update
Hibernate: select oe1_0.id,oe1_0.correlation_id,oe1_0.created_at,oe1_0.current_step,oe1_0.last_error,oe1_0.payload,oe1_0.pipeline_type,oe1_0.processed_at,oe1_0.retry_count,oe1_0.status,oe1_0.total_steps,oe1_0.version from outbox_event oe1_0
Hibernate: select ca1_0.id,ca1_0.annual_income,ca1_0.applicant_name,ca1_0.created_at,ca1_0.credit_score,ca1_0.email,ca1_0.notification_id,ca1_0.provider_ref,ca1_0.status,ca1_0.updated_at from card_application ca1_0
2026-06-29 20:28:50.835 DEBUG [main] [cid=-] [pipe=-] [step=-] [rid=-] com.demo.outbox.service.OutboxService              : Outbox event created id=4dbf7e7f-a642-421b-b0bf-518173cf95b3 pipeline=CARD_APPLICATION_PIPELINE correlationId=ce37be18-46b1-4421-9f33-3e589bf62422
2026-06-29 20:28:50.835  INFO [main] [cid=-] [pipe=-] [step=-] [rid=-] com.demo.outbox.service.CardApplicationService     : Application ce37be18-46b1-4421-9f33-3e589bf62422 submitted for dan@example.com, pipeline queued
Hibernate: insert into card_application (annual_income,applicant_name,created_at,credit_score,email,notification_id,provider_ref,status,updated_at,id) values (?,?,?,?,?,?,?,?,?,?)
Hibernate: insert into outbox_event (correlation_id,created_at,current_step,last_error,payload,pipeline_type,processed_at,retry_count,status,total_steps,version,id) values (?,?,?,?,?,?,?,?,?,?,?,?)
Hibernate: select oe1_0.id,oe1_0.correlation_id,oe1_0.created_at,oe1_0.current_step,oe1_0.last_error,oe1_0.payload,oe1_0.pipeline_type,oe1_0.processed_at,oe1_0.retry_count,oe1_0.status,oe1_0.total_steps,oe1_0.version from outbox_event oe1_0 where oe1_0.status='PENDING' order by oe1_0.created_at fetch first ? rows only for update
2026-06-29 20:28:50.859 DEBUG [main] [cid=-] [pipe=-] [step=-] [rid=-] com.demo.outbox.scheduler.PipelineOutboxPoller     : Outbox poll: found 1 PENDING event(s)
Hibernate: select oe1_0.id,oe1_0.correlation_id,oe1_0.created_at,oe1_0.current_step,oe1_0.last_error,oe1_0.payload,oe1_0.pipeline_type,oe1_0.processed_at,oe1_0.retry_count,oe1_0.status,oe1_0.total_steps,oe1_0.version from outbox_event oe1_0 where oe1_0.id=?
2026-06-29 20:28:50.863  INFO [main] [cid=ce37be18-46b1-4421-9f33-3e589bf62422] [pipe=CARD_APPLICATION_PIPELINE] [step=CreditBureauCheckStep] [rid=-] com.demo.outbox.scheduler.OutboxEventProcessor     : Pipeline [CARD_APPLICATION_PIPELINE] correlationId=ce37be18-46b1-4421-9f33-3e589bf62422 → executing step 1/4 (CreditBureauCheckStep)
Hibernate: select oe1_0.id,oe1_0.correlation_id,oe1_0.created_at,oe1_0.current_step,oe1_0.last_error,oe1_0.payload,oe1_0.pipeline_type,oe1_0.processed_at,oe1_0.retry_count,oe1_0.status,oe1_0.total_steps,oe1_0.version from outbox_event oe1_0 where oe1_0.id=?
2026-06-29 20:28:50.876  INFO [main] [cid=ce37be18-46b1-4421-9f33-3e589bf62422] [pipe=CARD_APPLICATION_PIPELINE] [step=CreditBureauCheckStep] [rid=-] c.demo.outbox.pipeline.step.CreditBureauCheckStep  : [Step 0] Checking credit for applicationId=ce37be18-46b1-4421-9f33-3e589bf62422
2026-06-29 20:28:50.877 DEBUG [main] [cid=ce37be18-46b1-4421-9f33-3e589bf62422] [pipe=CARD_APPLICATION_PIPELINE] [step=CreditBureauCheckStep] [rid=-] com.demo.outbox.api.CreditBureauClient             : Calling credit bureau for applicant=Dan Brown
2026-06-29 20:28:50.970  WARN [main] [cid=ce37be18-46b1-4421-9f33-3e589bf62422] [pipe=CARD_APPLICATION_PIPELINE] [step=CreditBureauCheckStep] [rid=-] com.demo.outbox.scheduler.OutboxStepExecutor       : Pipeline [CARD_APPLICATION_PIPELINE] step 0 failed (attempt 1/3): 500 Server Error: [no body]
Hibernate: update outbox_event set correlation_id=?,created_at=?,current_step=?,last_error=?,payload=?,pipeline_type=?,processed_at=?,retry_count=?,status=?,total_steps=?,version=? where id=? and version=?
2026-06-29 20:28:50.975  INFO [main] [cid=ce37be18-46b1-4421-9f33-3e589bf62422] [pipe=CARD_APPLICATION_PIPELINE] [step=CreditBureauCheckStep] [rid=-] com.demo.outbox.scheduler.OutboxEventProcessor     : Pipeline [CARD_APPLICATION_PIPELINE] halted at step 1 for correlationId=ce37be18-46b1-4421-9f33-3e589bf62422
Hibernate: select oe1_0.id,oe1_0.correlation_id,oe1_0.created_at,oe1_0.current_step,oe1_0.last_error,oe1_0.payload,oe1_0.pipeline_type,oe1_0.processed_at,oe1_0.retry_count,oe1_0.status,oe1_0.total_steps,oe1_0.version from outbox_event oe1_0
]]></system-out>
    <system-err><![CDATA[WARNING: A Java agent has been loaded dynamically (/Users/m9rcy/.m2/repository/net/bytebuddy/byte-buddy-agent/1.14.10/byte-buddy-agent-1.14.10.jar)
WARNING: If a serviceability tool is in use, please run with -XX:+EnableDynamicAgentLoading to hide this warning
WARNING: If a serviceability tool is not in use, please run with -Djdk.instrument.traceUsage for more information
WARNING: Dynamic loading of agents will be disallowed by default in a future release
]]></system-err>
  </testcase>
  <testcase name="step1Fails_step0NotReExecutedOnRetry" classname="com.demo.outbox.CardApplicationIntegrationTest" time="0.049">
    <system-out><![CDATA[Hibernate: select oe1_0.id,oe1_0.correlation_id,oe1_0.created_at,oe1_0.current_step,oe1_0.last_error,oe1_0.payload,oe1_0.pipeline_type,oe1_0.processed_at,oe1_0.retry_count,oe1_0.status,oe1_0.total_steps,oe1_0.version from outbox_event oe1_0
Hibernate: delete from outbox_event where id=? and version=?
Hibernate: select ca1_0.id,ca1_0.annual_income,ca1_0.applicant_name,ca1_0.created_at,ca1_0.credit_score,ca1_0.email,ca1_0.notification_id,ca1_0.provider_ref,ca1_0.status,ca1_0.updated_at from card_application ca1_0
Hibernate: delete from card_application where id=?
2026-06-29 20:28:51.016 DEBUG [main] [cid=-] [pipe=-] [step=-] [rid=-] com.demo.outbox.service.OutboxService              : Outbox event created id=0ec613ba-4ac5-472b-9002-493a0949de87 pipeline=CARD_APPLICATION_PIPELINE correlationId=05ef38be-5f6c-43ae-9fbd-9e8883c409ee
2026-06-29 20:28:51.016  INFO [main] [cid=-] [pipe=-] [step=-] [rid=-] com.demo.outbox.service.CardApplicationService     : Application 05ef38be-5f6c-43ae-9fbd-9e8883c409ee submitted for eve@example.com, pipeline queued
Hibernate: insert into card_application (annual_income,applicant_name,created_at,credit_score,email,notification_id,provider_ref,status,updated_at,id) values (?,?,?,?,?,?,?,?,?,?)
Hibernate: insert into outbox_event (correlation_id,created_at,current_step,last_error,payload,pipeline_type,processed_at,retry_count,status,total_steps,version,id) values (?,?,?,?,?,?,?,?,?,?,?,?)
Hibernate: select oe1_0.id,oe1_0.correlation_id,oe1_0.created_at,oe1_0.current_step,oe1_0.last_error,oe1_0.payload,oe1_0.pipeline_type,oe1_0.processed_at,oe1_0.retry_count,oe1_0.status,oe1_0.total_steps,oe1_0.version from outbox_event oe1_0 where oe1_0.status='PENDING' order by oe1_0.created_at fetch first ? rows only for update
2026-06-29 20:28:51.019 DEBUG [main] [cid=-] [pipe=-] [step=-] [rid=-] com.demo.outbox.scheduler.PipelineOutboxPoller     : Outbox poll: found 1 PENDING event(s)
Hibernate: select oe1_0.id,oe1_0.correlation_id,oe1_0.created_at,oe1_0.current_step,oe1_0.last_error,oe1_0.payload,oe1_0.pipeline_type,oe1_0.processed_at,oe1_0.retry_count,oe1_0.status,oe1_0.total_steps,oe1_0.version from outbox_event oe1_0 where oe1_0.id=?
2026-06-29 20:28:51.019  INFO [main] [cid=05ef38be-5f6c-43ae-9fbd-9e8883c409ee] [pipe=CARD_APPLICATION_PIPELINE] [step=CreditBureauCheckStep] [rid=-] com.demo.outbox.scheduler.OutboxEventProcessor     : Pipeline [CARD_APPLICATION_PIPELINE] correlationId=05ef38be-5f6c-43ae-9fbd-9e8883c409ee → executing step 1/4 (CreditBureauCheckStep)
Hibernate: select oe1_0.id,oe1_0.correlation_id,oe1_0.created_at,oe1_0.current_step,oe1_0.last_error,oe1_0.payload,oe1_0.pipeline_type,oe1_0.processed_at,oe1_0.retry_count,oe1_0.status,oe1_0.total_steps,oe1_0.version from outbox_event oe1_0 where oe1_0.id=?
2026-06-29 20:28:51.020  INFO [main] [cid=05ef38be-5f6c-43ae-9fbd-9e8883c409ee] [pipe=CARD_APPLICATION_PIPELINE] [step=CreditBureauCheckStep] [rid=-] c.demo.outbox.pipeline.step.CreditBureauCheckStep  : [Step 0] Checking credit for applicationId=05ef38be-5f6c-43ae-9fbd-9e8883c409ee
2026-06-29 20:28:51.020 DEBUG [main] [cid=05ef38be-5f6c-43ae-9fbd-9e8883c409ee] [pipe=CARD_APPLICATION_PIPELINE] [step=CreditBureauCheckStep] [rid=-] com.demo.outbox.api.CreditBureauClient             : Calling credit bureau for applicant=Eve Davis
2026-06-29 20:28:51.029 DEBUG [main] [cid=05ef38be-5f6c-43ae-9fbd-9e8883c409ee] [pipe=CARD_APPLICATION_PIPELINE] [step=CreditBureauCheckStep] [rid=-] com.demo.outbox.api.CreditBureauClient             : Credit bureau returned score=700 for applicant=Eve Davis
Hibernate: select ca1_0.id,ca1_0.annual_income,ca1_0.applicant_name,ca1_0.created_at,ca1_0.credit_score,ca1_0.email,ca1_0.notification_id,ca1_0.provider_ref,ca1_0.status,ca1_0.updated_at from card_application ca1_0 where ca1_0.id=?
2026-06-29 20:28:51.030  INFO [main] [cid=05ef38be-5f6c-43ae-9fbd-9e8883c409ee] [pipe=CARD_APPLICATION_PIPELINE] [step=CreditBureauCheckStep] [rid=-] c.demo.outbox.pipeline.step.CreditBureauCheckStep  : [Step 0] Credit check complete, score=700
Hibernate: update outbox_event set correlation_id=?,created_at=?,current_step=?,last_error=?,payload=?,pipeline_type=?,processed_at=?,retry_count=?,status=?,total_steps=?,version=? where id=? and version=?
Hibernate: update card_application set annual_income=?,applicant_name=?,created_at=?,credit_score=?,email=?,notification_id=?,provider_ref=?,status=?,updated_at=? where id=?
2026-06-29 20:28:51.033  INFO [main] [cid=05ef38be-5f6c-43ae-9fbd-9e8883c409ee] [pipe=CARD_APPLICATION_PIPELINE] [step=CardProviderRegisterStep] [rid=-] com.demo.outbox.scheduler.OutboxEventProcessor     : Pipeline [CARD_APPLICATION_PIPELINE] correlationId=05ef38be-5f6c-43ae-9fbd-9e8883c409ee → executing step 2/4 (CardProviderRegisterStep)
Hibernate: select oe1_0.id,oe1_0.correlation_id,oe1_0.created_at,oe1_0.current_step,oe1_0.last_error,oe1_0.payload,oe1_0.pipeline_type,oe1_0.processed_at,oe1_0.retry_count,oe1_0.status,oe1_0.total_steps,oe1_0.version from outbox_event oe1_0 where oe1_0.id=?
2026-06-29 20:28:51.033  INFO [main] [cid=05ef38be-5f6c-43ae-9fbd-9e8883c409ee] [pipe=CARD_APPLICATION_PIPELINE] [step=CardProviderRegisterStep] [rid=-] c.d.outbox.pipeline.step.CardProviderRegisterStep  : [Step 1] Registering applicationId=05ef38be-5f6c-43ae-9fbd-9e8883c409ee with card provider
2026-06-29 20:28:51.034 DEBUG [main] [cid=05ef38be-5f6c-43ae-9fbd-9e8883c409ee] [pipe=CARD_APPLICATION_PIPELINE] [step=CardProviderRegisterStep] [rid=-] com.demo.outbox.api.CardProviderClient             : Registering application=05ef38be-5f6c-43ae-9fbd-9e8883c409ee with card provider
2026-06-29 20:28:51.037  WARN [main] [cid=05ef38be-5f6c-43ae-9fbd-9e8883c409ee] [pipe=CARD_APPLICATION_PIPELINE] [step=CardProviderRegisterStep] [rid=-] com.demo.outbox.scheduler.OutboxStepExecutor       : Pipeline [CARD_APPLICATION_PIPELINE] step 1 failed (attempt 1/3): 500 Server Error: [no body]
Hibernate: update outbox_event set correlation_id=?,created_at=?,current_step=?,last_error=?,payload=?,pipeline_type=?,processed_at=?,retry_count=?,status=?,total_steps=?,version=? where id=? and version=?
2026-06-29 20:28:51.037  INFO [main] [cid=05ef38be-5f6c-43ae-9fbd-9e8883c409ee] [pipe=CARD_APPLICATION_PIPELINE] [step=CardProviderRegisterStep] [rid=-] com.demo.outbox.scheduler.OutboxEventProcessor     : Pipeline [CARD_APPLICATION_PIPELINE] halted at step 2 for correlationId=05ef38be-5f6c-43ae-9fbd-9e8883c409ee
Hibernate: select oe1_0.id,oe1_0.correlation_id,oe1_0.created_at,oe1_0.current_step,oe1_0.last_error,oe1_0.payload,oe1_0.pipeline_type,oe1_0.processed_at,oe1_0.retry_count,oe1_0.status,oe1_0.total_steps,oe1_0.version from outbox_event oe1_0
Hibernate: select oe1_0.id,oe1_0.correlation_id,oe1_0.created_at,oe1_0.current_step,oe1_0.last_error,oe1_0.payload,oe1_0.pipeline_type,oe1_0.processed_at,oe1_0.retry_count,oe1_0.status,oe1_0.total_steps,oe1_0.version from outbox_event oe1_0 where oe1_0.status='PENDING' order by oe1_0.created_at fetch first ? rows only for update
2026-06-29 20:28:51.040 DEBUG [main] [cid=-] [pipe=-] [step=-] [rid=-] com.demo.outbox.scheduler.PipelineOutboxPoller     : Outbox poll: found 1 PENDING event(s)
Hibernate: select oe1_0.id,oe1_0.correlation_id,oe1_0.created_at,oe1_0.current_step,oe1_0.last_error,oe1_0.payload,oe1_0.pipeline_type,oe1_0.processed_at,oe1_0.retry_count,oe1_0.status,oe1_0.total_steps,oe1_0.version from outbox_event oe1_0 where oe1_0.id=?
2026-06-29 20:28:51.041  INFO [main] [cid=05ef38be-5f6c-43ae-9fbd-9e8883c409ee] [pipe=CARD_APPLICATION_PIPELINE] [step=CardProviderRegisterStep] [rid=-] com.demo.outbox.scheduler.OutboxEventProcessor     : Pipeline [CARD_APPLICATION_PIPELINE] correlationId=05ef38be-5f6c-43ae-9fbd-9e8883c409ee → executing step 2/4 (CardProviderRegisterStep)
Hibernate: select oe1_0.id,oe1_0.correlation_id,oe1_0.created_at,oe1_0.current_step,oe1_0.last_error,oe1_0.payload,oe1_0.pipeline_type,oe1_0.processed_at,oe1_0.retry_count,oe1_0.status,oe1_0.total_steps,oe1_0.version from outbox_event oe1_0 where oe1_0.id=?
2026-06-29 20:28:51.042  INFO [main] [cid=05ef38be-5f6c-43ae-9fbd-9e8883c409ee] [pipe=CARD_APPLICATION_PIPELINE] [step=CardProviderRegisterStep] [rid=-] c.d.outbox.pipeline.step.CardProviderRegisterStep  : [Step 1] Registering applicationId=05ef38be-5f6c-43ae-9fbd-9e8883c409ee with card provider
2026-06-29 20:28:51.042 DEBUG [main] [cid=05ef38be-5f6c-43ae-9fbd-9e8883c409ee] [pipe=CARD_APPLICATION_PIPELINE] [step=CardProviderRegisterStep] [rid=-] com.demo.outbox.api.CardProviderClient             : Registering application=05ef38be-5f6c-43ae-9fbd-9e8883c409ee with card provider
2026-06-29 20:28:51.044 DEBUG [main] [cid=05ef38be-5f6c-43ae-9fbd-9e8883c409ee] [pipe=CARD_APPLICATION_PIPELINE] [step=CardProviderRegisterStep] [rid=-] com.demo.outbox.api.CardProviderClient             : Card provider returned providerRef=PROV-RETRY-001
Hibernate: select ca1_0.id,ca1_0.annual_income,ca1_0.applicant_name,ca1_0.created_at,ca1_0.credit_score,ca1_0.email,ca1_0.notification_id,ca1_0.provider_ref,ca1_0.status,ca1_0.updated_at from card_application ca1_0 where ca1_0.id=?
2026-06-29 20:28:51.045  INFO [main] [cid=05ef38be-5f6c-43ae-9fbd-9e8883c409ee] [pipe=CARD_APPLICATION_PIPELINE] [step=CardProviderRegisterStep] [rid=-] c.d.outbox.pipeline.step.CardProviderRegisterStep  : [Step 1] Provider registration complete, ref=PROV-RETRY-001
Hibernate: update outbox_event set correlation_id=?,created_at=?,current_step=?,last_error=?,payload=?,pipeline_type=?,processed_at=?,retry_count=?,status=?,total_steps=?,version=? where id=? and version=?
Hibernate: update card_application set annual_income=?,applicant_name=?,created_at=?,credit_score=?,email=?,notification_id=?,provider_ref=?,status=?,updated_at=? where id=?
2026-06-29 20:28:51.046  INFO [main] [cid=05ef38be-5f6c-43ae-9fbd-9e8883c409ee] [pipe=CARD_APPLICATION_PIPELINE] [step=NotificationStep] [rid=-] com.demo.outbox.scheduler.OutboxEventProcessor     : Pipeline [CARD_APPLICATION_PIPELINE] correlationId=05ef38be-5f6c-43ae-9fbd-9e8883c409ee → executing step 3/4 (NotificationStep)
Hibernate: select oe1_0.id,oe1_0.correlation_id,oe1_0.created_at,oe1_0.current_step,oe1_0.last_error,oe1_0.payload,oe1_0.pipeline_type,oe1_0.processed_at,oe1_0.retry_count,oe1_0.status,oe1_0.total_steps,oe1_0.version from outbox_event oe1_0 where oe1_0.id=?
2026-06-29 20:28:51.047  INFO [main] [cid=05ef38be-5f6c-43ae-9fbd-9e8883c409ee] [pipe=CARD_APPLICATION_PIPELINE] [step=NotificationStep] [rid=-] com.demo.outbox.pipeline.step.NotificationStep     : [Step 2] Sending notification to email=eve@example.com
2026-06-29 20:28:51.047 DEBUG [main] [cid=05ef38be-5f6c-43ae-9fbd-9e8883c409ee] [pipe=CARD_APPLICATION_PIPELINE] [step=NotificationStep] [rid=-] com.demo.outbox.api.NotificationClient             : Sending notification to email=eve@example.com
2026-06-29 20:28:51.050 DEBUG [main] [cid=05ef38be-5f6c-43ae-9fbd-9e8883c409ee] [pipe=CARD_APPLICATION_PIPELINE] [step=NotificationStep] [rid=-] com.demo.outbox.api.NotificationClient             : Notification sent, id=NOTIF-RETRY-001
Hibernate: select ca1_0.id,ca1_0.annual_income,ca1_0.applicant_name,ca1_0.created_at,ca1_0.credit_score,ca1_0.email,ca1_0.notification_id,ca1_0.provider_ref,ca1_0.status,ca1_0.updated_at from card_application ca1_0 where ca1_0.id=?
2026-06-29 20:28:51.050  INFO [main] [cid=05ef38be-5f6c-43ae-9fbd-9e8883c409ee] [pipe=CARD_APPLICATION_PIPELINE] [step=NotificationStep] [rid=-] com.demo.outbox.pipeline.step.NotificationStep     : [Step 2] Notification sent, id=NOTIF-RETRY-001
Hibernate: update outbox_event set correlation_id=?,created_at=?,current_step=?,last_error=?,payload=?,pipeline_type=?,processed_at=?,retry_count=?,status=?,total_steps=?,version=? where id=? and version=?
Hibernate: update card_application set annual_income=?,applicant_name=?,created_at=?,credit_score=?,email=?,notification_id=?,provider_ref=?,status=?,updated_at=? where id=?
2026-06-29 20:28:51.052  INFO [main] [cid=05ef38be-5f6c-43ae-9fbd-9e8883c409ee] [pipe=CARD_APPLICATION_PIPELINE] [step=FinalDbUpdateStep] [rid=-] com.demo.outbox.scheduler.OutboxEventProcessor     : Pipeline [CARD_APPLICATION_PIPELINE] correlationId=05ef38be-5f6c-43ae-9fbd-9e8883c409ee → executing step 4/4 (FinalDbUpdateStep)
Hibernate: select oe1_0.id,oe1_0.correlation_id,oe1_0.created_at,oe1_0.current_step,oe1_0.last_error,oe1_0.payload,oe1_0.pipeline_type,oe1_0.processed_at,oe1_0.retry_count,oe1_0.status,oe1_0.total_steps,oe1_0.version from outbox_event oe1_0 where oe1_0.id=?
2026-06-29 20:28:51.052  INFO [main] [cid=05ef38be-5f6c-43ae-9fbd-9e8883c409ee] [pipe=CARD_APPLICATION_PIPELINE] [step=FinalDbUpdateStep] [rid=-] com.demo.outbox.pipeline.step.FinalDbUpdateStep    : [Step 3] Finalising applicationId=05ef38be-5f6c-43ae-9fbd-9e8883c409ee
Hibernate: select ca1_0.id,ca1_0.annual_income,ca1_0.applicant_name,ca1_0.created_at,ca1_0.credit_score,ca1_0.email,ca1_0.notification_id,ca1_0.provider_ref,ca1_0.status,ca1_0.updated_at from card_application ca1_0 where ca1_0.id=?
2026-06-29 20:28:51.053  INFO [main] [cid=05ef38be-5f6c-43ae-9fbd-9e8883c409ee] [pipe=CARD_APPLICATION_PIPELINE] [step=FinalDbUpdateStep] [rid=-] com.demo.outbox.pipeline.step.FinalDbUpdateStep    : [Step 3] Application 05ef38be-5f6c-43ae-9fbd-9e8883c409ee marked COMPLETED
Hibernate: update outbox_event set correlation_id=?,created_at=?,current_step=?,last_error=?,payload=?,pipeline_type=?,processed_at=?,retry_count=?,status=?,total_steps=?,version=? where id=? and version=?
Hibernate: update card_application set annual_income=?,applicant_name=?,created_at=?,credit_score=?,email=?,notification_id=?,provider_ref=?,status=?,updated_at=? where id=?
2026-06-29 20:28:51.054  INFO [main] [cid=05ef38be-5f6c-43ae-9fbd-9e8883c409ee] [pipe=CARD_APPLICATION_PIPELINE] [step=FinalDbUpdateStep] [rid=-] com.demo.outbox.scheduler.OutboxEventProcessor     : Pipeline [CARD_APPLICATION_PIPELINE] COMPLETED for correlationId=05ef38be-5f6c-43ae-9fbd-9e8883c409ee
Hibernate: select oe1_0.id,oe1_0.correlation_id,oe1_0.created_at,oe1_0.current_step,oe1_0.last_error,oe1_0.payload,oe1_0.pipeline_type,oe1_0.processed_at,oe1_0.retry_count,oe1_0.status,oe1_0.total_steps,oe1_0.version from outbox_event oe1_0
Hibernate: select ca1_0.id,ca1_0.annual_income,ca1_0.applicant_name,ca1_0.created_at,ca1_0.credit_score,ca1_0.email,ca1_0.notification_id,ca1_0.provider_ref,ca1_0.status,ca1_0.updated_at from card_application ca1_0 where ca1_0.id=?
]]></system-out>
  </testcase>
  <testcase name="statusProgression_entityStatusAdvancesWithEachStep" classname="com.demo.outbox.CardApplicationIntegrationTest" time="0.025">
    <system-out><![CDATA[Hibernate: select oe1_0.id,oe1_0.correlation_id,oe1_0.created_at,oe1_0.current_step,oe1_0.last_error,oe1_0.payload,oe1_0.pipeline_type,oe1_0.processed_at,oe1_0.retry_count,oe1_0.status,oe1_0.total_steps,oe1_0.version from outbox_event oe1_0
Hibernate: delete from outbox_event where id=? and version=?
Hibernate: select ca1_0.id,ca1_0.annual_income,ca1_0.applicant_name,ca1_0.created_at,ca1_0.credit_score,ca1_0.email,ca1_0.notification_id,ca1_0.provider_ref,ca1_0.status,ca1_0.updated_at from card_application ca1_0
Hibernate: delete from card_application where id=?
2026-06-29 20:28:51.062 DEBUG [main] [cid=-] [pipe=-] [step=-] [rid=-] com.demo.outbox.service.OutboxService              : Outbox event created id=c5128807-c65d-49bd-b440-cccf5d92a5e2 pipeline=CARD_APPLICATION_PIPELINE correlationId=1e51a0c0-7a01-473a-8978-1e4642ea1616
2026-06-29 20:28:51.063  INFO [main] [cid=-] [pipe=-] [step=-] [rid=-] com.demo.outbox.service.CardApplicationService     : Application 1e51a0c0-7a01-473a-8978-1e4642ea1616 submitted for carol@example.com, pipeline queued
Hibernate: insert into card_application (annual_income,applicant_name,created_at,credit_score,email,notification_id,provider_ref,status,updated_at,id) values (?,?,?,?,?,?,?,?,?,?)
Hibernate: insert into outbox_event (correlation_id,created_at,current_step,last_error,payload,pipeline_type,processed_at,retry_count,status,total_steps,version,id) values (?,?,?,?,?,?,?,?,?,?,?,?)
Hibernate: select ca1_0.id,ca1_0.annual_income,ca1_0.applicant_name,ca1_0.created_at,ca1_0.credit_score,ca1_0.email,ca1_0.notification_id,ca1_0.provider_ref,ca1_0.status,ca1_0.updated_at from card_application ca1_0 where ca1_0.id=?
Hibernate: select oe1_0.id,oe1_0.correlation_id,oe1_0.created_at,oe1_0.current_step,oe1_0.last_error,oe1_0.payload,oe1_0.pipeline_type,oe1_0.processed_at,oe1_0.retry_count,oe1_0.status,oe1_0.total_steps,oe1_0.version from outbox_event oe1_0 where oe1_0.status='PENDING' order by oe1_0.created_at fetch first ? rows only for update
2026-06-29 20:28:51.065 DEBUG [main] [cid=-] [pipe=-] [step=-] [rid=-] com.demo.outbox.scheduler.PipelineOutboxPoller     : Outbox poll: found 1 PENDING event(s)
Hibernate: select oe1_0.id,oe1_0.correlation_id,oe1_0.created_at,oe1_0.current_step,oe1_0.last_error,oe1_0.payload,oe1_0.pipeline_type,oe1_0.processed_at,oe1_0.retry_count,oe1_0.status,oe1_0.total_steps,oe1_0.version from outbox_event oe1_0 where oe1_0.id=?
2026-06-29 20:28:51.066  INFO [main] [cid=1e51a0c0-7a01-473a-8978-1e4642ea1616] [pipe=CARD_APPLICATION_PIPELINE] [step=CreditBureauCheckStep] [rid=-] com.demo.outbox.scheduler.OutboxEventProcessor     : Pipeline [CARD_APPLICATION_PIPELINE] correlationId=1e51a0c0-7a01-473a-8978-1e4642ea1616 → executing step 1/4 (CreditBureauCheckStep)
Hibernate: select oe1_0.id,oe1_0.correlation_id,oe1_0.created_at,oe1_0.current_step,oe1_0.last_error,oe1_0.payload,oe1_0.pipeline_type,oe1_0.processed_at,oe1_0.retry_count,oe1_0.status,oe1_0.total_steps,oe1_0.version from outbox_event oe1_0 where oe1_0.id=?
2026-06-29 20:28:51.066  INFO [main] [cid=1e51a0c0-7a01-473a-8978-1e4642ea1616] [pipe=CARD_APPLICATION_PIPELINE] [step=CreditBureauCheckStep] [rid=-] c.demo.outbox.pipeline.step.CreditBureauCheckStep  : [Step 0] Checking credit for applicationId=1e51a0c0-7a01-473a-8978-1e4642ea1616
2026-06-29 20:28:51.066 DEBUG [main] [cid=1e51a0c0-7a01-473a-8978-1e4642ea1616] [pipe=CARD_APPLICATION_PIPELINE] [step=CreditBureauCheckStep] [rid=-] com.demo.outbox.api.CreditBureauClient             : Calling credit bureau for applicant=Carol White
2026-06-29 20:28:51.069 DEBUG [main] [cid=1e51a0c0-7a01-473a-8978-1e4642ea1616] [pipe=CARD_APPLICATION_PIPELINE] [step=CreditBureauCheckStep] [rid=-] com.demo.outbox.api.CreditBureauClient             : Credit bureau returned score=750 for applicant=Carol White
Hibernate: select ca1_0.id,ca1_0.annual_income,ca1_0.applicant_name,ca1_0.created_at,ca1_0.credit_score,ca1_0.email,ca1_0.notification_id,ca1_0.provider_ref,ca1_0.status,ca1_0.updated_at from card_application ca1_0 where ca1_0.id=?
2026-06-29 20:28:51.070  INFO [main] [cid=1e51a0c0-7a01-473a-8978-1e4642ea1616] [pipe=CARD_APPLICATION_PIPELINE] [step=CreditBureauCheckStep] [rid=-] c.demo.outbox.pipeline.step.CreditBureauCheckStep  : [Step 0] Credit check complete, score=750
Hibernate: update outbox_event set correlation_id=?,created_at=?,current_step=?,last_error=?,payload=?,pipeline_type=?,processed_at=?,retry_count=?,status=?,total_steps=?,version=? where id=? and version=?
Hibernate: update card_application set annual_income=?,applicant_name=?,created_at=?,credit_score=?,email=?,notification_id=?,provider_ref=?,status=?,updated_at=? where id=?
2026-06-29 20:28:51.071  INFO [main] [cid=1e51a0c0-7a01-473a-8978-1e4642ea1616] [pipe=CARD_APPLICATION_PIPELINE] [step=CardProviderRegisterStep] [rid=-] com.demo.outbox.scheduler.OutboxEventProcessor     : Pipeline [CARD_APPLICATION_PIPELINE] correlationId=1e51a0c0-7a01-473a-8978-1e4642ea1616 → executing step 2/4 (CardProviderRegisterStep)
Hibernate: select oe1_0.id,oe1_0.correlation_id,oe1_0.created_at,oe1_0.current_step,oe1_0.last_error,oe1_0.payload,oe1_0.pipeline_type,oe1_0.processed_at,oe1_0.retry_count,oe1_0.status,oe1_0.total_steps,oe1_0.version from outbox_event oe1_0 where oe1_0.id=?
2026-06-29 20:28:51.072  INFO [main] [cid=1e51a0c0-7a01-473a-8978-1e4642ea1616] [pipe=CARD_APPLICATION_PIPELINE] [step=CardProviderRegisterStep] [rid=-] c.d.outbox.pipeline.step.CardProviderRegisterStep  : [Step 1] Registering applicationId=1e51a0c0-7a01-473a-8978-1e4642ea1616 with card provider
2026-06-29 20:28:51.072 DEBUG [main] [cid=1e51a0c0-7a01-473a-8978-1e4642ea1616] [pipe=CARD_APPLICATION_PIPELINE] [step=CardProviderRegisterStep] [rid=-] com.demo.outbox.api.CardProviderClient             : Registering application=1e51a0c0-7a01-473a-8978-1e4642ea1616 with card provider
2026-06-29 20:28:51.074 DEBUG [main] [cid=1e51a0c0-7a01-473a-8978-1e4642ea1616] [pipe=CARD_APPLICATION_PIPELINE] [step=CardProviderRegisterStep] [rid=-] com.demo.outbox.api.CardProviderClient             : Card provider returned providerRef=PROV-REF-001
Hibernate: select ca1_0.id,ca1_0.annual_income,ca1_0.applicant_name,ca1_0.created_at,ca1_0.credit_score,ca1_0.email,ca1_0.notification_id,ca1_0.provider_ref,ca1_0.status,ca1_0.updated_at from card_application ca1_0 where ca1_0.id=?
2026-06-29 20:28:51.075  INFO [main] [cid=1e51a0c0-7a01-473a-8978-1e4642ea1616] [pipe=CARD_APPLICATION_PIPELINE] [step=CardProviderRegisterStep] [rid=-] c.d.outbox.pipeline.step.CardProviderRegisterStep  : [Step 1] Provider registration complete, ref=PROV-REF-001
Hibernate: update outbox_event set correlation_id=?,created_at=?,current_step=?,last_error=?,payload=?,pipeline_type=?,processed_at=?,retry_count=?,status=?,total_steps=?,version=? where id=? and version=?
Hibernate: update card_application set annual_income=?,applicant_name=?,created_at=?,credit_score=?,email=?,notification_id=?,provider_ref=?,status=?,updated_at=? where id=?
2026-06-29 20:28:51.076  INFO [main] [cid=1e51a0c0-7a01-473a-8978-1e4642ea1616] [pipe=CARD_APPLICATION_PIPELINE] [step=NotificationStep] [rid=-] com.demo.outbox.scheduler.OutboxEventProcessor     : Pipeline [CARD_APPLICATION_PIPELINE] correlationId=1e51a0c0-7a01-473a-8978-1e4642ea1616 → executing step 3/4 (NotificationStep)
Hibernate: select oe1_0.id,oe1_0.correlation_id,oe1_0.created_at,oe1_0.current_step,oe1_0.last_error,oe1_0.payload,oe1_0.pipeline_type,oe1_0.processed_at,oe1_0.retry_count,oe1_0.status,oe1_0.total_steps,oe1_0.version from outbox_event oe1_0 where oe1_0.id=?
2026-06-29 20:28:51.077  INFO [main] [cid=1e51a0c0-7a01-473a-8978-1e4642ea1616] [pipe=CARD_APPLICATION_PIPELINE] [step=NotificationStep] [rid=-] com.demo.outbox.pipeline.step.NotificationStep     : [Step 2] Sending notification to email=carol@example.com
2026-06-29 20:28:51.077 DEBUG [main] [cid=1e51a0c0-7a01-473a-8978-1e4642ea1616] [pipe=CARD_APPLICATION_PIPELINE] [step=NotificationStep] [rid=-] com.demo.outbox.api.NotificationClient             : Sending notification to email=carol@example.com
2026-06-29 20:28:51.079 DEBUG [main] [cid=1e51a0c0-7a01-473a-8978-1e4642ea1616] [pipe=CARD_APPLICATION_PIPELINE] [step=NotificationStep] [rid=-] com.demo.outbox.api.NotificationClient             : Notification sent, id=NOTIF-001
Hibernate: select ca1_0.id,ca1_0.annual_income,ca1_0.applicant_name,ca1_0.created_at,ca1_0.credit_score,ca1_0.email,ca1_0.notification_id,ca1_0.provider_ref,ca1_0.status,ca1_0.updated_at from card_application ca1_0 where ca1_0.id=?
2026-06-29 20:28:51.079  INFO [main] [cid=1e51a0c0-7a01-473a-8978-1e4642ea1616] [pipe=CARD_APPLICATION_PIPELINE] [step=NotificationStep] [rid=-] com.demo.outbox.pipeline.step.NotificationStep     : [Step 2] Notification sent, id=NOTIF-001
Hibernate: update outbox_event set correlation_id=?,created_at=?,current_step=?,last_error=?,payload=?,pipeline_type=?,processed_at=?,retry_count=?,status=?,total_steps=?,version=? where id=? and version=?
Hibernate: update card_application set annual_income=?,applicant_name=?,created_at=?,credit_score=?,email=?,notification_id=?,provider_ref=?,status=?,updated_at=? where id=?
2026-06-29 20:28:51.080  INFO [main] [cid=1e51a0c0-7a01-473a-8978-1e4642ea1616] [pipe=CARD_APPLICATION_PIPELINE] [step=FinalDbUpdateStep] [rid=-] com.demo.outbox.scheduler.OutboxEventProcessor     : Pipeline [CARD_APPLICATION_PIPELINE] correlationId=1e51a0c0-7a01-473a-8978-1e4642ea1616 → executing step 4/4 (FinalDbUpdateStep)
Hibernate: select oe1_0.id,oe1_0.correlation_id,oe1_0.created_at,oe1_0.current_step,oe1_0.last_error,oe1_0.payload,oe1_0.pipeline_type,oe1_0.processed_at,oe1_0.retry_count,oe1_0.status,oe1_0.total_steps,oe1_0.version from outbox_event oe1_0 where oe1_0.id=?
2026-06-29 20:28:51.081  INFO [main] [cid=1e51a0c0-7a01-473a-8978-1e4642ea1616] [pipe=CARD_APPLICATION_PIPELINE] [step=FinalDbUpdateStep] [rid=-] com.demo.outbox.pipeline.step.FinalDbUpdateStep    : [Step 3] Finalising applicationId=1e51a0c0-7a01-473a-8978-1e4642ea1616
Hibernate: select ca1_0.id,ca1_0.annual_income,ca1_0.applicant_name,ca1_0.created_at,ca1_0.credit_score,ca1_0.email,ca1_0.notification_id,ca1_0.provider_ref,ca1_0.status,ca1_0.updated_at from card_application ca1_0 where ca1_0.id=?
2026-06-29 20:28:51.081  INFO [main] [cid=1e51a0c0-7a01-473a-8978-1e4642ea1616] [pipe=CARD_APPLICATION_PIPELINE] [step=FinalDbUpdateStep] [rid=-] com.demo.outbox.pipeline.step.FinalDbUpdateStep    : [Step 3] Application 1e51a0c0-7a01-473a-8978-1e4642ea1616 marked COMPLETED
Hibernate: update outbox_event set correlation_id=?,created_at=?,current_step=?,last_error=?,payload=?,pipeline_type=?,processed_at=?,retry_count=?,status=?,total_steps=?,version=? where id=? and version=?
Hibernate: update card_application set annual_income=?,applicant_name=?,created_at=?,credit_score=?,email=?,notification_id=?,provider_ref=?,status=?,updated_at=? where id=?
2026-06-29 20:28:51.082  INFO [main] [cid=1e51a0c0-7a01-473a-8978-1e4642ea1616] [pipe=CARD_APPLICATION_PIPELINE] [step=FinalDbUpdateStep] [rid=-] com.demo.outbox.scheduler.OutboxEventProcessor     : Pipeline [CARD_APPLICATION_PIPELINE] COMPLETED for correlationId=1e51a0c0-7a01-473a-8978-1e4642ea1616
Hibernate: select ca1_0.id,ca1_0.annual_income,ca1_0.applicant_name,ca1_0.created_at,ca1_0.credit_score,ca1_0.email,ca1_0.notification_id,ca1_0.provider_ref,ca1_0.status,ca1_0.updated_at from card_application ca1_0 where ca1_0.id=?
]]></system-out>
  </testcase>
  <testcase name="submit_noApiCallsMade_outboxRowPresent" classname="com.demo.outbox.CardApplicationIntegrationTest" time="0.013">
    <system-out><![CDATA[Hibernate: select oe1_0.id,oe1_0.correlation_id,oe1_0.created_at,oe1_0.current_step,oe1_0.last_error,oe1_0.payload,oe1_0.pipeline_type,oe1_0.processed_at,oe1_0.retry_count,oe1_0.status,oe1_0.total_steps,oe1_0.version from outbox_event oe1_0
Hibernate: delete from outbox_event where id=? and version=?
Hibernate: select ca1_0.id,ca1_0.annual_income,ca1_0.applicant_name,ca1_0.created_at,ca1_0.credit_score,ca1_0.email,ca1_0.notification_id,ca1_0.provider_ref,ca1_0.status,ca1_0.updated_at from card_application ca1_0
Hibernate: delete from card_application where id=?
2026-06-29 20:28:51.087 DEBUG [main] [cid=-] [pipe=-] [step=-] [rid=-] com.demo.outbox.service.OutboxService              : Outbox event created id=d0ba3048-03ae-4e13-a7db-2c9204cf19b8 pipeline=CARD_APPLICATION_PIPELINE correlationId=b4aa7b0f-5522-47c6-be00-5b41fc8b0226
2026-06-29 20:28:51.088  INFO [main] [cid=-] [pipe=-] [step=-] [rid=-] com.demo.outbox.service.CardApplicationService     : Application b4aa7b0f-5522-47c6-be00-5b41fc8b0226 submitted for bob@example.com, pipeline queued
Hibernate: insert into card_application (annual_income,applicant_name,created_at,credit_score,email,notification_id,provider_ref,status,updated_at,id) values (?,?,?,?,?,?,?,?,?,?)
Hibernate: insert into outbox_event (correlation_id,created_at,current_step,last_error,payload,pipeline_type,processed_at,retry_count,status,total_steps,version,id) values (?,?,?,?,?,?,?,?,?,?,?,?)
Hibernate: select count(*) from outbox_event oe1_0
]]></system-out>
  </testcase>
  <testcase name="afterMaxRetries_eventMarkedFailed" classname="com.demo.outbox.CardApplicationIntegrationTest" time="0.022">
    <system-out><![CDATA[Hibernate: select oe1_0.id,oe1_0.correlation_id,oe1_0.created_at,oe1_0.current_step,oe1_0.last_error,oe1_0.payload,oe1_0.pipeline_type,oe1_0.processed_at,oe1_0.retry_count,oe1_0.status,oe1_0.total_steps,oe1_0.version from outbox_event oe1_0
Hibernate: delete from outbox_event where id=? and version=?
Hibernate: select ca1_0.id,ca1_0.annual_income,ca1_0.applicant_name,ca1_0.created_at,ca1_0.credit_score,ca1_0.email,ca1_0.notification_id,ca1_0.provider_ref,ca1_0.status,ca1_0.updated_at from card_application ca1_0
Hibernate: delete from card_application where id=?
2026-06-29 20:28:51.101 DEBUG [main] [cid=-] [pipe=-] [step=-] [rid=-] com.demo.outbox.service.OutboxService              : Outbox event created id=70c13701-59e4-44b5-8ec1-afcbdf5dc335 pipeline=CARD_APPLICATION_PIPELINE correlationId=131cd1c2-f91e-41eb-b775-054161337d1d
2026-06-29 20:28:51.101  INFO [main] [cid=-] [pipe=-] [step=-] [rid=-] com.demo.outbox.service.CardApplicationService     : Application 131cd1c2-f91e-41eb-b775-054161337d1d submitted for frank@example.com, pipeline queued
Hibernate: insert into card_application (annual_income,applicant_name,created_at,credit_score,email,notification_id,provider_ref,status,updated_at,id) values (?,?,?,?,?,?,?,?,?,?)
Hibernate: insert into outbox_event (correlation_id,created_at,current_step,last_error,payload,pipeline_type,processed_at,retry_count,status,total_steps,version,id) values (?,?,?,?,?,?,?,?,?,?,?,?)
Hibernate: select oe1_0.id,oe1_0.correlation_id,oe1_0.created_at,oe1_0.current_step,oe1_0.last_error,oe1_0.payload,oe1_0.pipeline_type,oe1_0.processed_at,oe1_0.retry_count,oe1_0.status,oe1_0.total_steps,oe1_0.version from outbox_event oe1_0 where oe1_0.status='PENDING' order by oe1_0.created_at fetch first ? rows only for update
2026-06-29 20:28:51.103 DEBUG [main] [cid=-] [pipe=-] [step=-] [rid=-] com.demo.outbox.scheduler.PipelineOutboxPoller     : Outbox poll: found 1 PENDING event(s)
Hibernate: select oe1_0.id,oe1_0.correlation_id,oe1_0.created_at,oe1_0.current_step,oe1_0.last_error,oe1_0.payload,oe1_0.pipeline_type,oe1_0.processed_at,oe1_0.retry_count,oe1_0.status,oe1_0.total_steps,oe1_0.version from outbox_event oe1_0 where oe1_0.id=?
2026-06-29 20:28:51.104  INFO [main] [cid=131cd1c2-f91e-41eb-b775-054161337d1d] [pipe=CARD_APPLICATION_PIPELINE] [step=CreditBureauCheckStep] [rid=-] com.demo.outbox.scheduler.OutboxEventProcessor     : Pipeline [CARD_APPLICATION_PIPELINE] correlationId=131cd1c2-f91e-41eb-b775-054161337d1d → executing step 1/4 (CreditBureauCheckStep)
Hibernate: select oe1_0.id,oe1_0.correlation_id,oe1_0.created_at,oe1_0.current_step,oe1_0.last_error,oe1_0.payload,oe1_0.pipeline_type,oe1_0.processed_at,oe1_0.retry_count,oe1_0.status,oe1_0.total_steps,oe1_0.version from outbox_event oe1_0 where oe1_0.id=?
2026-06-29 20:28:51.104  INFO [main] [cid=131cd1c2-f91e-41eb-b775-054161337d1d] [pipe=CARD_APPLICATION_PIPELINE] [step=CreditBureauCheckStep] [rid=-] c.demo.outbox.pipeline.step.CreditBureauCheckStep  : [Step 0] Checking credit for applicationId=131cd1c2-f91e-41eb-b775-054161337d1d
2026-06-29 20:28:51.104 DEBUG [main] [cid=131cd1c2-f91e-41eb-b775-054161337d1d] [pipe=CARD_APPLICATION_PIPELINE] [step=CreditBureauCheckStep] [rid=-] com.demo.outbox.api.CreditBureauClient             : Calling credit bureau for applicant=Frank Green
2026-06-29 20:28:51.107  WARN [main] [cid=131cd1c2-f91e-41eb-b775-054161337d1d] [pipe=CARD_APPLICATION_PIPELINE] [step=CreditBureauCheckStep] [rid=-] com.demo.outbox.scheduler.OutboxStepExecutor       : Pipeline [CARD_APPLICATION_PIPELINE] step 0 failed (attempt 1/3): 500 Server Error: [no body]
Hibernate: update outbox_event set correlation_id=?,created_at=?,current_step=?,last_error=?,payload=?,pipeline_type=?,processed_at=?,retry_count=?,status=?,total_steps=?,version=? where id=? and version=?
2026-06-29 20:28:51.107  INFO [main] [cid=131cd1c2-f91e-41eb-b775-054161337d1d] [pipe=CARD_APPLICATION_PIPELINE] [step=CreditBureauCheckStep] [rid=-] com.demo.outbox.scheduler.OutboxEventProcessor     : Pipeline [CARD_APPLICATION_PIPELINE] halted at step 1 for correlationId=131cd1c2-f91e-41eb-b775-054161337d1d
Hibernate: select oe1_0.id,oe1_0.correlation_id,oe1_0.created_at,oe1_0.current_step,oe1_0.last_error,oe1_0.payload,oe1_0.pipeline_type,oe1_0.processed_at,oe1_0.retry_count,oe1_0.status,oe1_0.total_steps,oe1_0.version from outbox_event oe1_0 where oe1_0.status='PENDING' order by oe1_0.created_at fetch first ? rows only for update
2026-06-29 20:28:51.109 DEBUG [main] [cid=-] [pipe=-] [step=-] [rid=-] com.demo.outbox.scheduler.PipelineOutboxPoller     : Outbox poll: found 1 PENDING event(s)
Hibernate: select oe1_0.id,oe1_0.correlation_id,oe1_0.created_at,oe1_0.current_step,oe1_0.last_error,oe1_0.payload,oe1_0.pipeline_type,oe1_0.processed_at,oe1_0.retry_count,oe1_0.status,oe1_0.total_steps,oe1_0.version from outbox_event oe1_0 where oe1_0.id=?
2026-06-29 20:28:51.109  INFO [main] [cid=131cd1c2-f91e-41eb-b775-054161337d1d] [pipe=CARD_APPLICATION_PIPELINE] [step=CreditBureauCheckStep] [rid=-] com.demo.outbox.scheduler.OutboxEventProcessor     : Pipeline [CARD_APPLICATION_PIPELINE] correlationId=131cd1c2-f91e-41eb-b775-054161337d1d → executing step 1/4 (CreditBureauCheckStep)
Hibernate: select oe1_0.id,oe1_0.correlation_id,oe1_0.created_at,oe1_0.current_step,oe1_0.last_error,oe1_0.payload,oe1_0.pipeline_type,oe1_0.processed_at,oe1_0.retry_count,oe1_0.status,oe1_0.total_steps,oe1_0.version from outbox_event oe1_0 where oe1_0.id=?
2026-06-29 20:28:51.110  INFO [main] [cid=131cd1c2-f91e-41eb-b775-054161337d1d] [pipe=CARD_APPLICATION_PIPELINE] [step=CreditBureauCheckStep] [rid=-] c.demo.outbox.pipeline.step.CreditBureauCheckStep  : [Step 0] Checking credit for applicationId=131cd1c2-f91e-41eb-b775-054161337d1d
2026-06-29 20:28:51.110 DEBUG [main] [cid=131cd1c2-f91e-41eb-b775-054161337d1d] [pipe=CARD_APPLICATION_PIPELINE] [step=CreditBureauCheckStep] [rid=-] com.demo.outbox.api.CreditBureauClient             : Calling credit bureau for applicant=Frank Green
2026-06-29 20:28:51.112  WARN [main] [cid=131cd1c2-f91e-41eb-b775-054161337d1d] [pipe=CARD_APPLICATION_PIPELINE] [step=CreditBureauCheckStep] [rid=-] com.demo.outbox.scheduler.OutboxStepExecutor       : Pipeline [CARD_APPLICATION_PIPELINE] step 0 failed (attempt 2/3): 500 Server Error: [no body]
Hibernate: update outbox_event set correlation_id=?,created_at=?,current_step=?,last_error=?,payload=?,pipeline_type=?,processed_at=?,retry_count=?,status=?,total_steps=?,version=? where id=? and version=?
2026-06-29 20:28:51.113  INFO [main] [cid=131cd1c2-f91e-41eb-b775-054161337d1d] [pipe=CARD_APPLICATION_PIPELINE] [step=CreditBureauCheckStep] [rid=-] com.demo.outbox.scheduler.OutboxEventProcessor     : Pipeline [CARD_APPLICATION_PIPELINE] halted at step 1 for correlationId=131cd1c2-f91e-41eb-b775-054161337d1d
Hibernate: select oe1_0.id,oe1_0.correlation_id,oe1_0.created_at,oe1_0.current_step,oe1_0.last_error,oe1_0.payload,oe1_0.pipeline_type,oe1_0.processed_at,oe1_0.retry_count,oe1_0.status,oe1_0.total_steps,oe1_0.version from outbox_event oe1_0 where oe1_0.status='PENDING' order by oe1_0.created_at fetch first ? rows only for update
2026-06-29 20:28:51.114 DEBUG [main] [cid=-] [pipe=-] [step=-] [rid=-] com.demo.outbox.scheduler.PipelineOutboxPoller     : Outbox poll: found 1 PENDING event(s)
Hibernate: select oe1_0.id,oe1_0.correlation_id,oe1_0.created_at,oe1_0.current_step,oe1_0.last_error,oe1_0.payload,oe1_0.pipeline_type,oe1_0.processed_at,oe1_0.retry_count,oe1_0.status,oe1_0.total_steps,oe1_0.version from outbox_event oe1_0 where oe1_0.id=?
2026-06-29 20:28:51.114  INFO [main] [cid=131cd1c2-f91e-41eb-b775-054161337d1d] [pipe=CARD_APPLICATION_PIPELINE] [step=CreditBureauCheckStep] [rid=-] com.demo.outbox.scheduler.OutboxEventProcessor     : Pipeline [CARD_APPLICATION_PIPELINE] correlationId=131cd1c2-f91e-41eb-b775-054161337d1d → executing step 1/4 (CreditBureauCheckStep)
Hibernate: select oe1_0.id,oe1_0.correlation_id,oe1_0.created_at,oe1_0.current_step,oe1_0.last_error,oe1_0.payload,oe1_0.pipeline_type,oe1_0.processed_at,oe1_0.retry_count,oe1_0.status,oe1_0.total_steps,oe1_0.version from outbox_event oe1_0 where oe1_0.id=?
2026-06-29 20:28:51.115  INFO [main] [cid=131cd1c2-f91e-41eb-b775-054161337d1d] [pipe=CARD_APPLICATION_PIPELINE] [step=CreditBureauCheckStep] [rid=-] c.demo.outbox.pipeline.step.CreditBureauCheckStep  : [Step 0] Checking credit for applicationId=131cd1c2-f91e-41eb-b775-054161337d1d
2026-06-29 20:28:51.115 DEBUG [main] [cid=131cd1c2-f91e-41eb-b775-054161337d1d] [pipe=CARD_APPLICATION_PIPELINE] [step=CreditBureauCheckStep] [rid=-] com.demo.outbox.api.CreditBureauClient             : Calling credit bureau for applicant=Frank Green
2026-06-29 20:28:51.117  WARN [main] [cid=131cd1c2-f91e-41eb-b775-054161337d1d] [pipe=CARD_APPLICATION_PIPELINE] [step=CreditBureauCheckStep] [rid=-] com.demo.outbox.scheduler.OutboxStepExecutor       : Pipeline [CARD_APPLICATION_PIPELINE] step 0 failed (attempt 3/3): 500 Server Error: [no body]
2026-06-29 20:28:51.117 ERROR [main] [cid=131cd1c2-f91e-41eb-b775-054161337d1d] [pipe=CARD_APPLICATION_PIPELINE] [step=CreditBureauCheckStep] [rid=-] com.demo.outbox.scheduler.OutboxStepExecutor       : Pipeline [CARD_APPLICATION_PIPELINE] PERMANENTLY FAILED at step 0 for correlationId=131cd1c2-f91e-41eb-b775-054161337d1d: 500 Server Error: [no body]
Hibernate: update outbox_event set correlation_id=?,created_at=?,current_step=?,last_error=?,payload=?,pipeline_type=?,processed_at=?,retry_count=?,status=?,total_steps=?,version=? where id=? and version=?
2026-06-29 20:28:51.118  INFO [main] [cid=131cd1c2-f91e-41eb-b775-054161337d1d] [pipe=CARD_APPLICATION_PIPELINE] [step=CreditBureauCheckStep] [rid=-] com.demo.outbox.scheduler.OutboxEventProcessor     : Pipeline [CARD_APPLICATION_PIPELINE] halted at step 1 for correlationId=131cd1c2-f91e-41eb-b775-054161337d1d
Hibernate: select oe1_0.id,oe1_0.correlation_id,oe1_0.created_at,oe1_0.current_step,oe1_0.last_error,oe1_0.payload,oe1_0.pipeline_type,oe1_0.processed_at,oe1_0.retry_count,oe1_0.status,oe1_0.total_steps,oe1_0.version from outbox_event oe1_0
]]></system-out>
  </testcase>
  <testcase name="multipleApplications_processIndependently" classname="com.demo.outbox.CardApplicationIntegrationTest" time="0.056">
    <system-out><![CDATA[Hibernate: select oe1_0.id,oe1_0.correlation_id,oe1_0.created_at,oe1_0.current_step,oe1_0.last_error,oe1_0.payload,oe1_0.pipeline_type,oe1_0.processed_at,oe1_0.retry_count,oe1_0.status,oe1_0.total_steps,oe1_0.version from outbox_event oe1_0
Hibernate: delete from outbox_event where id=? and version=?
Hibernate: select ca1_0.id,ca1_0.annual_income,ca1_0.applicant_name,ca1_0.created_at,ca1_0.credit_score,ca1_0.email,ca1_0.notification_id,ca1_0.provider_ref,ca1_0.status,ca1_0.updated_at from card_application ca1_0
Hibernate: delete from card_application where id=?
2026-06-29 20:28:51.123 DEBUG [main] [cid=-] [pipe=-] [step=-] [rid=-] com.demo.outbox.service.OutboxService              : Outbox event created id=226a550d-207d-4f2f-8865-ec56a9244487 pipeline=CARD_APPLICATION_PIPELINE correlationId=1eb28c42-fa8b-4d94-91ee-0170264876e9
2026-06-29 20:28:51.123  INFO [main] [cid=-] [pipe=-] [step=-] [rid=-] com.demo.outbox.service.CardApplicationService     : Application 1eb28c42-fa8b-4d94-91ee-0170264876e9 submitted for u1@example.com, pipeline queued
Hibernate: insert into card_application (annual_income,applicant_name,created_at,credit_score,email,notification_id,provider_ref,status,updated_at,id) values (?,?,?,?,?,?,?,?,?,?)
Hibernate: insert into outbox_event (correlation_id,created_at,current_step,last_error,payload,pipeline_type,processed_at,retry_count,status,total_steps,version,id) values (?,?,?,?,?,?,?,?,?,?,?,?)
2026-06-29 20:28:51.124 DEBUG [main] [cid=-] [pipe=-] [step=-] [rid=-] com.demo.outbox.service.OutboxService              : Outbox event created id=4a3423df-a818-447d-b11d-164e00289f33 pipeline=CARD_APPLICATION_PIPELINE correlationId=4650832a-8df3-41da-a6c9-b46a9ee50a28
2026-06-29 20:28:51.124  INFO [main] [cid=-] [pipe=-] [step=-] [rid=-] com.demo.outbox.service.CardApplicationService     : Application 4650832a-8df3-41da-a6c9-b46a9ee50a28 submitted for u2@example.com, pipeline queued
Hibernate: insert into card_application (annual_income,applicant_name,created_at,credit_score,email,notification_id,provider_ref,status,updated_at,id) values (?,?,?,?,?,?,?,?,?,?)
Hibernate: insert into outbox_event (correlation_id,created_at,current_step,last_error,payload,pipeline_type,processed_at,retry_count,status,total_steps,version,id) values (?,?,?,?,?,?,?,?,?,?,?,?)
2026-06-29 20:28:51.125 DEBUG [main] [cid=-] [pipe=-] [step=-] [rid=-] com.demo.outbox.service.OutboxService              : Outbox event created id=d7d38744-48e0-45e4-a11e-397aa1a5b95d pipeline=CARD_APPLICATION_PIPELINE correlationId=17a08d35-772e-4119-bc75-7bb9007c4e13
2026-06-29 20:28:51.125  INFO [main] [cid=-] [pipe=-] [step=-] [rid=-] com.demo.outbox.service.CardApplicationService     : Application 17a08d35-772e-4119-bc75-7bb9007c4e13 submitted for u3@example.com, pipeline queued
Hibernate: insert into card_application (annual_income,applicant_name,created_at,credit_score,email,notification_id,provider_ref,status,updated_at,id) values (?,?,?,?,?,?,?,?,?,?)
Hibernate: insert into outbox_event (correlation_id,created_at,current_step,last_error,payload,pipeline_type,processed_at,retry_count,status,total_steps,version,id) values (?,?,?,?,?,?,?,?,?,?,?,?)
Hibernate: select count(*) from outbox_event oe1_0
Hibernate: select oe1_0.id,oe1_0.correlation_id,oe1_0.created_at,oe1_0.current_step,oe1_0.last_error,oe1_0.payload,oe1_0.pipeline_type,oe1_0.processed_at,oe1_0.retry_count,oe1_0.status,oe1_0.total_steps,oe1_0.version from outbox_event oe1_0 where oe1_0.status='PENDING' order by oe1_0.created_at fetch first ? rows only for update
2026-06-29 20:28:51.128 DEBUG [main] [cid=-] [pipe=-] [step=-] [rid=-] com.demo.outbox.scheduler.PipelineOutboxPoller     : Outbox poll: found 3 PENDING event(s)
Hibernate: select oe1_0.id,oe1_0.correlation_id,oe1_0.created_at,oe1_0.current_step,oe1_0.last_error,oe1_0.payload,oe1_0.pipeline_type,oe1_0.processed_at,oe1_0.retry_count,oe1_0.status,oe1_0.total_steps,oe1_0.version from outbox_event oe1_0 where oe1_0.id=?
2026-06-29 20:28:51.128  INFO [main] [cid=1eb28c42-fa8b-4d94-91ee-0170264876e9] [pipe=CARD_APPLICATION_PIPELINE] [step=CreditBureauCheckStep] [rid=-] com.demo.outbox.scheduler.OutboxEventProcessor     : Pipeline [CARD_APPLICATION_PIPELINE] correlationId=1eb28c42-fa8b-4d94-91ee-0170264876e9 → executing step 1/4 (CreditBureauCheckStep)
Hibernate: select oe1_0.id,oe1_0.correlation_id,oe1_0.created_at,oe1_0.current_step,oe1_0.last_error,oe1_0.payload,oe1_0.pipeline_type,oe1_0.processed_at,oe1_0.retry_count,oe1_0.status,oe1_0.total_steps,oe1_0.version from outbox_event oe1_0 where oe1_0.id=?
2026-06-29 20:28:51.129  INFO [main] [cid=1eb28c42-fa8b-4d94-91ee-0170264876e9] [pipe=CARD_APPLICATION_PIPELINE] [step=CreditBureauCheckStep] [rid=-] c.demo.outbox.pipeline.step.CreditBureauCheckStep  : [Step 0] Checking credit for applicationId=1eb28c42-fa8b-4d94-91ee-0170264876e9
2026-06-29 20:28:51.129 DEBUG [main] [cid=1eb28c42-fa8b-4d94-91ee-0170264876e9] [pipe=CARD_APPLICATION_PIPELINE] [step=CreditBureauCheckStep] [rid=-] com.demo.outbox.api.CreditBureauClient             : Calling credit bureau for applicant=User One
2026-06-29 20:28:51.132 DEBUG [main] [cid=1eb28c42-fa8b-4d94-91ee-0170264876e9] [pipe=CARD_APPLICATION_PIPELINE] [step=CreditBureauCheckStep] [rid=-] com.demo.outbox.api.CreditBureauClient             : Credit bureau returned score=750 for applicant=User One
Hibernate: select ca1_0.id,ca1_0.annual_income,ca1_0.applicant_name,ca1_0.created_at,ca1_0.credit_score,ca1_0.email,ca1_0.notification_id,ca1_0.provider_ref,ca1_0.status,ca1_0.updated_at from card_application ca1_0 where ca1_0.id=?
2026-06-29 20:28:51.132  INFO [main] [cid=1eb28c42-fa8b-4d94-91ee-0170264876e9] [pipe=CARD_APPLICATION_PIPELINE] [step=CreditBureauCheckStep] [rid=-] c.demo.outbox.pipeline.step.CreditBureauCheckStep  : [Step 0] Credit check complete, score=750
Hibernate: update outbox_event set correlation_id=?,created_at=?,current_step=?,last_error=?,payload=?,pipeline_type=?,processed_at=?,retry_count=?,status=?,total_steps=?,version=? where id=? and version=?
Hibernate: update card_application set annual_income=?,applicant_name=?,created_at=?,credit_score=?,email=?,notification_id=?,provider_ref=?,status=?,updated_at=? where id=?
2026-06-29 20:28:51.134  INFO [main] [cid=1eb28c42-fa8b-4d94-91ee-0170264876e9] [pipe=CARD_APPLICATION_PIPELINE] [step=CardProviderRegisterStep] [rid=-] com.demo.outbox.scheduler.OutboxEventProcessor     : Pipeline [CARD_APPLICATION_PIPELINE] correlationId=1eb28c42-fa8b-4d94-91ee-0170264876e9 → executing step 2/4 (CardProviderRegisterStep)
Hibernate: select oe1_0.id,oe1_0.correlation_id,oe1_0.created_at,oe1_0.current_step,oe1_0.last_error,oe1_0.payload,oe1_0.pipeline_type,oe1_0.processed_at,oe1_0.retry_count,oe1_0.status,oe1_0.total_steps,oe1_0.version from outbox_event oe1_0 where oe1_0.id=?
2026-06-29 20:28:51.134  INFO [main] [cid=1eb28c42-fa8b-4d94-91ee-0170264876e9] [pipe=CARD_APPLICATION_PIPELINE] [step=CardProviderRegisterStep] [rid=-] c.d.outbox.pipeline.step.CardProviderRegisterStep  : [Step 1] Registering applicationId=1eb28c42-fa8b-4d94-91ee-0170264876e9 with card provider
2026-06-29 20:28:51.134 DEBUG [main] [cid=1eb28c42-fa8b-4d94-91ee-0170264876e9] [pipe=CARD_APPLICATION_PIPELINE] [step=CardProviderRegisterStep] [rid=-] com.demo.outbox.api.CardProviderClient             : Registering application=1eb28c42-fa8b-4d94-91ee-0170264876e9 with card provider
2026-06-29 20:28:51.137 DEBUG [main] [cid=1eb28c42-fa8b-4d94-91ee-0170264876e9] [pipe=CARD_APPLICATION_PIPELINE] [step=CardProviderRegisterStep] [rid=-] com.demo.outbox.api.CardProviderClient             : Card provider returned providerRef=PROV-REF-001
Hibernate: select ca1_0.id,ca1_0.annual_income,ca1_0.applicant_name,ca1_0.created_at,ca1_0.credit_score,ca1_0.email,ca1_0.notification_id,ca1_0.provider_ref,ca1_0.status,ca1_0.updated_at from card_application ca1_0 where ca1_0.id=?
2026-06-29 20:28:51.137  INFO [main] [cid=1eb28c42-fa8b-4d94-91ee-0170264876e9] [pipe=CARD_APPLICATION_PIPELINE] [step=CardProviderRegisterStep] [rid=-] c.d.outbox.pipeline.step.CardProviderRegisterStep  : [Step 1] Provider registration complete, ref=PROV-REF-001
Hibernate: update outbox_event set correlation_id=?,created_at=?,current_step=?,last_error=?,payload=?,pipeline_type=?,processed_at=?,retry_count=?,status=?,total_steps=?,version=? where id=? and version=?
Hibernate: update card_application set annual_income=?,applicant_name=?,created_at=?,credit_score=?,email=?,notification_id=?,provider_ref=?,status=?,updated_at=? where id=?
2026-06-29 20:28:51.138  INFO [main] [cid=1eb28c42-fa8b-4d94-91ee-0170264876e9] [pipe=CARD_APPLICATION_PIPELINE] [step=NotificationStep] [rid=-] com.demo.outbox.scheduler.OutboxEventProcessor     : Pipeline [CARD_APPLICATION_PIPELINE] correlationId=1eb28c42-fa8b-4d94-91ee-0170264876e9 → executing step 3/4 (NotificationStep)
Hibernate: select oe1_0.id,oe1_0.correlation_id,oe1_0.created_at,oe1_0.current_step,oe1_0.last_error,oe1_0.payload,oe1_0.pipeline_type,oe1_0.processed_at,oe1_0.retry_count,oe1_0.status,oe1_0.total_steps,oe1_0.version from outbox_event oe1_0 where oe1_0.id=?
2026-06-29 20:28:51.138  INFO [main] [cid=1eb28c42-fa8b-4d94-91ee-0170264876e9] [pipe=CARD_APPLICATION_PIPELINE] [step=NotificationStep] [rid=-] com.demo.outbox.pipeline.step.NotificationStep     : [Step 2] Sending notification to email=u1@example.com
2026-06-29 20:28:51.139 DEBUG [main] [cid=1eb28c42-fa8b-4d94-91ee-0170264876e9] [pipe=CARD_APPLICATION_PIPELINE] [step=NotificationStep] [rid=-] com.demo.outbox.api.NotificationClient             : Sending notification to email=u1@example.com
2026-06-29 20:28:51.141 DEBUG [main] [cid=1eb28c42-fa8b-4d94-91ee-0170264876e9] [pipe=CARD_APPLICATION_PIPELINE] [step=NotificationStep] [rid=-] com.demo.outbox.api.NotificationClient             : Notification sent, id=NOTIF-001
Hibernate: select ca1_0.id,ca1_0.annual_income,ca1_0.applicant_name,ca1_0.created_at,ca1_0.credit_score,ca1_0.email,ca1_0.notification_id,ca1_0.provider_ref,ca1_0.status,ca1_0.updated_at from card_application ca1_0 where ca1_0.id=?
2026-06-29 20:28:51.141  INFO [main] [cid=1eb28c42-fa8b-4d94-91ee-0170264876e9] [pipe=CARD_APPLICATION_PIPELINE] [step=NotificationStep] [rid=-] com.demo.outbox.pipeline.step.NotificationStep     : [Step 2] Notification sent, id=NOTIF-001
Hibernate: update outbox_event set correlation_id=?,created_at=?,current_step=?,last_error=?,payload=?,pipeline_type=?,processed_at=?,retry_count=?,status=?,total_steps=?,version=? where id=? and version=?
Hibernate: update card_application set annual_income=?,applicant_name=?,created_at=?,credit_score=?,email=?,notification_id=?,provider_ref=?,status=?,updated_at=? where id=?
2026-06-29 20:28:51.142  INFO [main] [cid=1eb28c42-fa8b-4d94-91ee-0170264876e9] [pipe=CARD_APPLICATION_PIPELINE] [step=FinalDbUpdateStep] [rid=-] com.demo.outbox.scheduler.OutboxEventProcessor     : Pipeline [CARD_APPLICATION_PIPELINE] correlationId=1eb28c42-fa8b-4d94-91ee-0170264876e9 → executing step 4/4 (FinalDbUpdateStep)
Hibernate: select oe1_0.id,oe1_0.correlation_id,oe1_0.created_at,oe1_0.current_step,oe1_0.last_error,oe1_0.payload,oe1_0.pipeline_type,oe1_0.processed_at,oe1_0.retry_count,oe1_0.status,oe1_0.total_steps,oe1_0.version from outbox_event oe1_0 where oe1_0.id=?
2026-06-29 20:28:51.143  INFO [main] [cid=1eb28c42-fa8b-4d94-91ee-0170264876e9] [pipe=CARD_APPLICATION_PIPELINE] [step=FinalDbUpdateStep] [rid=-] com.demo.outbox.pipeline.step.FinalDbUpdateStep    : [Step 3] Finalising applicationId=1eb28c42-fa8b-4d94-91ee-0170264876e9
Hibernate: select ca1_0.id,ca1_0.annual_income,ca1_0.applicant_name,ca1_0.created_at,ca1_0.credit_score,ca1_0.email,ca1_0.notification_id,ca1_0.provider_ref,ca1_0.status,ca1_0.updated_at from card_application ca1_0 where ca1_0.id=?
2026-06-29 20:28:51.143  INFO [main] [cid=1eb28c42-fa8b-4d94-91ee-0170264876e9] [pipe=CARD_APPLICATION_PIPELINE] [step=FinalDbUpdateStep] [rid=-] com.demo.outbox.pipeline.step.FinalDbUpdateStep    : [Step 3] Application 1eb28c42-fa8b-4d94-91ee-0170264876e9 marked COMPLETED
Hibernate: update outbox_event set correlation_id=?,created_at=?,current_step=?,last_error=?,payload=?,pipeline_type=?,processed_at=?,retry_count=?,status=?,total_steps=?,version=? where id=? and version=?
Hibernate: update card_application set annual_income=?,applicant_name=?,created_at=?,credit_score=?,email=?,notification_id=?,provider_ref=?,status=?,updated_at=? where id=?
2026-06-29 20:28:51.144  INFO [main] [cid=1eb28c42-fa8b-4d94-91ee-0170264876e9] [pipe=CARD_APPLICATION_PIPELINE] [step=FinalDbUpdateStep] [rid=-] com.demo.outbox.scheduler.OutboxEventProcessor     : Pipeline [CARD_APPLICATION_PIPELINE] COMPLETED for correlationId=1eb28c42-fa8b-4d94-91ee-0170264876e9
Hibernate: select oe1_0.id,oe1_0.correlation_id,oe1_0.created_at,oe1_0.current_step,oe1_0.last_error,oe1_0.payload,oe1_0.pipeline_type,oe1_0.processed_at,oe1_0.retry_count,oe1_0.status,oe1_0.total_steps,oe1_0.version from outbox_event oe1_0 where oe1_0.id=?
2026-06-29 20:28:51.145  INFO [main] [cid=4650832a-8df3-41da-a6c9-b46a9ee50a28] [pipe=CARD_APPLICATION_PIPELINE] [step=CreditBureauCheckStep] [rid=-] com.demo.outbox.scheduler.OutboxEventProcessor     : Pipeline [CARD_APPLICATION_PIPELINE] correlationId=4650832a-8df3-41da-a6c9-b46a9ee50a28 → executing step 1/4 (CreditBureauCheckStep)
Hibernate: select oe1_0.id,oe1_0.correlation_id,oe1_0.created_at,oe1_0.current_step,oe1_0.last_error,oe1_0.payload,oe1_0.pipeline_type,oe1_0.processed_at,oe1_0.retry_count,oe1_0.status,oe1_0.total_steps,oe1_0.version from outbox_event oe1_0 where oe1_0.id=?
2026-06-29 20:28:51.145  INFO [main] [cid=4650832a-8df3-41da-a6c9-b46a9ee50a28] [pipe=CARD_APPLICATION_PIPELINE] [step=CreditBureauCheckStep] [rid=-] c.demo.outbox.pipeline.step.CreditBureauCheckStep  : [Step 0] Checking credit for applicationId=4650832a-8df3-41da-a6c9-b46a9ee50a28
2026-06-29 20:28:51.145 DEBUG [main] [cid=4650832a-8df3-41da-a6c9-b46a9ee50a28] [pipe=CARD_APPLICATION_PIPELINE] [step=CreditBureauCheckStep] [rid=-] com.demo.outbox.api.CreditBureauClient             : Calling credit bureau for applicant=User Two
2026-06-29 20:28:51.147 DEBUG [main] [cid=4650832a-8df3-41da-a6c9-b46a9ee50a28] [pipe=CARD_APPLICATION_PIPELINE] [step=CreditBureauCheckStep] [rid=-] com.demo.outbox.api.CreditBureauClient             : Credit bureau returned score=750 for applicant=User Two
Hibernate: select ca1_0.id,ca1_0.annual_income,ca1_0.applicant_name,ca1_0.created_at,ca1_0.credit_score,ca1_0.email,ca1_0.notification_id,ca1_0.provider_ref,ca1_0.status,ca1_0.updated_at from card_application ca1_0 where ca1_0.id=?
2026-06-29 20:28:51.148  INFO [main] [cid=4650832a-8df3-41da-a6c9-b46a9ee50a28] [pipe=CARD_APPLICATION_PIPELINE] [step=CreditBureauCheckStep] [rid=-] c.demo.outbox.pipeline.step.CreditBureauCheckStep  : [Step 0] Credit check complete, score=750
Hibernate: update outbox_event set correlation_id=?,created_at=?,current_step=?,last_error=?,payload=?,pipeline_type=?,processed_at=?,retry_count=?,status=?,total_steps=?,version=? where id=? and version=?
Hibernate: update card_application set annual_income=?,applicant_name=?,created_at=?,credit_score=?,email=?,notification_id=?,provider_ref=?,status=?,updated_at=? where id=?
2026-06-29 20:28:51.149  INFO [main] [cid=4650832a-8df3-41da-a6c9-b46a9ee50a28] [pipe=CARD_APPLICATION_PIPELINE] [step=CardProviderRegisterStep] [rid=-] com.demo.outbox.scheduler.OutboxEventProcessor     : Pipeline [CARD_APPLICATION_PIPELINE] correlationId=4650832a-8df3-41da-a6c9-b46a9ee50a28 → executing step 2/4 (CardProviderRegisterStep)
Hibernate: select oe1_0.id,oe1_0.correlation_id,oe1_0.created_at,oe1_0.current_step,oe1_0.last_error,oe1_0.payload,oe1_0.pipeline_type,oe1_0.processed_at,oe1_0.retry_count,oe1_0.status,oe1_0.total_steps,oe1_0.version from outbox_event oe1_0 where oe1_0.id=?
2026-06-29 20:28:51.149  INFO [main] [cid=4650832a-8df3-41da-a6c9-b46a9ee50a28] [pipe=CARD_APPLICATION_PIPELINE] [step=CardProviderRegisterStep] [rid=-] c.d.outbox.pipeline.step.CardProviderRegisterStep  : [Step 1] Registering applicationId=4650832a-8df3-41da-a6c9-b46a9ee50a28 with card provider
2026-06-29 20:28:51.149 DEBUG [main] [cid=4650832a-8df3-41da-a6c9-b46a9ee50a28] [pipe=CARD_APPLICATION_PIPELINE] [step=CardProviderRegisterStep] [rid=-] com.demo.outbox.api.CardProviderClient             : Registering application=4650832a-8df3-41da-a6c9-b46a9ee50a28 with card provider
2026-06-29 20:28:51.151 DEBUG [main] [cid=4650832a-8df3-41da-a6c9-b46a9ee50a28] [pipe=CARD_APPLICATION_PIPELINE] [step=CardProviderRegisterStep] [rid=-] com.demo.outbox.api.CardProviderClient             : Card provider returned providerRef=PROV-REF-001
Hibernate: select ca1_0.id,ca1_0.annual_income,ca1_0.applicant_name,ca1_0.created_at,ca1_0.credit_score,ca1_0.email,ca1_0.notification_id,ca1_0.provider_ref,ca1_0.status,ca1_0.updated_at from card_application ca1_0 where ca1_0.id=?
2026-06-29 20:28:51.152  INFO [main] [cid=4650832a-8df3-41da-a6c9-b46a9ee50a28] [pipe=CARD_APPLICATION_PIPELINE] [step=CardProviderRegisterStep] [rid=-] c.d.outbox.pipeline.step.CardProviderRegisterStep  : [Step 1] Provider registration complete, ref=PROV-REF-001
Hibernate: update outbox_event set correlation_id=?,created_at=?,current_step=?,last_error=?,payload=?,pipeline_type=?,processed_at=?,retry_count=?,status=?,total_steps=?,version=? where id=? and version=?
Hibernate: update card_application set annual_income=?,applicant_name=?,created_at=?,credit_score=?,email=?,notification_id=?,provider_ref=?,status=?,updated_at=? where id=?
2026-06-29 20:28:51.153  INFO [main] [cid=4650832a-8df3-41da-a6c9-b46a9ee50a28] [pipe=CARD_APPLICATION_PIPELINE] [step=NotificationStep] [rid=-] com.demo.outbox.scheduler.OutboxEventProcessor     : Pipeline [CARD_APPLICATION_PIPELINE] correlationId=4650832a-8df3-41da-a6c9-b46a9ee50a28 → executing step 3/4 (NotificationStep)
Hibernate: select oe1_0.id,oe1_0.correlation_id,oe1_0.created_at,oe1_0.current_step,oe1_0.last_error,oe1_0.payload,oe1_0.pipeline_type,oe1_0.processed_at,oe1_0.retry_count,oe1_0.status,oe1_0.total_steps,oe1_0.version from outbox_event oe1_0 where oe1_0.id=?
2026-06-29 20:28:51.153  INFO [main] [cid=4650832a-8df3-41da-a6c9-b46a9ee50a28] [pipe=CARD_APPLICATION_PIPELINE] [step=NotificationStep] [rid=-] com.demo.outbox.pipeline.step.NotificationStep     : [Step 2] Sending notification to email=u2@example.com
2026-06-29 20:28:51.153 DEBUG [main] [cid=4650832a-8df3-41da-a6c9-b46a9ee50a28] [pipe=CARD_APPLICATION_PIPELINE] [step=NotificationStep] [rid=-] com.demo.outbox.api.NotificationClient             : Sending notification to email=u2@example.com
2026-06-29 20:28:51.155 DEBUG [main] [cid=4650832a-8df3-41da-a6c9-b46a9ee50a28] [pipe=CARD_APPLICATION_PIPELINE] [step=NotificationStep] [rid=-] com.demo.outbox.api.NotificationClient             : Notification sent, id=NOTIF-001
Hibernate: select ca1_0.id,ca1_0.annual_income,ca1_0.applicant_name,ca1_0.created_at,ca1_0.credit_score,ca1_0.email,ca1_0.notification_id,ca1_0.provider_ref,ca1_0.status,ca1_0.updated_at from card_application ca1_0 where ca1_0.id=?
2026-06-29 20:28:51.156  INFO [main] [cid=4650832a-8df3-41da-a6c9-b46a9ee50a28] [pipe=CARD_APPLICATION_PIPELINE] [step=NotificationStep] [rid=-] com.demo.outbox.pipeline.step.NotificationStep     : [Step 2] Notification sent, id=NOTIF-001
Hibernate: update outbox_event set correlation_id=?,created_at=?,current_step=?,last_error=?,payload=?,pipeline_type=?,processed_at=?,retry_count=?,status=?,total_steps=?,version=? where id=? and version=?
Hibernate: update card_application set annual_income=?,applicant_name=?,created_at=?,credit_score=?,email=?,notification_id=?,provider_ref=?,status=?,updated_at=? where id=?
2026-06-29 20:28:51.157  INFO [main] [cid=4650832a-8df3-41da-a6c9-b46a9ee50a28] [pipe=CARD_APPLICATION_PIPELINE] [step=FinalDbUpdateStep] [rid=-] com.demo.outbox.scheduler.OutboxEventProcessor     : Pipeline [CARD_APPLICATION_PIPELINE] correlationId=4650832a-8df3-41da-a6c9-b46a9ee50a28 → executing step 4/4 (FinalDbUpdateStep)
Hibernate: select oe1_0.id,oe1_0.correlation_id,oe1_0.created_at,oe1_0.current_step,oe1_0.last_error,oe1_0.payload,oe1_0.pipeline_type,oe1_0.processed_at,oe1_0.retry_count,oe1_0.status,oe1_0.total_steps,oe1_0.version from outbox_event oe1_0 where oe1_0.id=?
2026-06-29 20:28:51.157  INFO [main] [cid=4650832a-8df3-41da-a6c9-b46a9ee50a28] [pipe=CARD_APPLICATION_PIPELINE] [step=FinalDbUpdateStep] [rid=-] com.demo.outbox.pipeline.step.FinalDbUpdateStep    : [Step 3] Finalising applicationId=4650832a-8df3-41da-a6c9-b46a9ee50a28
Hibernate: select ca1_0.id,ca1_0.annual_income,ca1_0.applicant_name,ca1_0.created_at,ca1_0.credit_score,ca1_0.email,ca1_0.notification_id,ca1_0.provider_ref,ca1_0.status,ca1_0.updated_at from card_application ca1_0 where ca1_0.id=?
2026-06-29 20:28:51.157  INFO [main] [cid=4650832a-8df3-41da-a6c9-b46a9ee50a28] [pipe=CARD_APPLICATION_PIPELINE] [step=FinalDbUpdateStep] [rid=-] com.demo.outbox.pipeline.step.FinalDbUpdateStep    : [Step 3] Application 4650832a-8df3-41da-a6c9-b46a9ee50a28 marked COMPLETED
Hibernate: update outbox_event set correlation_id=?,created_at=?,current_step=?,last_error=?,payload=?,pipeline_type=?,processed_at=?,retry_count=?,status=?,total_steps=?,version=? where id=? and version=?
Hibernate: update card_application set annual_income=?,applicant_name=?,created_at=?,credit_score=?,email=?,notification_id=?,provider_ref=?,status=?,updated_at=? where id=?
2026-06-29 20:28:51.158  INFO [main] [cid=4650832a-8df3-41da-a6c9-b46a9ee50a28] [pipe=CARD_APPLICATION_PIPELINE] [step=FinalDbUpdateStep] [rid=-] com.demo.outbox.scheduler.OutboxEventProcessor     : Pipeline [CARD_APPLICATION_PIPELINE] COMPLETED for correlationId=4650832a-8df3-41da-a6c9-b46a9ee50a28
Hibernate: select oe1_0.id,oe1_0.correlation_id,oe1_0.created_at,oe1_0.current_step,oe1_0.last_error,oe1_0.payload,oe1_0.pipeline_type,oe1_0.processed_at,oe1_0.retry_count,oe1_0.status,oe1_0.total_steps,oe1_0.version from outbox_event oe1_0 where oe1_0.id=?
2026-06-29 20:28:51.159  INFO [main] [cid=17a08d35-772e-4119-bc75-7bb9007c4e13] [pipe=CARD_APPLICATION_PIPELINE] [step=CreditBureauCheckStep] [rid=-] com.demo.outbox.scheduler.OutboxEventProcessor     : Pipeline [CARD_APPLICATION_PIPELINE] correlationId=17a08d35-772e-4119-bc75-7bb9007c4e13 → executing step 1/4 (CreditBureauCheckStep)
Hibernate: select oe1_0.id,oe1_0.correlation_id,oe1_0.created_at,oe1_0.current_step,oe1_0.last_error,oe1_0.payload,oe1_0.pipeline_type,oe1_0.processed_at,oe1_0.retry_count,oe1_0.status,oe1_0.total_steps,oe1_0.version from outbox_event oe1_0 where oe1_0.id=?
2026-06-29 20:28:51.159  INFO [main] [cid=17a08d35-772e-4119-bc75-7bb9007c4e13] [pipe=CARD_APPLICATION_PIPELINE] [step=CreditBureauCheckStep] [rid=-] c.demo.outbox.pipeline.step.CreditBureauCheckStep  : [Step 0] Checking credit for applicationId=17a08d35-772e-4119-bc75-7bb9007c4e13
2026-06-29 20:28:51.159 DEBUG [main] [cid=17a08d35-772e-4119-bc75-7bb9007c4e13] [pipe=CARD_APPLICATION_PIPELINE] [step=CreditBureauCheckStep] [rid=-] com.demo.outbox.api.CreditBureauClient             : Calling credit bureau for applicant=User Three
2026-06-29 20:28:51.162 DEBUG [main] [cid=17a08d35-772e-4119-bc75-7bb9007c4e13] [pipe=CARD_APPLICATION_PIPELINE] [step=CreditBureauCheckStep] [rid=-] com.demo.outbox.api.CreditBureauClient             : Credit bureau returned score=750 for applicant=User Three
Hibernate: select ca1_0.id,ca1_0.annual_income,ca1_0.applicant_name,ca1_0.created_at,ca1_0.credit_score,ca1_0.email,ca1_0.notification_id,ca1_0.provider_ref,ca1_0.status,ca1_0.updated_at from card_application ca1_0 where ca1_0.id=?
2026-06-29 20:28:51.162  INFO [main] [cid=17a08d35-772e-4119-bc75-7bb9007c4e13] [pipe=CARD_APPLICATION_PIPELINE] [step=CreditBureauCheckStep] [rid=-] c.demo.outbox.pipeline.step.CreditBureauCheckStep  : [Step 0] Credit check complete, score=750
Hibernate: update outbox_event set correlation_id=?,created_at=?,current_step=?,last_error=?,payload=?,pipeline_type=?,processed_at=?,retry_count=?,status=?,total_steps=?,version=? where id=? and version=?
Hibernate: update card_application set annual_income=?,applicant_name=?,created_at=?,credit_score=?,email=?,notification_id=?,provider_ref=?,status=?,updated_at=? where id=?
2026-06-29 20:28:51.163  INFO [main] [cid=17a08d35-772e-4119-bc75-7bb9007c4e13] [pipe=CARD_APPLICATION_PIPELINE] [step=CardProviderRegisterStep] [rid=-] com.demo.outbox.scheduler.OutboxEventProcessor     : Pipeline [CARD_APPLICATION_PIPELINE] correlationId=17a08d35-772e-4119-bc75-7bb9007c4e13 → executing step 2/4 (CardProviderRegisterStep)
Hibernate: select oe1_0.id,oe1_0.correlation_id,oe1_0.created_at,oe1_0.current_step,oe1_0.last_error,oe1_0.payload,oe1_0.pipeline_type,oe1_0.processed_at,oe1_0.retry_count,oe1_0.status,oe1_0.total_steps,oe1_0.version from outbox_event oe1_0 where oe1_0.id=?
2026-06-29 20:28:51.164  INFO [main] [cid=17a08d35-772e-4119-bc75-7bb9007c4e13] [pipe=CARD_APPLICATION_PIPELINE] [step=CardProviderRegisterStep] [rid=-] c.d.outbox.pipeline.step.CardProviderRegisterStep  : [Step 1] Registering applicationId=17a08d35-772e-4119-bc75-7bb9007c4e13 with card provider
2026-06-29 20:28:51.164 DEBUG [main] [cid=17a08d35-772e-4119-bc75-7bb9007c4e13] [pipe=CARD_APPLICATION_PIPELINE] [step=CardProviderRegisterStep] [rid=-] com.demo.outbox.api.CardProviderClient             : Registering application=17a08d35-772e-4119-bc75-7bb9007c4e13 with card provider
2026-06-29 20:28:51.166 DEBUG [main] [cid=17a08d35-772e-4119-bc75-7bb9007c4e13] [pipe=CARD_APPLICATION_PIPELINE] [step=CardProviderRegisterStep] [rid=-] com.demo.outbox.api.CardProviderClient             : Card provider returned providerRef=PROV-REF-001
Hibernate: select ca1_0.id,ca1_0.annual_income,ca1_0.applicant_name,ca1_0.created_at,ca1_0.credit_score,ca1_0.email,ca1_0.notification_id,ca1_0.provider_ref,ca1_0.status,ca1_0.updated_at from card_application ca1_0 where ca1_0.id=?
2026-06-29 20:28:51.166  INFO [main] [cid=17a08d35-772e-4119-bc75-7bb9007c4e13] [pipe=CARD_APPLICATION_PIPELINE] [step=CardProviderRegisterStep] [rid=-] c.d.outbox.pipeline.step.CardProviderRegisterStep  : [Step 1] Provider registration complete, ref=PROV-REF-001
Hibernate: update outbox_event set correlation_id=?,created_at=?,current_step=?,last_error=?,payload=?,pipeline_type=?,processed_at=?,retry_count=?,status=?,total_steps=?,version=? where id=? and version=?
Hibernate: update card_application set annual_income=?,applicant_name=?,created_at=?,credit_score=?,email=?,notification_id=?,provider_ref=?,status=?,updated_at=? where id=?
2026-06-29 20:28:51.167  INFO [main] [cid=17a08d35-772e-4119-bc75-7bb9007c4e13] [pipe=CARD_APPLICATION_PIPELINE] [step=NotificationStep] [rid=-] com.demo.outbox.scheduler.OutboxEventProcessor     : Pipeline [CARD_APPLICATION_PIPELINE] correlationId=17a08d35-772e-4119-bc75-7bb9007c4e13 → executing step 3/4 (NotificationStep)
Hibernate: select oe1_0.id,oe1_0.correlation_id,oe1_0.created_at,oe1_0.current_step,oe1_0.last_error,oe1_0.payload,oe1_0.pipeline_type,oe1_0.processed_at,oe1_0.retry_count,oe1_0.status,oe1_0.total_steps,oe1_0.version from outbox_event oe1_0 where oe1_0.id=?
2026-06-29 20:28:51.168  INFO [main] [cid=17a08d35-772e-4119-bc75-7bb9007c4e13] [pipe=CARD_APPLICATION_PIPELINE] [step=NotificationStep] [rid=-] com.demo.outbox.pipeline.step.NotificationStep     : [Step 2] Sending notification to email=u3@example.com
2026-06-29 20:28:51.168 DEBUG [main] [cid=17a08d35-772e-4119-bc75-7bb9007c4e13] [pipe=CARD_APPLICATION_PIPELINE] [step=NotificationStep] [rid=-] com.demo.outbox.api.NotificationClient             : Sending notification to email=u3@example.com
2026-06-29 20:28:51.170 DEBUG [main] [cid=17a08d35-772e-4119-bc75-7bb9007c4e13] [pipe=CARD_APPLICATION_PIPELINE] [step=NotificationStep] [rid=-] com.demo.outbox.api.NotificationClient             : Notification sent, id=NOTIF-001
Hibernate: select ca1_0.id,ca1_0.annual_income,ca1_0.applicant_name,ca1_0.created_at,ca1_0.credit_score,ca1_0.email,ca1_0.notification_id,ca1_0.provider_ref,ca1_0.status,ca1_0.updated_at from card_application ca1_0 where ca1_0.id=?
2026-06-29 20:28:51.170  INFO [main] [cid=17a08d35-772e-4119-bc75-7bb9007c4e13] [pipe=CARD_APPLICATION_PIPELINE] [step=NotificationStep] [rid=-] com.demo.outbox.pipeline.step.NotificationStep     : [Step 2] Notification sent, id=NOTIF-001
Hibernate: update outbox_event set correlation_id=?,created_at=?,current_step=?,last_error=?,payload=?,pipeline_type=?,processed_at=?,retry_count=?,status=?,total_steps=?,version=? where id=? and version=?
Hibernate: update card_application set annual_income=?,applicant_name=?,created_at=?,credit_score=?,email=?,notification_id=?,provider_ref=?,status=?,updated_at=? where id=?
2026-06-29 20:28:51.171  INFO [main] [cid=17a08d35-772e-4119-bc75-7bb9007c4e13] [pipe=CARD_APPLICATION_PIPELINE] [step=FinalDbUpdateStep] [rid=-] com.demo.outbox.scheduler.OutboxEventProcessor     : Pipeline [CARD_APPLICATION_PIPELINE] correlationId=17a08d35-772e-4119-bc75-7bb9007c4e13 → executing step 4/4 (FinalDbUpdateStep)
Hibernate: select oe1_0.id,oe1_0.correlation_id,oe1_0.created_at,oe1_0.current_step,oe1_0.last_error,oe1_0.payload,oe1_0.pipeline_type,oe1_0.processed_at,oe1_0.retry_count,oe1_0.status,oe1_0.total_steps,oe1_0.version from outbox_event oe1_0 where oe1_0.id=?
2026-06-29 20:28:51.171  INFO [main] [cid=17a08d35-772e-4119-bc75-7bb9007c4e13] [pipe=CARD_APPLICATION_PIPELINE] [step=FinalDbUpdateStep] [rid=-] com.demo.outbox.pipeline.step.FinalDbUpdateStep    : [Step 3] Finalising applicationId=17a08d35-772e-4119-bc75-7bb9007c4e13
Hibernate: select ca1_0.id,ca1_0.annual_income,ca1_0.applicant_name,ca1_0.created_at,ca1_0.credit_score,ca1_0.email,ca1_0.notification_id,ca1_0.provider_ref,ca1_0.status,ca1_0.updated_at from card_application ca1_0 where ca1_0.id=?
2026-06-29 20:28:51.172  INFO [main] [cid=17a08d35-772e-4119-bc75-7bb9007c4e13] [pipe=CARD_APPLICATION_PIPELINE] [step=FinalDbUpdateStep] [rid=-] com.demo.outbox.pipeline.step.FinalDbUpdateStep    : [Step 3] Application 17a08d35-772e-4119-bc75-7bb9007c4e13 marked COMPLETED
Hibernate: update outbox_event set correlation_id=?,created_at=?,current_step=?,last_error=?,payload=?,pipeline_type=?,processed_at=?,retry_count=?,status=?,total_steps=?,version=? where id=? and version=?
Hibernate: update card_application set annual_income=?,applicant_name=?,created_at=?,credit_score=?,email=?,notification_id=?,provider_ref=?,status=?,updated_at=? where id=?
2026-06-29 20:28:51.173  INFO [main] [cid=17a08d35-772e-4119-bc75-7bb9007c4e13] [pipe=CARD_APPLICATION_PIPELINE] [step=FinalDbUpdateStep] [rid=-] com.demo.outbox.scheduler.OutboxEventProcessor     : Pipeline [CARD_APPLICATION_PIPELINE] COMPLETED for correlationId=17a08d35-772e-4119-bc75-7bb9007c4e13
Hibernate: select ca1_0.id,ca1_0.annual_income,ca1_0.applicant_name,ca1_0.created_at,ca1_0.credit_score,ca1_0.email,ca1_0.notification_id,ca1_0.provider_ref,ca1_0.status,ca1_0.updated_at from card_application ca1_0
Hibernate: select oe1_0.id,oe1_0.correlation_id,oe1_0.created_at,oe1_0.current_step,oe1_0.last_error,oe1_0.payload,oe1_0.pipeline_type,oe1_0.processed_at,oe1_0.retry_count,oe1_0.status,oe1_0.total_steps,oe1_0.version from outbox_event oe1_0
]]></system-out>
  </testcase>
  <testcase name="happyPath_allStepsExecute_applicationCompleted" classname="com.demo.outbox.CardApplicationIntegrationTest" time="0.028">
    <system-out><![CDATA[Hibernate: select oe1_0.id,oe1_0.correlation_id,oe1_0.created_at,oe1_0.current_step,oe1_0.last_error,oe1_0.payload,oe1_0.pipeline_type,oe1_0.processed_at,oe1_0.retry_count,oe1_0.status,oe1_0.total_steps,oe1_0.version from outbox_event oe1_0
Hibernate: delete from outbox_event where id=? and version=?
Hibernate: delete from outbox_event where id=? and version=?
Hibernate: delete from outbox_event where id=? and version=?
Hibernate: select ca1_0.id,ca1_0.annual_income,ca1_0.applicant_name,ca1_0.created_at,ca1_0.credit_score,ca1_0.email,ca1_0.notification_id,ca1_0.provider_ref,ca1_0.status,ca1_0.updated_at from card_application ca1_0
Hibernate: delete from card_application where id=?
Hibernate: delete from card_application where id=?
Hibernate: delete from card_application where id=?
2026-06-29 20:28:51.180 DEBUG [main] [cid=-] [pipe=-] [step=-] [rid=-] com.demo.outbox.service.OutboxService              : Outbox event created id=c0bd55d7-5af8-4414-a94e-2f9c1814ddd8 pipeline=CARD_APPLICATION_PIPELINE correlationId=4cb3d9a4-ca0c-44e7-a2c8-c14ddfab65d7
2026-06-29 20:28:51.180  INFO [main] [cid=-] [pipe=-] [step=-] [rid=-] com.demo.outbox.service.CardApplicationService     : Application 4cb3d9a4-ca0c-44e7-a2c8-c14ddfab65d7 submitted for alice@example.com, pipeline queued
Hibernate: insert into card_application (annual_income,applicant_name,created_at,credit_score,email,notification_id,provider_ref,status,updated_at,id) values (?,?,?,?,?,?,?,?,?,?)
Hibernate: insert into outbox_event (correlation_id,created_at,current_step,last_error,payload,pipeline_type,processed_at,retry_count,status,total_steps,version,id) values (?,?,?,?,?,?,?,?,?,?,?,?)
Hibernate: select oe1_0.id,oe1_0.correlation_id,oe1_0.created_at,oe1_0.current_step,oe1_0.last_error,oe1_0.payload,oe1_0.pipeline_type,oe1_0.processed_at,oe1_0.retry_count,oe1_0.status,oe1_0.total_steps,oe1_0.version from outbox_event oe1_0
Hibernate: select oe1_0.id,oe1_0.correlation_id,oe1_0.created_at,oe1_0.current_step,oe1_0.last_error,oe1_0.payload,oe1_0.pipeline_type,oe1_0.processed_at,oe1_0.retry_count,oe1_0.status,oe1_0.total_steps,oe1_0.version from outbox_event oe1_0 where oe1_0.status='PENDING' order by oe1_0.created_at fetch first ? rows only for update
2026-06-29 20:28:51.187 DEBUG [main] [cid=-] [pipe=-] [step=-] [rid=-] com.demo.outbox.scheduler.PipelineOutboxPoller     : Outbox poll: found 1 PENDING event(s)
Hibernate: select oe1_0.id,oe1_0.correlation_id,oe1_0.created_at,oe1_0.current_step,oe1_0.last_error,oe1_0.payload,oe1_0.pipeline_type,oe1_0.processed_at,oe1_0.retry_count,oe1_0.status,oe1_0.total_steps,oe1_0.version from outbox_event oe1_0 where oe1_0.id=?
2026-06-29 20:28:51.187  INFO [main] [cid=4cb3d9a4-ca0c-44e7-a2c8-c14ddfab65d7] [pipe=CARD_APPLICATION_PIPELINE] [step=CreditBureauCheckStep] [rid=-] com.demo.outbox.scheduler.OutboxEventProcessor     : Pipeline [CARD_APPLICATION_PIPELINE] correlationId=4cb3d9a4-ca0c-44e7-a2c8-c14ddfab65d7 → executing step 1/4 (CreditBureauCheckStep)
Hibernate: select oe1_0.id,oe1_0.correlation_id,oe1_0.created_at,oe1_0.current_step,oe1_0.last_error,oe1_0.payload,oe1_0.pipeline_type,oe1_0.processed_at,oe1_0.retry_count,oe1_0.status,oe1_0.total_steps,oe1_0.version from outbox_event oe1_0 where oe1_0.id=?
2026-06-29 20:28:51.188  INFO [main] [cid=4cb3d9a4-ca0c-44e7-a2c8-c14ddfab65d7] [pipe=CARD_APPLICATION_PIPELINE] [step=CreditBureauCheckStep] [rid=-] c.demo.outbox.pipeline.step.CreditBureauCheckStep  : [Step 0] Checking credit for applicationId=4cb3d9a4-ca0c-44e7-a2c8-c14ddfab65d7
2026-06-29 20:28:51.188 DEBUG [main] [cid=4cb3d9a4-ca0c-44e7-a2c8-c14ddfab65d7] [pipe=CARD_APPLICATION_PIPELINE] [step=CreditBureauCheckStep] [rid=-] com.demo.outbox.api.CreditBureauClient             : Calling credit bureau for applicant=Alice Smith
2026-06-29 20:28:51.190 DEBUG [main] [cid=4cb3d9a4-ca0c-44e7-a2c8-c14ddfab65d7] [pipe=CARD_APPLICATION_PIPELINE] [step=CreditBureauCheckStep] [rid=-] com.demo.outbox.api.CreditBureauClient             : Credit bureau returned score=750 for applicant=Alice Smith
Hibernate: select ca1_0.id,ca1_0.annual_income,ca1_0.applicant_name,ca1_0.created_at,ca1_0.credit_score,ca1_0.email,ca1_0.notification_id,ca1_0.provider_ref,ca1_0.status,ca1_0.updated_at from card_application ca1_0 where ca1_0.id=?
2026-06-29 20:28:51.191  INFO [main] [cid=4cb3d9a4-ca0c-44e7-a2c8-c14ddfab65d7] [pipe=CARD_APPLICATION_PIPELINE] [step=CreditBureauCheckStep] [rid=-] c.demo.outbox.pipeline.step.CreditBureauCheckStep  : [Step 0] Credit check complete, score=750
Hibernate: update outbox_event set correlation_id=?,created_at=?,current_step=?,last_error=?,payload=?,pipeline_type=?,processed_at=?,retry_count=?,status=?,total_steps=?,version=? where id=? and version=?
Hibernate: update card_application set annual_income=?,applicant_name=?,created_at=?,credit_score=?,email=?,notification_id=?,provider_ref=?,status=?,updated_at=? where id=?
2026-06-29 20:28:51.192  INFO [main] [cid=4cb3d9a4-ca0c-44e7-a2c8-c14ddfab65d7] [pipe=CARD_APPLICATION_PIPELINE] [step=CardProviderRegisterStep] [rid=-] com.demo.outbox.scheduler.OutboxEventProcessor     : Pipeline [CARD_APPLICATION_PIPELINE] correlationId=4cb3d9a4-ca0c-44e7-a2c8-c14ddfab65d7 → executing step 2/4 (CardProviderRegisterStep)
Hibernate: select oe1_0.id,oe1_0.correlation_id,oe1_0.created_at,oe1_0.current_step,oe1_0.last_error,oe1_0.payload,oe1_0.pipeline_type,oe1_0.processed_at,oe1_0.retry_count,oe1_0.status,oe1_0.total_steps,oe1_0.version from outbox_event oe1_0 where oe1_0.id=?
2026-06-29 20:28:51.192  INFO [main] [cid=4cb3d9a4-ca0c-44e7-a2c8-c14ddfab65d7] [pipe=CARD_APPLICATION_PIPELINE] [step=CardProviderRegisterStep] [rid=-] c.d.outbox.pipeline.step.CardProviderRegisterStep  : [Step 1] Registering applicationId=4cb3d9a4-ca0c-44e7-a2c8-c14ddfab65d7 with card provider
2026-06-29 20:28:51.192 DEBUG [main] [cid=4cb3d9a4-ca0c-44e7-a2c8-c14ddfab65d7] [pipe=CARD_APPLICATION_PIPELINE] [step=CardProviderRegisterStep] [rid=-] com.demo.outbox.api.CardProviderClient             : Registering application=4cb3d9a4-ca0c-44e7-a2c8-c14ddfab65d7 with card provider
2026-06-29 20:28:51.195 DEBUG [main] [cid=4cb3d9a4-ca0c-44e7-a2c8-c14ddfab65d7] [pipe=CARD_APPLICATION_PIPELINE] [step=CardProviderRegisterStep] [rid=-] com.demo.outbox.api.CardProviderClient             : Card provider returned providerRef=PROV-REF-001
Hibernate: select ca1_0.id,ca1_0.annual_income,ca1_0.applicant_name,ca1_0.created_at,ca1_0.credit_score,ca1_0.email,ca1_0.notification_id,ca1_0.provider_ref,ca1_0.status,ca1_0.updated_at from card_application ca1_0 where ca1_0.id=?
2026-06-29 20:28:51.195  INFO [main] [cid=4cb3d9a4-ca0c-44e7-a2c8-c14ddfab65d7] [pipe=CARD_APPLICATION_PIPELINE] [step=CardProviderRegisterStep] [rid=-] c.d.outbox.pipeline.step.CardProviderRegisterStep  : [Step 1] Provider registration complete, ref=PROV-REF-001
Hibernate: update outbox_event set correlation_id=?,created_at=?,current_step=?,last_error=?,payload=?,pipeline_type=?,processed_at=?,retry_count=?,status=?,total_steps=?,version=? where id=? and version=?
Hibernate: update card_application set annual_income=?,applicant_name=?,created_at=?,credit_score=?,email=?,notification_id=?,provider_ref=?,status=?,updated_at=? where id=?
2026-06-29 20:28:51.196  INFO [main] [cid=4cb3d9a4-ca0c-44e7-a2c8-c14ddfab65d7] [pipe=CARD_APPLICATION_PIPELINE] [step=NotificationStep] [rid=-] com.demo.outbox.scheduler.OutboxEventProcessor     : Pipeline [CARD_APPLICATION_PIPELINE] correlationId=4cb3d9a4-ca0c-44e7-a2c8-c14ddfab65d7 → executing step 3/4 (NotificationStep)
Hibernate: select oe1_0.id,oe1_0.correlation_id,oe1_0.created_at,oe1_0.current_step,oe1_0.last_error,oe1_0.payload,oe1_0.pipeline_type,oe1_0.processed_at,oe1_0.retry_count,oe1_0.status,oe1_0.total_steps,oe1_0.version from outbox_event oe1_0 where oe1_0.id=?
2026-06-29 20:28:51.196  INFO [main] [cid=4cb3d9a4-ca0c-44e7-a2c8-c14ddfab65d7] [pipe=CARD_APPLICATION_PIPELINE] [step=NotificationStep] [rid=-] com.demo.outbox.pipeline.step.NotificationStep     : [Step 2] Sending notification to email=alice@example.com
2026-06-29 20:28:51.196 DEBUG [main] [cid=4cb3d9a4-ca0c-44e7-a2c8-c14ddfab65d7] [pipe=CARD_APPLICATION_PIPELINE] [step=NotificationStep] [rid=-] com.demo.outbox.api.NotificationClient             : Sending notification to email=alice@example.com
2026-06-29 20:28:51.199 DEBUG [main] [cid=4cb3d9a4-ca0c-44e7-a2c8-c14ddfab65d7] [pipe=CARD_APPLICATION_PIPELINE] [step=NotificationStep] [rid=-] com.demo.outbox.api.NotificationClient             : Notification sent, id=NOTIF-001
Hibernate: select ca1_0.id,ca1_0.annual_income,ca1_0.applicant_name,ca1_0.created_at,ca1_0.credit_score,ca1_0.email,ca1_0.notification_id,ca1_0.provider_ref,ca1_0.status,ca1_0.updated_at from card_application ca1_0 where ca1_0.id=?
2026-06-29 20:28:51.199  INFO [main] [cid=4cb3d9a4-ca0c-44e7-a2c8-c14ddfab65d7] [pipe=CARD_APPLICATION_PIPELINE] [step=NotificationStep] [rid=-] com.demo.outbox.pipeline.step.NotificationStep     : [Step 2] Notification sent, id=NOTIF-001
Hibernate: update outbox_event set correlation_id=?,created_at=?,current_step=?,last_error=?,payload=?,pipeline_type=?,processed_at=?,retry_count=?,status=?,total_steps=?,version=? where id=? and version=?
Hibernate: update card_application set annual_income=?,applicant_name=?,created_at=?,credit_score=?,email=?,notification_id=?,provider_ref=?,status=?,updated_at=? where id=?
2026-06-29 20:28:51.200  INFO [main] [cid=4cb3d9a4-ca0c-44e7-a2c8-c14ddfab65d7] [pipe=CARD_APPLICATION_PIPELINE] [step=FinalDbUpdateStep] [rid=-] com.demo.outbox.scheduler.OutboxEventProcessor     : Pipeline [CARD_APPLICATION_PIPELINE] correlationId=4cb3d9a4-ca0c-44e7-a2c8-c14ddfab65d7 → executing step 4/4 (FinalDbUpdateStep)
Hibernate: select oe1_0.id,oe1_0.correlation_id,oe1_0.created_at,oe1_0.current_step,oe1_0.last_error,oe1_0.payload,oe1_0.pipeline_type,oe1_0.processed_at,oe1_0.retry_count,oe1_0.status,oe1_0.total_steps,oe1_0.version from outbox_event oe1_0 where oe1_0.id=?
2026-06-29 20:28:51.200  INFO [main] [cid=4cb3d9a4-ca0c-44e7-a2c8-c14ddfab65d7] [pipe=CARD_APPLICATION_PIPELINE] [step=FinalDbUpdateStep] [rid=-] com.demo.outbox.pipeline.step.FinalDbUpdateStep    : [Step 3] Finalising applicationId=4cb3d9a4-ca0c-44e7-a2c8-c14ddfab65d7
Hibernate: select ca1_0.id,ca1_0.annual_income,ca1_0.applicant_name,ca1_0.created_at,ca1_0.credit_score,ca1_0.email,ca1_0.notification_id,ca1_0.provider_ref,ca1_0.status,ca1_0.updated_at from card_application ca1_0 where ca1_0.id=?
2026-06-29 20:28:51.201  INFO [main] [cid=4cb3d9a4-ca0c-44e7-a2c8-c14ddfab65d7] [pipe=CARD_APPLICATION_PIPELINE] [step=FinalDbUpdateStep] [rid=-] com.demo.outbox.pipeline.step.FinalDbUpdateStep    : [Step 3] Application 4cb3d9a4-ca0c-44e7-a2c8-c14ddfab65d7 marked COMPLETED
Hibernate: update outbox_event set correlation_id=?,created_at=?,current_step=?,last_error=?,payload=?,pipeline_type=?,processed_at=?,retry_count=?,status=?,total_steps=?,version=? where id=? and version=?
Hibernate: update card_application set annual_income=?,applicant_name=?,created_at=?,credit_score=?,email=?,notification_id=?,provider_ref=?,status=?,updated_at=? where id=?
2026-06-29 20:28:51.201  INFO [main] [cid=4cb3d9a4-ca0c-44e7-a2c8-c14ddfab65d7] [pipe=CARD_APPLICATION_PIPELINE] [step=FinalDbUpdateStep] [rid=-] com.demo.outbox.scheduler.OutboxEventProcessor     : Pipeline [CARD_APPLICATION_PIPELINE] COMPLETED for correlationId=4cb3d9a4-ca0c-44e7-a2c8-c14ddfab65d7
Hibernate: select ca1_0.id,ca1_0.annual_income,ca1_0.applicant_name,ca1_0.created_at,ca1_0.credit_score,ca1_0.email,ca1_0.notification_id,ca1_0.provider_ref,ca1_0.status,ca1_0.updated_at from card_application ca1_0 where ca1_0.id=?
Hibernate: select oe1_0.id,oe1_0.correlation_id,oe1_0.created_at,oe1_0.current_step,oe1_0.last_error,oe1_0.payload,oe1_0.pipeline_type,oe1_0.processed_at,oe1_0.retry_count,oe1_0.status,oe1_0.total_steps,oe1_0.version from outbox_event oe1_0
]]></system-out>
  </testcase>
</testsuite>