<?xml version="1.0" encoding="UTF-8"?>
<testsuite xmlns:xsi="http://www.w3.org/2001/XMLSchema-instance" xsi:noNamespaceSchemaLocation="https://maven.apache.org/surefire/maven-surefire-plugin/xsd/surefire-test-report-3.0.xsd" version="3.0" name="com.demo.outbox.OutboxPatternConsistencyIT$BatchProcessingIsolation" time="0.153" tests="4" errors="0" skipped="0" failures="0">
  <properties>
[...]
</properties>
  <testcase name="happyPath_atomicSubmitAndFullPipelineCompletion" classname="com.demo.outbox.OutboxPatternConsistencyIT" time="0.037">
    <system-out><![CDATA[Hibernate: select oe1_0.id,oe1_0.correlation_id,oe1_0.created_at,oe1_0.current_step,oe1_0.last_error,oe1_0.payload,oe1_0.pipeline_type,oe1_0.processed_at,oe1_0.retry_count,oe1_0.status,oe1_0.total_steps,oe1_0.version from outbox_event oe1_0
Hibernate: delete from outbox_event where id=? and version=?
Hibernate: select ca1_0.id,ca1_0.annual_income,ca1_0.applicant_name,ca1_0.created_at,ca1_0.credit_score,ca1_0.email,ca1_0.notification_id,ca1_0.provider_ref,ca1_0.status,ca1_0.updated_at from card_application ca1_0
Hibernate: delete from card_application where id=?
2026-06-29 20:28:51.816 DEBUG [main] [cid=-] [pipe=-] [step=-] [rid=-] com.demo.outbox.service.OutboxService              : Outbox event created id=fee7183a-9a3b-44e9-ba0c-fc1421166be5 pipeline=CARD_APPLICATION_PIPELINE correlationId=fa254a6f-7888-45ac-a9ef-c49cd7f0d388
2026-06-29 20:28:51.816  INFO [main] [cid=-] [pipe=-] [step=-] [rid=-] com.demo.outbox.service.CardApplicationService     : Application fa254a6f-7888-45ac-a9ef-c49cd7f0d388 submitted for alice@example.com, pipeline queued
Hibernate: insert into card_application (annual_income,applicant_name,created_at,credit_score,email,notification_id,provider_ref,status,updated_at,id) values (?,?,?,?,?,?,?,?,?,?)
Hibernate: insert into outbox_event (correlation_id,created_at,current_step,last_error,payload,pipeline_type,processed_at,retry_count,status,total_steps,version,id) values (?,?,?,?,?,?,?,?,?,?,?,?)
Hibernate: select count(*) from outbox_event oe1_0
Hibernate: select oe1_0.id,oe1_0.correlation_id,oe1_0.created_at,oe1_0.current_step,oe1_0.last_error,oe1_0.payload,oe1_0.pipeline_type,oe1_0.processed_at,oe1_0.retry_count,oe1_0.status,oe1_0.total_steps,oe1_0.version from outbox_event oe1_0 where oe1_0.status='PENDING' order by oe1_0.created_at fetch first ? rows only for update
2026-06-29 20:28:51.820 DEBUG [main] [cid=-] [pipe=-] [step=-] [rid=-] com.demo.outbox.scheduler.PipelineOutboxPoller     : Outbox poll: found 1 PENDING event(s)
Hibernate: select oe1_0.id,oe1_0.correlation_id,oe1_0.created_at,oe1_0.current_step,oe1_0.last_error,oe1_0.payload,oe1_0.pipeline_type,oe1_0.processed_at,oe1_0.retry_count,oe1_0.status,oe1_0.total_steps,oe1_0.version from outbox_event oe1_0 where oe1_0.id=?
2026-06-29 20:28:51.821  INFO [main] [cid=fa254a6f-7888-45ac-a9ef-c49cd7f0d388] [pipe=CARD_APPLICATION_PIPELINE] [step=CreditBureauCheckStep] [rid=-] com.demo.outbox.scheduler.OutboxEventProcessor     : Pipeline [CARD_APPLICATION_PIPELINE] correlationId=fa254a6f-7888-45ac-a9ef-c49cd7f0d388 → executing step 1/4 (CreditBureauCheckStep)
Hibernate: select oe1_0.id,oe1_0.correlation_id,oe1_0.created_at,oe1_0.current_step,oe1_0.last_error,oe1_0.payload,oe1_0.pipeline_type,oe1_0.processed_at,oe1_0.retry_count,oe1_0.status,oe1_0.total_steps,oe1_0.version from outbox_event oe1_0 where oe1_0.id=?
2026-06-29 20:28:51.822  INFO [main] [cid=fa254a6f-7888-45ac-a9ef-c49cd7f0d388] [pipe=CARD_APPLICATION_PIPELINE] [step=CreditBureauCheckStep] [rid=-] c.demo.outbox.pipeline.step.CreditBureauCheckStep  : [Step 0] Checking credit for applicationId=fa254a6f-7888-45ac-a9ef-c49cd7f0d388
2026-06-29 20:28:51.822 DEBUG [main] [cid=fa254a6f-7888-45ac-a9ef-c49cd7f0d388] [pipe=CARD_APPLICATION_PIPELINE] [step=CreditBureauCheckStep] [rid=-] com.demo.outbox.api.CreditBureauClient             : Calling credit bureau for applicant=Alice Smith
2026-06-29 20:28:51.825 DEBUG [main] [cid=fa254a6f-7888-45ac-a9ef-c49cd7f0d388] [pipe=CARD_APPLICATION_PIPELINE] [step=CreditBureauCheckStep] [rid=-] com.demo.outbox.api.CreditBureauClient             : Credit bureau returned score=750 for applicant=Alice Smith
Hibernate: select ca1_0.id,ca1_0.annual_income,ca1_0.applicant_name,ca1_0.created_at,ca1_0.credit_score,ca1_0.email,ca1_0.notification_id,ca1_0.provider_ref,ca1_0.status,ca1_0.updated_at from card_application ca1_0 where ca1_0.id=?
2026-06-29 20:28:51.826  INFO [main] [cid=fa254a6f-7888-45ac-a9ef-c49cd7f0d388] [pipe=CARD_APPLICATION_PIPELINE] [step=CreditBureauCheckStep] [rid=-] c.demo.outbox.pipeline.step.CreditBureauCheckStep  : [Step 0] Credit check complete, score=750
Hibernate: update outbox_event set correlation_id=?,created_at=?,current_step=?,last_error=?,payload=?,pipeline_type=?,processed_at=?,retry_count=?,status=?,total_steps=?,version=? where id=? and version=?
Hibernate: update card_application set annual_income=?,applicant_name=?,created_at=?,credit_score=?,email=?,notification_id=?,provider_ref=?,status=?,updated_at=? where id=?
2026-06-29 20:28:51.828  INFO [main] [cid=fa254a6f-7888-45ac-a9ef-c49cd7f0d388] [pipe=CARD_APPLICATION_PIPELINE] [step=CardProviderRegisterStep] [rid=-] com.demo.outbox.scheduler.OutboxEventProcessor     : Pipeline [CARD_APPLICATION_PIPELINE] correlationId=fa254a6f-7888-45ac-a9ef-c49cd7f0d388 → executing step 2/4 (CardProviderRegisterStep)
Hibernate: select oe1_0.id,oe1_0.correlation_id,oe1_0.created_at,oe1_0.current_step,oe1_0.last_error,oe1_0.payload,oe1_0.pipeline_type,oe1_0.processed_at,oe1_0.retry_count,oe1_0.status,oe1_0.total_steps,oe1_0.version from outbox_event oe1_0 where oe1_0.id=?
2026-06-29 20:28:51.829  INFO [main] [cid=fa254a6f-7888-45ac-a9ef-c49cd7f0d388] [pipe=CARD_APPLICATION_PIPELINE] [step=CardProviderRegisterStep] [rid=-] c.d.outbox.pipeline.step.CardProviderRegisterStep  : [Step 1] Registering applicationId=fa254a6f-7888-45ac-a9ef-c49cd7f0d388 with card provider
2026-06-29 20:28:51.829 DEBUG [main] [cid=fa254a6f-7888-45ac-a9ef-c49cd7f0d388] [pipe=CARD_APPLICATION_PIPELINE] [step=CardProviderRegisterStep] [rid=-] com.demo.outbox.api.CardProviderClient             : Registering application=fa254a6f-7888-45ac-a9ef-c49cd7f0d388 with card provider
2026-06-29 20:28:51.832 DEBUG [main] [cid=fa254a6f-7888-45ac-a9ef-c49cd7f0d388] [pipe=CARD_APPLICATION_PIPELINE] [step=CardProviderRegisterStep] [rid=-] com.demo.outbox.api.CardProviderClient             : Card provider returned providerRef=PROV-REF-001
Hibernate: select ca1_0.id,ca1_0.annual_income,ca1_0.applicant_name,ca1_0.created_at,ca1_0.credit_score,ca1_0.email,ca1_0.notification_id,ca1_0.provider_ref,ca1_0.status,ca1_0.updated_at from card_application ca1_0 where ca1_0.id=?
2026-06-29 20:28:51.833  INFO [main] [cid=fa254a6f-7888-45ac-a9ef-c49cd7f0d388] [pipe=CARD_APPLICATION_PIPELINE] [step=CardProviderRegisterStep] [rid=-] c.d.outbox.pipeline.step.CardProviderRegisterStep  : [Step 1] Provider registration complete, ref=PROV-REF-001
Hibernate: update outbox_event set correlation_id=?,created_at=?,current_step=?,last_error=?,payload=?,pipeline_type=?,processed_at=?,retry_count=?,status=?,total_steps=?,version=? where id=? and version=?
Hibernate: update card_application set annual_income=?,applicant_name=?,created_at=?,credit_score=?,email=?,notification_id=?,provider_ref=?,status=?,updated_at=? where id=?
2026-06-29 20:28:51.835  INFO [main] [cid=fa254a6f-7888-45ac-a9ef-c49cd7f0d388] [pipe=CARD_APPLICATION_PIPELINE] [step=NotificationStep] [rid=-] com.demo.outbox.scheduler.OutboxEventProcessor     : Pipeline [CARD_APPLICATION_PIPELINE] correlationId=fa254a6f-7888-45ac-a9ef-c49cd7f0d388 → executing step 3/4 (NotificationStep)
Hibernate: select oe1_0.id,oe1_0.correlation_id,oe1_0.created_at,oe1_0.current_step,oe1_0.last_error,oe1_0.payload,oe1_0.pipeline_type,oe1_0.processed_at,oe1_0.retry_count,oe1_0.status,oe1_0.total_steps,oe1_0.version from outbox_event oe1_0 where oe1_0.id=?
2026-06-29 20:28:51.835  INFO [main] [cid=fa254a6f-7888-45ac-a9ef-c49cd7f0d388] [pipe=CARD_APPLICATION_PIPELINE] [step=NotificationStep] [rid=-] com.demo.outbox.pipeline.step.NotificationStep     : [Step 2] Sending notification to email=alice@example.com
2026-06-29 20:28:51.836 DEBUG [main] [cid=fa254a6f-7888-45ac-a9ef-c49cd7f0d388] [pipe=CARD_APPLICATION_PIPELINE] [step=NotificationStep] [rid=-] com.demo.outbox.api.NotificationClient             : Sending notification to email=alice@example.com
2026-06-29 20:28:51.838 DEBUG [main] [cid=fa254a6f-7888-45ac-a9ef-c49cd7f0d388] [pipe=CARD_APPLICATION_PIPELINE] [step=NotificationStep] [rid=-] com.demo.outbox.api.NotificationClient             : Notification sent, id=NOTIF-001
Hibernate: select ca1_0.id,ca1_0.annual_income,ca1_0.applicant_name,ca1_0.created_at,ca1_0.credit_score,ca1_0.email,ca1_0.notification_id,ca1_0.provider_ref,ca1_0.status,ca1_0.updated_at from card_application ca1_0 where ca1_0.id=?
2026-06-29 20:28:51.839  INFO [main] [cid=fa254a6f-7888-45ac-a9ef-c49cd7f0d388] [pipe=CARD_APPLICATION_PIPELINE] [step=NotificationStep] [rid=-] com.demo.outbox.pipeline.step.NotificationStep     : [Step 2] Notification sent, id=NOTIF-001
Hibernate: update outbox_event set correlation_id=?,created_at=?,current_step=?,last_error=?,payload=?,pipeline_type=?,processed_at=?,retry_count=?,status=?,total_steps=?,version=? where id=? and version=?
Hibernate: update card_application set annual_income=?,applicant_name=?,created_at=?,credit_score=?,email=?,notification_id=?,provider_ref=?,status=?,updated_at=? where id=?
2026-06-29 20:28:51.841  INFO [main] [cid=fa254a6f-7888-45ac-a9ef-c49cd7f0d388] [pipe=CARD_APPLICATION_PIPELINE] [step=FinalDbUpdateStep] [rid=-] com.demo.outbox.scheduler.OutboxEventProcessor     : Pipeline [CARD_APPLICATION_PIPELINE] correlationId=fa254a6f-7888-45ac-a9ef-c49cd7f0d388 → executing step 4/4 (FinalDbUpdateStep)
Hibernate: select oe1_0.id,oe1_0.correlation_id,oe1_0.created_at,oe1_0.current_step,oe1_0.last_error,oe1_0.payload,oe1_0.pipeline_type,oe1_0.processed_at,oe1_0.retry_count,oe1_0.status,oe1_0.total_steps,oe1_0.version from outbox_event oe1_0 where oe1_0.id=?
2026-06-29 20:28:51.841  INFO [main] [cid=fa254a6f-7888-45ac-a9ef-c49cd7f0d388] [pipe=CARD_APPLICATION_PIPELINE] [step=FinalDbUpdateStep] [rid=-] com.demo.outbox.pipeline.step.FinalDbUpdateStep    : [Step 3] Finalising applicationId=fa254a6f-7888-45ac-a9ef-c49cd7f0d388
Hibernate: select ca1_0.id,ca1_0.annual_income,ca1_0.applicant_name,ca1_0.created_at,ca1_0.credit_score,ca1_0.email,ca1_0.notification_id,ca1_0.provider_ref,ca1_0.status,ca1_0.updated_at from card_application ca1_0 where ca1_0.id=?
2026-06-29 20:28:51.842  INFO [main] [cid=fa254a6f-7888-45ac-a9ef-c49cd7f0d388] [pipe=CARD_APPLICATION_PIPELINE] [step=FinalDbUpdateStep] [rid=-] com.demo.outbox.pipeline.step.FinalDbUpdateStep    : [Step 3] Application fa254a6f-7888-45ac-a9ef-c49cd7f0d388 marked COMPLETED
Hibernate: update outbox_event set correlation_id=?,created_at=?,current_step=?,last_error=?,payload=?,pipeline_type=?,processed_at=?,retry_count=?,status=?,total_steps=?,version=? where id=? and version=?
Hibernate: update card_application set annual_income=?,applicant_name=?,created_at=?,credit_score=?,email=?,notification_id=?,provider_ref=?,status=?,updated_at=? where id=?
2026-06-29 20:28:51.843  INFO [main] [cid=fa254a6f-7888-45ac-a9ef-c49cd7f0d388] [pipe=CARD_APPLICATION_PIPELINE] [step=FinalDbUpdateStep] [rid=-] com.demo.outbox.scheduler.OutboxEventProcessor     : Pipeline [CARD_APPLICATION_PIPELINE] COMPLETED for correlationId=fa254a6f-7888-45ac-a9ef-c49cd7f0d388
Hibernate: select ca1_0.id,ca1_0.annual_income,ca1_0.applicant_name,ca1_0.created_at,ca1_0.credit_score,ca1_0.email,ca1_0.notification_id,ca1_0.provider_ref,ca1_0.status,ca1_0.updated_at from card_application ca1_0 where ca1_0.id=?
Hibernate: select oe1_0.id,oe1_0.correlation_id,oe1_0.created_at,oe1_0.current_step,oe1_0.last_error,oe1_0.payload,oe1_0.pipeline_type,oe1_0.processed_at,oe1_0.retry_count,oe1_0.status,oe1_0.total_steps,oe1_0.version from outbox_event oe1_0
]]></system-out>
  </testcase>
  <testcase name="mixedBatch_failureDoesNotBlockSiblings" classname="com.demo.outbox.OutboxPatternConsistencyIT$BatchProcessingIsolation" time="0.044">
    <system-out><![CDATA[Hibernate: select oe1_0.id,oe1_0.correlation_id,oe1_0.created_at,oe1_0.current_step,oe1_0.last_error,oe1_0.payload,oe1_0.pipeline_type,oe1_0.processed_at,oe1_0.retry_count,oe1_0.status,oe1_0.total_steps,oe1_0.version from outbox_event oe1_0
Hibernate: delete from outbox_event where id=? and version=?
Hibernate: select ca1_0.id,ca1_0.annual_income,ca1_0.applicant_name,ca1_0.created_at,ca1_0.credit_score,ca1_0.email,ca1_0.notification_id,ca1_0.provider_ref,ca1_0.status,ca1_0.updated_at from card_application ca1_0
Hibernate: delete from card_application where id=?
2026-06-29 20:28:51.864 DEBUG [main] [cid=-] [pipe=-] [step=-] [rid=-] com.demo.outbox.service.OutboxService              : Outbox event created id=78156116-7c34-4cd9-a628-01d1e992fe9d pipeline=CARD_APPLICATION_PIPELINE correlationId=6e923b4d-cede-433e-839a-4cdcc5140947
2026-06-29 20:28:51.864  INFO [main] [cid=-] [pipe=-] [step=-] [rid=-] com.demo.outbox.service.CardApplicationService     : Application 6e923b4d-cede-433e-839a-4cdcc5140947 submitted for sam@example.com, pipeline queued
Hibernate: insert into card_application (annual_income,applicant_name,created_at,credit_score,email,notification_id,provider_ref,status,updated_at,id) values (?,?,?,?,?,?,?,?,?,?)
Hibernate: insert into outbox_event (correlation_id,created_at,current_step,last_error,payload,pipeline_type,processed_at,retry_count,status,total_steps,version,id) values (?,?,?,?,?,?,?,?,?,?,?,?)
2026-06-29 20:28:51.865 DEBUG [main] [cid=-] [pipe=-] [step=-] [rid=-] com.demo.outbox.service.OutboxService              : Outbox event created id=57ce61bf-7920-450b-97b9-7370f9a65bed pipeline=CARD_APPLICATION_PIPELINE correlationId=9f18b348-0518-4bc5-a2a2-2b48883e50a8
2026-06-29 20:28:51.865  INFO [main] [cid=-] [pipe=-] [step=-] [rid=-] com.demo.outbox.service.CardApplicationService     : Application 9f18b348-0518-4bc5-a2a2-2b48883e50a8 submitted for tina@example.com, pipeline queued
Hibernate: insert into card_application (annual_income,applicant_name,created_at,credit_score,email,notification_id,provider_ref,status,updated_at,id) values (?,?,?,?,?,?,?,?,?,?)
Hibernate: insert into outbox_event (correlation_id,created_at,current_step,last_error,payload,pipeline_type,processed_at,retry_count,status,total_steps,version,id) values (?,?,?,?,?,?,?,?,?,?,?,?)
Hibernate: select oe1_0.id,oe1_0.correlation_id,oe1_0.created_at,oe1_0.current_step,oe1_0.last_error,oe1_0.payload,oe1_0.pipeline_type,oe1_0.processed_at,oe1_0.retry_count,oe1_0.status,oe1_0.total_steps,oe1_0.version from outbox_event oe1_0 where oe1_0.status='PENDING' order by oe1_0.created_at fetch first ? rows only for update
2026-06-29 20:28:51.868 DEBUG [main] [cid=-] [pipe=-] [step=-] [rid=-] com.demo.outbox.scheduler.PipelineOutboxPoller     : Outbox poll: found 2 PENDING event(s)
Hibernate: select oe1_0.id,oe1_0.correlation_id,oe1_0.created_at,oe1_0.current_step,oe1_0.last_error,oe1_0.payload,oe1_0.pipeline_type,oe1_0.processed_at,oe1_0.retry_count,oe1_0.status,oe1_0.total_steps,oe1_0.version from outbox_event oe1_0 where oe1_0.id=?
2026-06-29 20:28:51.869  INFO [main] [cid=6e923b4d-cede-433e-839a-4cdcc5140947] [pipe=CARD_APPLICATION_PIPELINE] [step=CreditBureauCheckStep] [rid=-] com.demo.outbox.scheduler.OutboxEventProcessor     : Pipeline [CARD_APPLICATION_PIPELINE] correlationId=6e923b4d-cede-433e-839a-4cdcc5140947 → executing step 1/4 (CreditBureauCheckStep)
Hibernate: select oe1_0.id,oe1_0.correlation_id,oe1_0.created_at,oe1_0.current_step,oe1_0.last_error,oe1_0.payload,oe1_0.pipeline_type,oe1_0.processed_at,oe1_0.retry_count,oe1_0.status,oe1_0.total_steps,oe1_0.version from outbox_event oe1_0 where oe1_0.id=?
2026-06-29 20:28:51.869  INFO [main] [cid=6e923b4d-cede-433e-839a-4cdcc5140947] [pipe=CARD_APPLICATION_PIPELINE] [step=CreditBureauCheckStep] [rid=-] c.demo.outbox.pipeline.step.CreditBureauCheckStep  : [Step 0] Checking credit for applicationId=6e923b4d-cede-433e-839a-4cdcc5140947
2026-06-29 20:28:51.869 DEBUG [main] [cid=6e923b4d-cede-433e-839a-4cdcc5140947] [pipe=CARD_APPLICATION_PIPELINE] [step=CreditBureauCheckStep] [rid=-] com.demo.outbox.api.CreditBureauClient             : Calling credit bureau for applicant=Sam Fail
2026-06-29 20:28:51.872  WARN [main] [cid=6e923b4d-cede-433e-839a-4cdcc5140947] [pipe=CARD_APPLICATION_PIPELINE] [step=CreditBureauCheckStep] [rid=-] com.demo.outbox.scheduler.OutboxStepExecutor       : Pipeline [CARD_APPLICATION_PIPELINE] step 0 failed (attempt 1/3): 500 Server Error: [no body]
Hibernate: update outbox_event set correlation_id=?,created_at=?,current_step=?,last_error=?,payload=?,pipeline_type=?,processed_at=?,retry_count=?,status=?,total_steps=?,version=? where id=? and version=?
2026-06-29 20:28:51.874  INFO [main] [cid=6e923b4d-cede-433e-839a-4cdcc5140947] [pipe=CARD_APPLICATION_PIPELINE] [step=CreditBureauCheckStep] [rid=-] com.demo.outbox.scheduler.OutboxEventProcessor     : Pipeline [CARD_APPLICATION_PIPELINE] halted at step 1 for correlationId=6e923b4d-cede-433e-839a-4cdcc5140947
Hibernate: select oe1_0.id,oe1_0.correlation_id,oe1_0.created_at,oe1_0.current_step,oe1_0.last_error,oe1_0.payload,oe1_0.pipeline_type,oe1_0.processed_at,oe1_0.retry_count,oe1_0.status,oe1_0.total_steps,oe1_0.version from outbox_event oe1_0 where oe1_0.id=?
2026-06-29 20:28:51.874  INFO [main] [cid=9f18b348-0518-4bc5-a2a2-2b48883e50a8] [pipe=CARD_APPLICATION_PIPELINE] [step=CreditBureauCheckStep] [rid=-] com.demo.outbox.scheduler.OutboxEventProcessor     : Pipeline [CARD_APPLICATION_PIPELINE] correlationId=9f18b348-0518-4bc5-a2a2-2b48883e50a8 → executing step 1/4 (CreditBureauCheckStep)
Hibernate: select oe1_0.id,oe1_0.correlation_id,oe1_0.created_at,oe1_0.current_step,oe1_0.last_error,oe1_0.payload,oe1_0.pipeline_type,oe1_0.processed_at,oe1_0.retry_count,oe1_0.status,oe1_0.total_steps,oe1_0.version from outbox_event oe1_0 where oe1_0.id=?
2026-06-29 20:28:51.875  INFO [main] [cid=9f18b348-0518-4bc5-a2a2-2b48883e50a8] [pipe=CARD_APPLICATION_PIPELINE] [step=CreditBureauCheckStep] [rid=-] c.demo.outbox.pipeline.step.CreditBureauCheckStep  : [Step 0] Checking credit for applicationId=9f18b348-0518-4bc5-a2a2-2b48883e50a8
2026-06-29 20:28:51.875 DEBUG [main] [cid=9f18b348-0518-4bc5-a2a2-2b48883e50a8] [pipe=CARD_APPLICATION_PIPELINE] [step=CreditBureauCheckStep] [rid=-] com.demo.outbox.api.CreditBureauClient             : Calling credit bureau for applicant=Tina Win
2026-06-29 20:28:51.878 DEBUG [main] [cid=9f18b348-0518-4bc5-a2a2-2b48883e50a8] [pipe=CARD_APPLICATION_PIPELINE] [step=CreditBureauCheckStep] [rid=-] com.demo.outbox.api.CreditBureauClient             : Credit bureau returned score=760 for applicant=Tina Win
Hibernate: select ca1_0.id,ca1_0.annual_income,ca1_0.applicant_name,ca1_0.created_at,ca1_0.credit_score,ca1_0.email,ca1_0.notification_id,ca1_0.provider_ref,ca1_0.status,ca1_0.updated_at from card_application ca1_0 where ca1_0.id=?
2026-06-29 20:28:51.878  INFO [main] [cid=9f18b348-0518-4bc5-a2a2-2b48883e50a8] [pipe=CARD_APPLICATION_PIPELINE] [step=CreditBureauCheckStep] [rid=-] c.demo.outbox.pipeline.step.CreditBureauCheckStep  : [Step 0] Credit check complete, score=760
Hibernate: update outbox_event set correlation_id=?,created_at=?,current_step=?,last_error=?,payload=?,pipeline_type=?,processed_at=?,retry_count=?,status=?,total_steps=?,version=? where id=? and version=?
Hibernate: update card_application set annual_income=?,applicant_name=?,created_at=?,credit_score=?,email=?,notification_id=?,provider_ref=?,status=?,updated_at=? where id=?
2026-06-29 20:28:51.880  INFO [main] [cid=9f18b348-0518-4bc5-a2a2-2b48883e50a8] [pipe=CARD_APPLICATION_PIPELINE] [step=CardProviderRegisterStep] [rid=-] com.demo.outbox.scheduler.OutboxEventProcessor     : Pipeline [CARD_APPLICATION_PIPELINE] correlationId=9f18b348-0518-4bc5-a2a2-2b48883e50a8 → executing step 2/4 (CardProviderRegisterStep)
Hibernate: select oe1_0.id,oe1_0.correlation_id,oe1_0.created_at,oe1_0.current_step,oe1_0.last_error,oe1_0.payload,oe1_0.pipeline_type,oe1_0.processed_at,oe1_0.retry_count,oe1_0.status,oe1_0.total_steps,oe1_0.version from outbox_event oe1_0 where oe1_0.id=?
2026-06-29 20:28:51.880  INFO [main] [cid=9f18b348-0518-4bc5-a2a2-2b48883e50a8] [pipe=CARD_APPLICATION_PIPELINE] [step=CardProviderRegisterStep] [rid=-] c.d.outbox.pipeline.step.CardProviderRegisterStep  : [Step 1] Registering applicationId=9f18b348-0518-4bc5-a2a2-2b48883e50a8 with card provider
2026-06-29 20:28:51.880 DEBUG [main] [cid=9f18b348-0518-4bc5-a2a2-2b48883e50a8] [pipe=CARD_APPLICATION_PIPELINE] [step=CardProviderRegisterStep] [rid=-] com.demo.outbox.api.CardProviderClient             : Registering application=9f18b348-0518-4bc5-a2a2-2b48883e50a8 with card provider
2026-06-29 20:28:51.883 DEBUG [main] [cid=9f18b348-0518-4bc5-a2a2-2b48883e50a8] [pipe=CARD_APPLICATION_PIPELINE] [step=CardProviderRegisterStep] [rid=-] com.demo.outbox.api.CardProviderClient             : Card provider returned providerRef=PROV-MIXED-001
Hibernate: select ca1_0.id,ca1_0.annual_income,ca1_0.applicant_name,ca1_0.created_at,ca1_0.credit_score,ca1_0.email,ca1_0.notification_id,ca1_0.provider_ref,ca1_0.status,ca1_0.updated_at from card_application ca1_0 where ca1_0.id=?
2026-06-29 20:28:51.884  INFO [main] [cid=9f18b348-0518-4bc5-a2a2-2b48883e50a8] [pipe=CARD_APPLICATION_PIPELINE] [step=CardProviderRegisterStep] [rid=-] c.d.outbox.pipeline.step.CardProviderRegisterStep  : [Step 1] Provider registration complete, ref=PROV-MIXED-001
Hibernate: update outbox_event set correlation_id=?,created_at=?,current_step=?,last_error=?,payload=?,pipeline_type=?,processed_at=?,retry_count=?,status=?,total_steps=?,version=? where id=? and version=?
Hibernate: update card_application set annual_income=?,applicant_name=?,created_at=?,credit_score=?,email=?,notification_id=?,provider_ref=?,status=?,updated_at=? where id=?
2026-06-29 20:28:51.885  INFO [main] [cid=9f18b348-0518-4bc5-a2a2-2b48883e50a8] [pipe=CARD_APPLICATION_PIPELINE] [step=NotificationStep] [rid=-] com.demo.outbox.scheduler.OutboxEventProcessor     : Pipeline [CARD_APPLICATION_PIPELINE] correlationId=9f18b348-0518-4bc5-a2a2-2b48883e50a8 → executing step 3/4 (NotificationStep)
Hibernate: select oe1_0.id,oe1_0.correlation_id,oe1_0.created_at,oe1_0.current_step,oe1_0.last_error,oe1_0.payload,oe1_0.pipeline_type,oe1_0.processed_at,oe1_0.retry_count,oe1_0.status,oe1_0.total_steps,oe1_0.version from outbox_event oe1_0 where oe1_0.id=?
2026-06-29 20:28:51.886  INFO [main] [cid=9f18b348-0518-4bc5-a2a2-2b48883e50a8] [pipe=CARD_APPLICATION_PIPELINE] [step=NotificationStep] [rid=-] com.demo.outbox.pipeline.step.NotificationStep     : [Step 2] Sending notification to email=tina@example.com
2026-06-29 20:28:51.886 DEBUG [main] [cid=9f18b348-0518-4bc5-a2a2-2b48883e50a8] [pipe=CARD_APPLICATION_PIPELINE] [step=NotificationStep] [rid=-] com.demo.outbox.api.NotificationClient             : Sending notification to email=tina@example.com
2026-06-29 20:28:51.888 DEBUG [main] [cid=9f18b348-0518-4bc5-a2a2-2b48883e50a8] [pipe=CARD_APPLICATION_PIPELINE] [step=NotificationStep] [rid=-] com.demo.outbox.api.NotificationClient             : Notification sent, id=NOTIF-MIXED-001
Hibernate: select ca1_0.id,ca1_0.annual_income,ca1_0.applicant_name,ca1_0.created_at,ca1_0.credit_score,ca1_0.email,ca1_0.notification_id,ca1_0.provider_ref,ca1_0.status,ca1_0.updated_at from card_application ca1_0 where ca1_0.id=?
2026-06-29 20:28:51.889  INFO [main] [cid=9f18b348-0518-4bc5-a2a2-2b48883e50a8] [pipe=CARD_APPLICATION_PIPELINE] [step=NotificationStep] [rid=-] com.demo.outbox.pipeline.step.NotificationStep     : [Step 2] Notification sent, id=NOTIF-MIXED-001
Hibernate: update outbox_event set correlation_id=?,created_at=?,current_step=?,last_error=?,payload=?,pipeline_type=?,processed_at=?,retry_count=?,status=?,total_steps=?,version=? where id=? and version=?
Hibernate: update card_application set annual_income=?,applicant_name=?,created_at=?,credit_score=?,email=?,notification_id=?,provider_ref=?,status=?,updated_at=? where id=?
2026-06-29 20:28:51.890  INFO [main] [cid=9f18b348-0518-4bc5-a2a2-2b48883e50a8] [pipe=CARD_APPLICATION_PIPELINE] [step=FinalDbUpdateStep] [rid=-] com.demo.outbox.scheduler.OutboxEventProcessor     : Pipeline [CARD_APPLICATION_PIPELINE] correlationId=9f18b348-0518-4bc5-a2a2-2b48883e50a8 → executing step 4/4 (FinalDbUpdateStep)
Hibernate: select oe1_0.id,oe1_0.correlation_id,oe1_0.created_at,oe1_0.current_step,oe1_0.last_error,oe1_0.payload,oe1_0.pipeline_type,oe1_0.processed_at,oe1_0.retry_count,oe1_0.status,oe1_0.total_steps,oe1_0.version from outbox_event oe1_0 where oe1_0.id=?
2026-06-29 20:28:51.891  INFO [main] [cid=9f18b348-0518-4bc5-a2a2-2b48883e50a8] [pipe=CARD_APPLICATION_PIPELINE] [step=FinalDbUpdateStep] [rid=-] com.demo.outbox.pipeline.step.FinalDbUpdateStep    : [Step 3] Finalising applicationId=9f18b348-0518-4bc5-a2a2-2b48883e50a8
Hibernate: select ca1_0.id,ca1_0.annual_income,ca1_0.applicant_name,ca1_0.created_at,ca1_0.credit_score,ca1_0.email,ca1_0.notification_id,ca1_0.provider_ref,ca1_0.status,ca1_0.updated_at from card_application ca1_0 where ca1_0.id=?
2026-06-29 20:28:51.891  INFO [main] [cid=9f18b348-0518-4bc5-a2a2-2b48883e50a8] [pipe=CARD_APPLICATION_PIPELINE] [step=FinalDbUpdateStep] [rid=-] com.demo.outbox.pipeline.step.FinalDbUpdateStep    : [Step 3] Application 9f18b348-0518-4bc5-a2a2-2b48883e50a8 marked COMPLETED
Hibernate: update outbox_event set correlation_id=?,created_at=?,current_step=?,last_error=?,payload=?,pipeline_type=?,processed_at=?,retry_count=?,status=?,total_steps=?,version=? where id=? and version=?
Hibernate: update card_application set annual_income=?,applicant_name=?,created_at=?,credit_score=?,email=?,notification_id=?,provider_ref=?,status=?,updated_at=? where id=?
2026-06-29 20:28:51.892  INFO [main] [cid=9f18b348-0518-4bc5-a2a2-2b48883e50a8] [pipe=CARD_APPLICATION_PIPELINE] [step=FinalDbUpdateStep] [rid=-] com.demo.outbox.scheduler.OutboxEventProcessor     : Pipeline [CARD_APPLICATION_PIPELINE] COMPLETED for correlationId=9f18b348-0518-4bc5-a2a2-2b48883e50a8
Hibernate: select ca1_0.id,ca1_0.annual_income,ca1_0.applicant_name,ca1_0.created_at,ca1_0.credit_score,ca1_0.email,ca1_0.notification_id,ca1_0.provider_ref,ca1_0.status,ca1_0.updated_at from card_application ca1_0 where ca1_0.id=?
Hibernate: select ca1_0.id,ca1_0.annual_income,ca1_0.applicant_name,ca1_0.created_at,ca1_0.credit_score,ca1_0.email,ca1_0.notification_id,ca1_0.provider_ref,ca1_0.status,ca1_0.updated_at from card_application ca1_0 where ca1_0.id=?
Hibernate: select oe1_0.id,oe1_0.correlation_id,oe1_0.created_at,oe1_0.current_step,oe1_0.last_error,oe1_0.payload,oe1_0.pipeline_type,oe1_0.processed_at,oe1_0.retry_count,oe1_0.status,oe1_0.total_steps,oe1_0.version from outbox_event oe1_0
Hibernate: select oe1_0.id,oe1_0.correlation_id,oe1_0.created_at,oe1_0.current_step,oe1_0.last_error,oe1_0.payload,oe1_0.pipeline_type,oe1_0.processed_at,oe1_0.retry_count,oe1_0.status,oe1_0.total_steps,oe1_0.version from outbox_event oe1_0
]]></system-out>
  </testcase>
  <testcase name="failedEvent_doesNotBlockNewApplications" classname="com.demo.outbox.OutboxPatternConsistencyIT$BatchProcessingIsolation" time="0.048">
    <system-out><![CDATA[Hibernate: select oe1_0.id,oe1_0.correlation_id,oe1_0.created_at,oe1_0.current_step,oe1_0.last_error,oe1_0.payload,oe1_0.pipeline_type,oe1_0.processed_at,oe1_0.retry_count,oe1_0.status,oe1_0.total_steps,oe1_0.version from outbox_event oe1_0
Hibernate: delete from outbox_event where id=? and version=?
Hibernate: delete from outbox_event where id=? and version=?
Hibernate: select ca1_0.id,ca1_0.annual_income,ca1_0.applicant_name,ca1_0.created_at,ca1_0.credit_score,ca1_0.email,ca1_0.notification_id,ca1_0.provider_ref,ca1_0.status,ca1_0.updated_at from card_application ca1_0
Hibernate: delete from card_application where id=?
Hibernate: delete from card_application where id=?
2026-06-29 20:28:51.902 DEBUG [main] [cid=-] [pipe=-] [step=-] [rid=-] com.demo.outbox.service.OutboxService              : Outbox event created id=7c9d9ef1-4f46-488a-ae6c-6fcafcbf29f1 pipeline=CARD_APPLICATION_PIPELINE correlationId=29b645ed-ef1b-4748-bcbb-a91c01ef1216
2026-06-29 20:28:51.903  INFO [main] [cid=-] [pipe=-] [step=-] [rid=-] com.demo.outbox.service.CardApplicationService     : Application 29b645ed-ef1b-4748-bcbb-a91c01ef1216 submitted for uma@example.com, pipeline queued
Hibernate: insert into card_application (annual_income,applicant_name,created_at,credit_score,email,notification_id,provider_ref,status,updated_at,id) values (?,?,?,?,?,?,?,?,?,?)
Hibernate: insert into outbox_event (correlation_id,created_at,current_step,last_error,payload,pipeline_type,processed_at,retry_count,status,total_steps,version,id) values (?,?,?,?,?,?,?,?,?,?,?,?)
Hibernate: select oe1_0.id,oe1_0.correlation_id,oe1_0.created_at,oe1_0.current_step,oe1_0.last_error,oe1_0.payload,oe1_0.pipeline_type,oe1_0.processed_at,oe1_0.retry_count,oe1_0.status,oe1_0.total_steps,oe1_0.version from outbox_event oe1_0 where oe1_0.status='PENDING' order by oe1_0.created_at fetch first ? rows only for update
2026-06-29 20:28:51.905 DEBUG [main] [cid=-] [pipe=-] [step=-] [rid=-] com.demo.outbox.scheduler.PipelineOutboxPoller     : Outbox poll: found 1 PENDING event(s)
Hibernate: select oe1_0.id,oe1_0.correlation_id,oe1_0.created_at,oe1_0.current_step,oe1_0.last_error,oe1_0.payload,oe1_0.pipeline_type,oe1_0.processed_at,oe1_0.retry_count,oe1_0.status,oe1_0.total_steps,oe1_0.version from outbox_event oe1_0 where oe1_0.id=?
2026-06-29 20:28:51.906  INFO [main] [cid=29b645ed-ef1b-4748-bcbb-a91c01ef1216] [pipe=CARD_APPLICATION_PIPELINE] [step=CreditBureauCheckStep] [rid=-] com.demo.outbox.scheduler.OutboxEventProcessor     : Pipeline [CARD_APPLICATION_PIPELINE] correlationId=29b645ed-ef1b-4748-bcbb-a91c01ef1216 → executing step 1/4 (CreditBureauCheckStep)
Hibernate: select oe1_0.id,oe1_0.correlation_id,oe1_0.created_at,oe1_0.current_step,oe1_0.last_error,oe1_0.payload,oe1_0.pipeline_type,oe1_0.processed_at,oe1_0.retry_count,oe1_0.status,oe1_0.total_steps,oe1_0.version from outbox_event oe1_0 where oe1_0.id=?
2026-06-29 20:28:51.906  INFO [main] [cid=29b645ed-ef1b-4748-bcbb-a91c01ef1216] [pipe=CARD_APPLICATION_PIPELINE] [step=CreditBureauCheckStep] [rid=-] c.demo.outbox.pipeline.step.CreditBureauCheckStep  : [Step 0] Checking credit for applicationId=29b645ed-ef1b-4748-bcbb-a91c01ef1216
2026-06-29 20:28:51.906 DEBUG [main] [cid=29b645ed-ef1b-4748-bcbb-a91c01ef1216] [pipe=CARD_APPLICATION_PIPELINE] [step=CreditBureauCheckStep] [rid=-] com.demo.outbox.api.CreditBureauClient             : Calling credit bureau for applicant=Uma Stuck
2026-06-29 20:28:51.909  WARN [main] [cid=29b645ed-ef1b-4748-bcbb-a91c01ef1216] [pipe=CARD_APPLICATION_PIPELINE] [step=CreditBureauCheckStep] [rid=-] com.demo.outbox.scheduler.OutboxStepExecutor       : Pipeline [CARD_APPLICATION_PIPELINE] step 0 failed (attempt 1/3): 500 Server Error: [no body]
Hibernate: update outbox_event set correlation_id=?,created_at=?,current_step=?,last_error=?,payload=?,pipeline_type=?,processed_at=?,retry_count=?,status=?,total_steps=?,version=? where id=? and version=?
2026-06-29 20:28:51.910  INFO [main] [cid=29b645ed-ef1b-4748-bcbb-a91c01ef1216] [pipe=CARD_APPLICATION_PIPELINE] [step=CreditBureauCheckStep] [rid=-] com.demo.outbox.scheduler.OutboxEventProcessor     : Pipeline [CARD_APPLICATION_PIPELINE] halted at step 1 for correlationId=29b645ed-ef1b-4748-bcbb-a91c01ef1216
Hibernate: select oe1_0.id,oe1_0.correlation_id,oe1_0.created_at,oe1_0.current_step,oe1_0.last_error,oe1_0.payload,oe1_0.pipeline_type,oe1_0.processed_at,oe1_0.retry_count,oe1_0.status,oe1_0.total_steps,oe1_0.version from outbox_event oe1_0 where oe1_0.status='PENDING' order by oe1_0.created_at fetch first ? rows only for update
2026-06-29 20:28:51.912 DEBUG [main] [cid=-] [pipe=-] [step=-] [rid=-] com.demo.outbox.scheduler.PipelineOutboxPoller     : Outbox poll: found 1 PENDING event(s)
Hibernate: select oe1_0.id,oe1_0.correlation_id,oe1_0.created_at,oe1_0.current_step,oe1_0.last_error,oe1_0.payload,oe1_0.pipeline_type,oe1_0.processed_at,oe1_0.retry_count,oe1_0.status,oe1_0.total_steps,oe1_0.version from outbox_event oe1_0 where oe1_0.id=?
2026-06-29 20:28:51.912  INFO [main] [cid=29b645ed-ef1b-4748-bcbb-a91c01ef1216] [pipe=CARD_APPLICATION_PIPELINE] [step=CreditBureauCheckStep] [rid=-] com.demo.outbox.scheduler.OutboxEventProcessor     : Pipeline [CARD_APPLICATION_PIPELINE] correlationId=29b645ed-ef1b-4748-bcbb-a91c01ef1216 → executing step 1/4 (CreditBureauCheckStep)
Hibernate: select oe1_0.id,oe1_0.correlation_id,oe1_0.created_at,oe1_0.current_step,oe1_0.last_error,oe1_0.payload,oe1_0.pipeline_type,oe1_0.processed_at,oe1_0.retry_count,oe1_0.status,oe1_0.total_steps,oe1_0.version from outbox_event oe1_0 where oe1_0.id=?
2026-06-29 20:28:51.913  INFO [main] [cid=29b645ed-ef1b-4748-bcbb-a91c01ef1216] [pipe=CARD_APPLICATION_PIPELINE] [step=CreditBureauCheckStep] [rid=-] c.demo.outbox.pipeline.step.CreditBureauCheckStep  : [Step 0] Checking credit for applicationId=29b645ed-ef1b-4748-bcbb-a91c01ef1216
2026-06-29 20:28:51.913 DEBUG [main] [cid=29b645ed-ef1b-4748-bcbb-a91c01ef1216] [pipe=CARD_APPLICATION_PIPELINE] [step=CreditBureauCheckStep] [rid=-] com.demo.outbox.api.CreditBureauClient             : Calling credit bureau for applicant=Uma Stuck
2026-06-29 20:28:51.916  WARN [main] [cid=29b645ed-ef1b-4748-bcbb-a91c01ef1216] [pipe=CARD_APPLICATION_PIPELINE] [step=CreditBureauCheckStep] [rid=-] com.demo.outbox.scheduler.OutboxStepExecutor       : Pipeline [CARD_APPLICATION_PIPELINE] step 0 failed (attempt 2/3): 500 Server Error: [no body]
Hibernate: update outbox_event set correlation_id=?,created_at=?,current_step=?,last_error=?,payload=?,pipeline_type=?,processed_at=?,retry_count=?,status=?,total_steps=?,version=? where id=? and version=?
2026-06-29 20:28:51.916  INFO [main] [cid=29b645ed-ef1b-4748-bcbb-a91c01ef1216] [pipe=CARD_APPLICATION_PIPELINE] [step=CreditBureauCheckStep] [rid=-] com.demo.outbox.scheduler.OutboxEventProcessor     : Pipeline [CARD_APPLICATION_PIPELINE] halted at step 1 for correlationId=29b645ed-ef1b-4748-bcbb-a91c01ef1216
Hibernate: select oe1_0.id,oe1_0.correlation_id,oe1_0.created_at,oe1_0.current_step,oe1_0.last_error,oe1_0.payload,oe1_0.pipeline_type,oe1_0.processed_at,oe1_0.retry_count,oe1_0.status,oe1_0.total_steps,oe1_0.version from outbox_event oe1_0 where oe1_0.status='PENDING' order by oe1_0.created_at fetch first ? rows only for update
2026-06-29 20:28:51.918 DEBUG [main] [cid=-] [pipe=-] [step=-] [rid=-] com.demo.outbox.scheduler.PipelineOutboxPoller     : Outbox poll: found 1 PENDING event(s)
Hibernate: select oe1_0.id,oe1_0.correlation_id,oe1_0.created_at,oe1_0.current_step,oe1_0.last_error,oe1_0.payload,oe1_0.pipeline_type,oe1_0.processed_at,oe1_0.retry_count,oe1_0.status,oe1_0.total_steps,oe1_0.version from outbox_event oe1_0 where oe1_0.id=?
2026-06-29 20:28:51.918  INFO [main] [cid=29b645ed-ef1b-4748-bcbb-a91c01ef1216] [pipe=CARD_APPLICATION_PIPELINE] [step=CreditBureauCheckStep] [rid=-] com.demo.outbox.scheduler.OutboxEventProcessor     : Pipeline [CARD_APPLICATION_PIPELINE] correlationId=29b645ed-ef1b-4748-bcbb-a91c01ef1216 → executing step 1/4 (CreditBureauCheckStep)
Hibernate: select oe1_0.id,oe1_0.correlation_id,oe1_0.created_at,oe1_0.current_step,oe1_0.last_error,oe1_0.payload,oe1_0.pipeline_type,oe1_0.processed_at,oe1_0.retry_count,oe1_0.status,oe1_0.total_steps,oe1_0.version from outbox_event oe1_0 where oe1_0.id=?
2026-06-29 20:28:51.919  INFO [main] [cid=29b645ed-ef1b-4748-bcbb-a91c01ef1216] [pipe=CARD_APPLICATION_PIPELINE] [step=CreditBureauCheckStep] [rid=-] c.demo.outbox.pipeline.step.CreditBureauCheckStep  : [Step 0] Checking credit for applicationId=29b645ed-ef1b-4748-bcbb-a91c01ef1216
2026-06-29 20:28:51.919 DEBUG [main] [cid=29b645ed-ef1b-4748-bcbb-a91c01ef1216] [pipe=CARD_APPLICATION_PIPELINE] [step=CreditBureauCheckStep] [rid=-] com.demo.outbox.api.CreditBureauClient             : Calling credit bureau for applicant=Uma Stuck
2026-06-29 20:28:51.922  WARN [main] [cid=29b645ed-ef1b-4748-bcbb-a91c01ef1216] [pipe=CARD_APPLICATION_PIPELINE] [step=CreditBureauCheckStep] [rid=-] com.demo.outbox.scheduler.OutboxStepExecutor       : Pipeline [CARD_APPLICATION_PIPELINE] step 0 failed (attempt 3/3): 500 Server Error: [no body]
2026-06-29 20:28:51.922 ERROR [main] [cid=29b645ed-ef1b-4748-bcbb-a91c01ef1216] [pipe=CARD_APPLICATION_PIPELINE] [step=CreditBureauCheckStep] [rid=-] com.demo.outbox.scheduler.OutboxStepExecutor       : Pipeline [CARD_APPLICATION_PIPELINE] PERMANENTLY FAILED at step 0 for correlationId=29b645ed-ef1b-4748-bcbb-a91c01ef1216: 500 Server Error: [no body]
Hibernate: update outbox_event set correlation_id=?,created_at=?,current_step=?,last_error=?,payload=?,pipeline_type=?,processed_at=?,retry_count=?,status=?,total_steps=?,version=? where id=? and version=?
2026-06-29 20:28:51.922  INFO [main] [cid=29b645ed-ef1b-4748-bcbb-a91c01ef1216] [pipe=CARD_APPLICATION_PIPELINE] [step=CreditBureauCheckStep] [rid=-] com.demo.outbox.scheduler.OutboxEventProcessor     : Pipeline [CARD_APPLICATION_PIPELINE] halted at step 1 for correlationId=29b645ed-ef1b-4748-bcbb-a91c01ef1216
Hibernate: select oe1_0.id,oe1_0.correlation_id,oe1_0.created_at,oe1_0.current_step,oe1_0.last_error,oe1_0.payload,oe1_0.pipeline_type,oe1_0.processed_at,oe1_0.retry_count,oe1_0.status,oe1_0.total_steps,oe1_0.version from outbox_event oe1_0
2026-06-29 20:28:51.924 DEBUG [main] [cid=-] [pipe=-] [step=-] [rid=-] com.demo.outbox.service.OutboxService              : Outbox event created id=eb2aa94e-a946-4132-98cd-b214b0960f5b pipeline=CARD_APPLICATION_PIPELINE correlationId=c3a7aef5-e85e-486d-ae28-5a8e502d4c4d
2026-06-29 20:28:51.924  INFO [main] [cid=-] [pipe=-] [step=-] [rid=-] com.demo.outbox.service.CardApplicationService     : Application c3a7aef5-e85e-486d-ae28-5a8e502d4c4d submitted for victor@example.com, pipeline queued
Hibernate: insert into card_application (annual_income,applicant_name,created_at,credit_score,email,notification_id,provider_ref,status,updated_at,id) values (?,?,?,?,?,?,?,?,?,?)
Hibernate: insert into outbox_event (correlation_id,created_at,current_step,last_error,payload,pipeline_type,processed_at,retry_count,status,total_steps,version,id) values (?,?,?,?,?,?,?,?,?,?,?,?)
Hibernate: select oe1_0.id,oe1_0.correlation_id,oe1_0.created_at,oe1_0.current_step,oe1_0.last_error,oe1_0.payload,oe1_0.pipeline_type,oe1_0.processed_at,oe1_0.retry_count,oe1_0.status,oe1_0.total_steps,oe1_0.version from outbox_event oe1_0 where oe1_0.status='PENDING' order by oe1_0.created_at fetch first ? rows only for update
2026-06-29 20:28:51.926 DEBUG [main] [cid=-] [pipe=-] [step=-] [rid=-] com.demo.outbox.scheduler.PipelineOutboxPoller     : Outbox poll: found 1 PENDING event(s)
Hibernate: select oe1_0.id,oe1_0.correlation_id,oe1_0.created_at,oe1_0.current_step,oe1_0.last_error,oe1_0.payload,oe1_0.pipeline_type,oe1_0.processed_at,oe1_0.retry_count,oe1_0.status,oe1_0.total_steps,oe1_0.version from outbox_event oe1_0 where oe1_0.id=?
2026-06-29 20:28:51.927  INFO [main] [cid=c3a7aef5-e85e-486d-ae28-5a8e502d4c4d] [pipe=CARD_APPLICATION_PIPELINE] [step=CreditBureauCheckStep] [rid=-] com.demo.outbox.scheduler.OutboxEventProcessor     : Pipeline [CARD_APPLICATION_PIPELINE] correlationId=c3a7aef5-e85e-486d-ae28-5a8e502d4c4d → executing step 1/4 (CreditBureauCheckStep)
Hibernate: select oe1_0.id,oe1_0.correlation_id,oe1_0.created_at,oe1_0.current_step,oe1_0.last_error,oe1_0.payload,oe1_0.pipeline_type,oe1_0.processed_at,oe1_0.retry_count,oe1_0.status,oe1_0.total_steps,oe1_0.version from outbox_event oe1_0 where oe1_0.id=?
2026-06-29 20:28:51.927  INFO [main] [cid=c3a7aef5-e85e-486d-ae28-5a8e502d4c4d] [pipe=CARD_APPLICATION_PIPELINE] [step=CreditBureauCheckStep] [rid=-] c.demo.outbox.pipeline.step.CreditBureauCheckStep  : [Step 0] Checking credit for applicationId=c3a7aef5-e85e-486d-ae28-5a8e502d4c4d
2026-06-29 20:28:51.927 DEBUG [main] [cid=c3a7aef5-e85e-486d-ae28-5a8e502d4c4d] [pipe=CARD_APPLICATION_PIPELINE] [step=CreditBureauCheckStep] [rid=-] com.demo.outbox.api.CreditBureauClient             : Calling credit bureau for applicant=Victor Fresh
2026-06-29 20:28:51.930 DEBUG [main] [cid=c3a7aef5-e85e-486d-ae28-5a8e502d4c4d] [pipe=CARD_APPLICATION_PIPELINE] [step=CreditBureauCheckStep] [rid=-] com.demo.outbox.api.CreditBureauClient             : Credit bureau returned score=750 for applicant=Victor Fresh
Hibernate: select ca1_0.id,ca1_0.annual_income,ca1_0.applicant_name,ca1_0.created_at,ca1_0.credit_score,ca1_0.email,ca1_0.notification_id,ca1_0.provider_ref,ca1_0.status,ca1_0.updated_at from card_application ca1_0 where ca1_0.id=?
2026-06-29 20:28:51.931  INFO [main] [cid=c3a7aef5-e85e-486d-ae28-5a8e502d4c4d] [pipe=CARD_APPLICATION_PIPELINE] [step=CreditBureauCheckStep] [rid=-] c.demo.outbox.pipeline.step.CreditBureauCheckStep  : [Step 0] Credit check complete, score=750
Hibernate: update outbox_event set correlation_id=?,created_at=?,current_step=?,last_error=?,payload=?,pipeline_type=?,processed_at=?,retry_count=?,status=?,total_steps=?,version=? where id=? and version=?
Hibernate: update card_application set annual_income=?,applicant_name=?,created_at=?,credit_score=?,email=?,notification_id=?,provider_ref=?,status=?,updated_at=? where id=?
2026-06-29 20:28:51.932  INFO [main] [cid=c3a7aef5-e85e-486d-ae28-5a8e502d4c4d] [pipe=CARD_APPLICATION_PIPELINE] [step=CardProviderRegisterStep] [rid=-] com.demo.outbox.scheduler.OutboxEventProcessor     : Pipeline [CARD_APPLICATION_PIPELINE] correlationId=c3a7aef5-e85e-486d-ae28-5a8e502d4c4d → executing step 2/4 (CardProviderRegisterStep)
Hibernate: select oe1_0.id,oe1_0.correlation_id,oe1_0.created_at,oe1_0.current_step,oe1_0.last_error,oe1_0.payload,oe1_0.pipeline_type,oe1_0.processed_at,oe1_0.retry_count,oe1_0.status,oe1_0.total_steps,oe1_0.version from outbox_event oe1_0 where oe1_0.id=?
2026-06-29 20:28:51.932  INFO [main] [cid=c3a7aef5-e85e-486d-ae28-5a8e502d4c4d] [pipe=CARD_APPLICATION_PIPELINE] [step=CardProviderRegisterStep] [rid=-] c.d.outbox.pipeline.step.CardProviderRegisterStep  : [Step 1] Registering applicationId=c3a7aef5-e85e-486d-ae28-5a8e502d4c4d with card provider
2026-06-29 20:28:51.933 DEBUG [main] [cid=c3a7aef5-e85e-486d-ae28-5a8e502d4c4d] [pipe=CARD_APPLICATION_PIPELINE] [step=CardProviderRegisterStep] [rid=-] com.demo.outbox.api.CardProviderClient             : Registering application=c3a7aef5-e85e-486d-ae28-5a8e502d4c4d with card provider
2026-06-29 20:28:51.935 DEBUG [main] [cid=c3a7aef5-e85e-486d-ae28-5a8e502d4c4d] [pipe=CARD_APPLICATION_PIPELINE] [step=CardProviderRegisterStep] [rid=-] com.demo.outbox.api.CardProviderClient             : Card provider returned providerRef=PROV-REF-001
Hibernate: select ca1_0.id,ca1_0.annual_income,ca1_0.applicant_name,ca1_0.created_at,ca1_0.credit_score,ca1_0.email,ca1_0.notification_id,ca1_0.provider_ref,ca1_0.status,ca1_0.updated_at from card_application ca1_0 where ca1_0.id=?
2026-06-29 20:28:51.936  INFO [main] [cid=c3a7aef5-e85e-486d-ae28-5a8e502d4c4d] [pipe=CARD_APPLICATION_PIPELINE] [step=CardProviderRegisterStep] [rid=-] c.d.outbox.pipeline.step.CardProviderRegisterStep  : [Step 1] Provider registration complete, ref=PROV-REF-001
Hibernate: update outbox_event set correlation_id=?,created_at=?,current_step=?,last_error=?,payload=?,pipeline_type=?,processed_at=?,retry_count=?,status=?,total_steps=?,version=? where id=? and version=?
Hibernate: update card_application set annual_income=?,applicant_name=?,created_at=?,credit_score=?,email=?,notification_id=?,provider_ref=?,status=?,updated_at=? where id=?
2026-06-29 20:28:51.937  INFO [main] [cid=c3a7aef5-e85e-486d-ae28-5a8e502d4c4d] [pipe=CARD_APPLICATION_PIPELINE] [step=NotificationStep] [rid=-] com.demo.outbox.scheduler.OutboxEventProcessor     : Pipeline [CARD_APPLICATION_PIPELINE] correlationId=c3a7aef5-e85e-486d-ae28-5a8e502d4c4d → executing step 3/4 (NotificationStep)
Hibernate: select oe1_0.id,oe1_0.correlation_id,oe1_0.created_at,oe1_0.current_step,oe1_0.last_error,oe1_0.payload,oe1_0.pipeline_type,oe1_0.processed_at,oe1_0.retry_count,oe1_0.status,oe1_0.total_steps,oe1_0.version from outbox_event oe1_0 where oe1_0.id=?
2026-06-29 20:28:51.937  INFO [main] [cid=c3a7aef5-e85e-486d-ae28-5a8e502d4c4d] [pipe=CARD_APPLICATION_PIPELINE] [step=NotificationStep] [rid=-] com.demo.outbox.pipeline.step.NotificationStep     : [Step 2] Sending notification to email=victor@example.com
2026-06-29 20:28:51.937 DEBUG [main] [cid=c3a7aef5-e85e-486d-ae28-5a8e502d4c4d] [pipe=CARD_APPLICATION_PIPELINE] [step=NotificationStep] [rid=-] com.demo.outbox.api.NotificationClient             : Sending notification to email=victor@example.com
2026-06-29 20:28:51.940 DEBUG [main] [cid=c3a7aef5-e85e-486d-ae28-5a8e502d4c4d] [pipe=CARD_APPLICATION_PIPELINE] [step=NotificationStep] [rid=-] com.demo.outbox.api.NotificationClient             : Notification sent, id=NOTIF-001
Hibernate: select ca1_0.id,ca1_0.annual_income,ca1_0.applicant_name,ca1_0.created_at,ca1_0.credit_score,ca1_0.email,ca1_0.notification_id,ca1_0.provider_ref,ca1_0.status,ca1_0.updated_at from card_application ca1_0 where ca1_0.id=?
2026-06-29 20:28:51.940  INFO [main] [cid=c3a7aef5-e85e-486d-ae28-5a8e502d4c4d] [pipe=CARD_APPLICATION_PIPELINE] [step=NotificationStep] [rid=-] com.demo.outbox.pipeline.step.NotificationStep     : [Step 2] Notification sent, id=NOTIF-001
Hibernate: update outbox_event set correlation_id=?,created_at=?,current_step=?,last_error=?,payload=?,pipeline_type=?,processed_at=?,retry_count=?,status=?,total_steps=?,version=? where id=? and version=?
Hibernate: update card_application set annual_income=?,applicant_name=?,created_at=?,credit_score=?,email=?,notification_id=?,provider_ref=?,status=?,updated_at=? where id=?
2026-06-29 20:28:51.941  INFO [main] [cid=c3a7aef5-e85e-486d-ae28-5a8e502d4c4d] [pipe=CARD_APPLICATION_PIPELINE] [step=FinalDbUpdateStep] [rid=-] com.demo.outbox.scheduler.OutboxEventProcessor     : Pipeline [CARD_APPLICATION_PIPELINE] correlationId=c3a7aef5-e85e-486d-ae28-5a8e502d4c4d → executing step 4/4 (FinalDbUpdateStep)
Hibernate: select oe1_0.id,oe1_0.correlation_id,oe1_0.created_at,oe1_0.current_step,oe1_0.last_error,oe1_0.payload,oe1_0.pipeline_type,oe1_0.processed_at,oe1_0.retry_count,oe1_0.status,oe1_0.total_steps,oe1_0.version from outbox_event oe1_0 where oe1_0.id=?
2026-06-29 20:28:51.942  INFO [main] [cid=c3a7aef5-e85e-486d-ae28-5a8e502d4c4d] [pipe=CARD_APPLICATION_PIPELINE] [step=FinalDbUpdateStep] [rid=-] com.demo.outbox.pipeline.step.FinalDbUpdateStep    : [Step 3] Finalising applicationId=c3a7aef5-e85e-486d-ae28-5a8e502d4c4d
Hibernate: select ca1_0.id,ca1_0.annual_income,ca1_0.applicant_name,ca1_0.created_at,ca1_0.credit_score,ca1_0.email,ca1_0.notification_id,ca1_0.provider_ref,ca1_0.status,ca1_0.updated_at from card_application ca1_0 where ca1_0.id=?
2026-06-29 20:28:51.942  INFO [main] [cid=c3a7aef5-e85e-486d-ae28-5a8e502d4c4d] [pipe=CARD_APPLICATION_PIPELINE] [step=FinalDbUpdateStep] [rid=-] com.demo.outbox.pipeline.step.FinalDbUpdateStep    : [Step 3] Application c3a7aef5-e85e-486d-ae28-5a8e502d4c4d marked COMPLETED
Hibernate: update outbox_event set correlation_id=?,created_at=?,current_step=?,last_error=?,payload=?,pipeline_type=?,processed_at=?,retry_count=?,status=?,total_steps=?,version=? where id=? and version=?
Hibernate: update card_application set annual_income=?,applicant_name=?,created_at=?,credit_score=?,email=?,notification_id=?,provider_ref=?,status=?,updated_at=? where id=?
2026-06-29 20:28:51.943  INFO [main] [cid=c3a7aef5-e85e-486d-ae28-5a8e502d4c4d] [pipe=CARD_APPLICATION_PIPELINE] [step=FinalDbUpdateStep] [rid=-] com.demo.outbox.scheduler.OutboxEventProcessor     : Pipeline [CARD_APPLICATION_PIPELINE] COMPLETED for correlationId=c3a7aef5-e85e-486d-ae28-5a8e502d4c4d
Hibernate: select ca1_0.id,ca1_0.annual_income,ca1_0.applicant_name,ca1_0.created_at,ca1_0.credit_score,ca1_0.email,ca1_0.notification_id,ca1_0.provider_ref,ca1_0.status,ca1_0.updated_at from card_application ca1_0 where ca1_0.id=?
Hibernate: select oe1_0.id,oe1_0.correlation_id,oe1_0.created_at,oe1_0.current_step,oe1_0.last_error,oe1_0.payload,oe1_0.pipeline_type,oe1_0.processed_at,oe1_0.retry_count,oe1_0.status,oe1_0.total_steps,oe1_0.version from outbox_event oe1_0
]]></system-out>
  </testcase>
  <testcase name="threeConcurrentApplications_allCompleteInOnePoll" classname="com.demo.outbox.OutboxPatternConsistencyIT$BatchProcessingIsolation" time="0.055">
    <system-out><![CDATA[Hibernate: select oe1_0.id,oe1_0.correlation_id,oe1_0.created_at,oe1_0.current_step,oe1_0.last_error,oe1_0.payload,oe1_0.pipeline_type,oe1_0.processed_at,oe1_0.retry_count,oe1_0.status,oe1_0.total_steps,oe1_0.version from outbox_event oe1_0
Hibernate: delete from outbox_event where id=? and version=?
Hibernate: delete from outbox_event where id=? and version=?
Hibernate: select ca1_0.id,ca1_0.annual_income,ca1_0.applicant_name,ca1_0.created_at,ca1_0.credit_score,ca1_0.email,ca1_0.notification_id,ca1_0.provider_ref,ca1_0.status,ca1_0.updated_at from card_application ca1_0
Hibernate: delete from card_application where id=?
Hibernate: delete from card_application where id=?
2026-06-29 20:28:51.951 DEBUG [main] [cid=-] [pipe=-] [step=-] [rid=-] com.demo.outbox.service.OutboxService              : Outbox event created id=55c6ea73-1ae1-41e6-8f68-0044d7833365 pipeline=CARD_APPLICATION_PIPELINE correlationId=9c20b44e-2170-4f00-979d-1a94382f6eec
2026-06-29 20:28:51.951  INFO [main] [cid=-] [pipe=-] [step=-] [rid=-] com.demo.outbox.service.CardApplicationService     : Application 9c20b44e-2170-4f00-979d-1a94382f6eec submitted for u1@example.com, pipeline queued
Hibernate: insert into card_application (annual_income,applicant_name,created_at,credit_score,email,notification_id,provider_ref,status,updated_at,id) values (?,?,?,?,?,?,?,?,?,?)
Hibernate: insert into outbox_event (correlation_id,created_at,current_step,last_error,payload,pipeline_type,processed_at,retry_count,status,total_steps,version,id) values (?,?,?,?,?,?,?,?,?,?,?,?)
2026-06-29 20:28:51.952 DEBUG [main] [cid=-] [pipe=-] [step=-] [rid=-] com.demo.outbox.service.OutboxService              : Outbox event created id=e64140a2-bba2-404f-bea8-0d6fa39fd0ee pipeline=CARD_APPLICATION_PIPELINE correlationId=bb350730-5ae6-4d58-81f7-ae3bde093005
2026-06-29 20:28:51.952  INFO [main] [cid=-] [pipe=-] [step=-] [rid=-] com.demo.outbox.service.CardApplicationService     : Application bb350730-5ae6-4d58-81f7-ae3bde093005 submitted for u2@example.com, pipeline queued
Hibernate: insert into card_application (annual_income,applicant_name,created_at,credit_score,email,notification_id,provider_ref,status,updated_at,id) values (?,?,?,?,?,?,?,?,?,?)
Hibernate: insert into outbox_event (correlation_id,created_at,current_step,last_error,payload,pipeline_type,processed_at,retry_count,status,total_steps,version,id) values (?,?,?,?,?,?,?,?,?,?,?,?)
2026-06-29 20:28:51.953 DEBUG [main] [cid=-] [pipe=-] [step=-] [rid=-] com.demo.outbox.service.OutboxService              : Outbox event created id=1b12f710-786b-4f92-be6e-20a92f94f630 pipeline=CARD_APPLICATION_PIPELINE correlationId=13a6ea1c-5c79-4c30-ac80-c8b2a0200f2e
2026-06-29 20:28:51.953  INFO [main] [cid=-] [pipe=-] [step=-] [rid=-] com.demo.outbox.service.CardApplicationService     : Application 13a6ea1c-5c79-4c30-ac80-c8b2a0200f2e submitted for u3@example.com, pipeline queued
Hibernate: insert into card_application (annual_income,applicant_name,created_at,credit_score,email,notification_id,provider_ref,status,updated_at,id) values (?,?,?,?,?,?,?,?,?,?)
Hibernate: insert into outbox_event (correlation_id,created_at,current_step,last_error,payload,pipeline_type,processed_at,retry_count,status,total_steps,version,id) values (?,?,?,?,?,?,?,?,?,?,?,?)
Hibernate: select count(*) from outbox_event oe1_0
Hibernate: select oe1_0.id,oe1_0.correlation_id,oe1_0.created_at,oe1_0.current_step,oe1_0.last_error,oe1_0.payload,oe1_0.pipeline_type,oe1_0.processed_at,oe1_0.retry_count,oe1_0.status,oe1_0.total_steps,oe1_0.version from outbox_event oe1_0 where oe1_0.status='PENDING' order by oe1_0.created_at fetch first ? rows only for update
2026-06-29 20:28:51.955 DEBUG [main] [cid=-] [pipe=-] [step=-] [rid=-] com.demo.outbox.scheduler.PipelineOutboxPoller     : Outbox poll: found 3 PENDING event(s)
Hibernate: select oe1_0.id,oe1_0.correlation_id,oe1_0.created_at,oe1_0.current_step,oe1_0.last_error,oe1_0.payload,oe1_0.pipeline_type,oe1_0.processed_at,oe1_0.retry_count,oe1_0.status,oe1_0.total_steps,oe1_0.version from outbox_event oe1_0 where oe1_0.id=?
2026-06-29 20:28:51.956  INFO [main] [cid=9c20b44e-2170-4f00-979d-1a94382f6eec] [pipe=CARD_APPLICATION_PIPELINE] [step=CreditBureauCheckStep] [rid=-] com.demo.outbox.scheduler.OutboxEventProcessor     : Pipeline [CARD_APPLICATION_PIPELINE] correlationId=9c20b44e-2170-4f00-979d-1a94382f6eec → executing step 1/4 (CreditBureauCheckStep)
Hibernate: select oe1_0.id,oe1_0.correlation_id,oe1_0.created_at,oe1_0.current_step,oe1_0.last_error,oe1_0.payload,oe1_0.pipeline_type,oe1_0.processed_at,oe1_0.retry_count,oe1_0.status,oe1_0.total_steps,oe1_0.version from outbox_event oe1_0 where oe1_0.id=?
2026-06-29 20:28:51.956  INFO [main] [cid=9c20b44e-2170-4f00-979d-1a94382f6eec] [pipe=CARD_APPLICATION_PIPELINE] [step=CreditBureauCheckStep] [rid=-] c.demo.outbox.pipeline.step.CreditBureauCheckStep  : [Step 0] Checking credit for applicationId=9c20b44e-2170-4f00-979d-1a94382f6eec
2026-06-29 20:28:51.956 DEBUG [main] [cid=9c20b44e-2170-4f00-979d-1a94382f6eec] [pipe=CARD_APPLICATION_PIPELINE] [step=CreditBureauCheckStep] [rid=-] com.demo.outbox.api.CreditBureauClient             : Calling credit bureau for applicant=User One
2026-06-29 20:28:51.959 DEBUG [main] [cid=9c20b44e-2170-4f00-979d-1a94382f6eec] [pipe=CARD_APPLICATION_PIPELINE] [step=CreditBureauCheckStep] [rid=-] com.demo.outbox.api.CreditBureauClient             : Credit bureau returned score=750 for applicant=User One
Hibernate: select ca1_0.id,ca1_0.annual_income,ca1_0.applicant_name,ca1_0.created_at,ca1_0.credit_score,ca1_0.email,ca1_0.notification_id,ca1_0.provider_ref,ca1_0.status,ca1_0.updated_at from card_application ca1_0 where ca1_0.id=?
2026-06-29 20:28:51.960  INFO [main] [cid=9c20b44e-2170-4f00-979d-1a94382f6eec] [pipe=CARD_APPLICATION_PIPELINE] [step=CreditBureauCheckStep] [rid=-] c.demo.outbox.pipeline.step.CreditBureauCheckStep  : [Step 0] Credit check complete, score=750
Hibernate: update outbox_event set correlation_id=?,created_at=?,current_step=?,last_error=?,payload=?,pipeline_type=?,processed_at=?,retry_count=?,status=?,total_steps=?,version=? where id=? and version=?
Hibernate: update card_application set annual_income=?,applicant_name=?,created_at=?,credit_score=?,email=?,notification_id=?,provider_ref=?,status=?,updated_at=? where id=?
2026-06-29 20:28:51.961  INFO [main] [cid=9c20b44e-2170-4f00-979d-1a94382f6eec] [pipe=CARD_APPLICATION_PIPELINE] [step=CardProviderRegisterStep] [rid=-] com.demo.outbox.scheduler.OutboxEventProcessor     : Pipeline [CARD_APPLICATION_PIPELINE] correlationId=9c20b44e-2170-4f00-979d-1a94382f6eec → executing step 2/4 (CardProviderRegisterStep)
Hibernate: select oe1_0.id,oe1_0.correlation_id,oe1_0.created_at,oe1_0.current_step,oe1_0.last_error,oe1_0.payload,oe1_0.pipeline_type,oe1_0.processed_at,oe1_0.retry_count,oe1_0.status,oe1_0.total_steps,oe1_0.version from outbox_event oe1_0 where oe1_0.id=?
2026-06-29 20:28:51.961  INFO [main] [cid=9c20b44e-2170-4f00-979d-1a94382f6eec] [pipe=CARD_APPLICATION_PIPELINE] [step=CardProviderRegisterStep] [rid=-] c.d.outbox.pipeline.step.CardProviderRegisterStep  : [Step 1] Registering applicationId=9c20b44e-2170-4f00-979d-1a94382f6eec with card provider
2026-06-29 20:28:51.961 DEBUG [main] [cid=9c20b44e-2170-4f00-979d-1a94382f6eec] [pipe=CARD_APPLICATION_PIPELINE] [step=CardProviderRegisterStep] [rid=-] com.demo.outbox.api.CardProviderClient             : Registering application=9c20b44e-2170-4f00-979d-1a94382f6eec with card provider
2026-06-29 20:28:51.964 DEBUG [main] [cid=9c20b44e-2170-4f00-979d-1a94382f6eec] [pipe=CARD_APPLICATION_PIPELINE] [step=CardProviderRegisterStep] [rid=-] com.demo.outbox.api.CardProviderClient             : Card provider returned providerRef=PROV-REF-001
Hibernate: select ca1_0.id,ca1_0.annual_income,ca1_0.applicant_name,ca1_0.created_at,ca1_0.credit_score,ca1_0.email,ca1_0.notification_id,ca1_0.provider_ref,ca1_0.status,ca1_0.updated_at from card_application ca1_0 where ca1_0.id=?
2026-06-29 20:28:51.964  INFO [main] [cid=9c20b44e-2170-4f00-979d-1a94382f6eec] [pipe=CARD_APPLICATION_PIPELINE] [step=CardProviderRegisterStep] [rid=-] c.d.outbox.pipeline.step.CardProviderRegisterStep  : [Step 1] Provider registration complete, ref=PROV-REF-001
Hibernate: update outbox_event set correlation_id=?,created_at=?,current_step=?,last_error=?,payload=?,pipeline_type=?,processed_at=?,retry_count=?,status=?,total_steps=?,version=? where id=? and version=?
Hibernate: update card_application set annual_income=?,applicant_name=?,created_at=?,credit_score=?,email=?,notification_id=?,provider_ref=?,status=?,updated_at=? where id=?
2026-06-29 20:28:51.965  INFO [main] [cid=9c20b44e-2170-4f00-979d-1a94382f6eec] [pipe=CARD_APPLICATION_PIPELINE] [step=NotificationStep] [rid=-] com.demo.outbox.scheduler.OutboxEventProcessor     : Pipeline [CARD_APPLICATION_PIPELINE] correlationId=9c20b44e-2170-4f00-979d-1a94382f6eec → executing step 3/4 (NotificationStep)
Hibernate: select oe1_0.id,oe1_0.correlation_id,oe1_0.created_at,oe1_0.current_step,oe1_0.last_error,oe1_0.payload,oe1_0.pipeline_type,oe1_0.processed_at,oe1_0.retry_count,oe1_0.status,oe1_0.total_steps,oe1_0.version from outbox_event oe1_0 where oe1_0.id=?
2026-06-29 20:28:51.966  INFO [main] [cid=9c20b44e-2170-4f00-979d-1a94382f6eec] [pipe=CARD_APPLICATION_PIPELINE] [step=NotificationStep] [rid=-] com.demo.outbox.pipeline.step.NotificationStep     : [Step 2] Sending notification to email=u1@example.com
2026-06-29 20:28:51.966 DEBUG [main] [cid=9c20b44e-2170-4f00-979d-1a94382f6eec] [pipe=CARD_APPLICATION_PIPELINE] [step=NotificationStep] [rid=-] com.demo.outbox.api.NotificationClient             : Sending notification to email=u1@example.com
2026-06-29 20:28:51.968 DEBUG [main] [cid=9c20b44e-2170-4f00-979d-1a94382f6eec] [pipe=CARD_APPLICATION_PIPELINE] [step=NotificationStep] [rid=-] com.demo.outbox.api.NotificationClient             : Notification sent, id=NOTIF-001
Hibernate: select ca1_0.id,ca1_0.annual_income,ca1_0.applicant_name,ca1_0.created_at,ca1_0.credit_score,ca1_0.email,ca1_0.notification_id,ca1_0.provider_ref,ca1_0.status,ca1_0.updated_at from card_application ca1_0 where ca1_0.id=?
2026-06-29 20:28:51.968  INFO [main] [cid=9c20b44e-2170-4f00-979d-1a94382f6eec] [pipe=CARD_APPLICATION_PIPELINE] [step=NotificationStep] [rid=-] com.demo.outbox.pipeline.step.NotificationStep     : [Step 2] Notification sent, id=NOTIF-001
Hibernate: update outbox_event set correlation_id=?,created_at=?,current_step=?,last_error=?,payload=?,pipeline_type=?,processed_at=?,retry_count=?,status=?,total_steps=?,version=? where id=? and version=?
Hibernate: update card_application set annual_income=?,applicant_name=?,created_at=?,credit_score=?,email=?,notification_id=?,provider_ref=?,status=?,updated_at=? where id=?
2026-06-29 20:28:51.969  INFO [main] [cid=9c20b44e-2170-4f00-979d-1a94382f6eec] [pipe=CARD_APPLICATION_PIPELINE] [step=FinalDbUpdateStep] [rid=-] com.demo.outbox.scheduler.OutboxEventProcessor     : Pipeline [CARD_APPLICATION_PIPELINE] correlationId=9c20b44e-2170-4f00-979d-1a94382f6eec → executing step 4/4 (FinalDbUpdateStep)
Hibernate: select oe1_0.id,oe1_0.correlation_id,oe1_0.created_at,oe1_0.current_step,oe1_0.last_error,oe1_0.payload,oe1_0.pipeline_type,oe1_0.processed_at,oe1_0.retry_count,oe1_0.status,oe1_0.total_steps,oe1_0.version from outbox_event oe1_0 where oe1_0.id=?
2026-06-29 20:28:51.969  INFO [main] [cid=9c20b44e-2170-4f00-979d-1a94382f6eec] [pipe=CARD_APPLICATION_PIPELINE] [step=FinalDbUpdateStep] [rid=-] com.demo.outbox.pipeline.step.FinalDbUpdateStep    : [Step 3] Finalising applicationId=9c20b44e-2170-4f00-979d-1a94382f6eec
Hibernate: select ca1_0.id,ca1_0.annual_income,ca1_0.applicant_name,ca1_0.created_at,ca1_0.credit_score,ca1_0.email,ca1_0.notification_id,ca1_0.provider_ref,ca1_0.status,ca1_0.updated_at from card_application ca1_0 where ca1_0.id=?
2026-06-29 20:28:51.970  INFO [main] [cid=9c20b44e-2170-4f00-979d-1a94382f6eec] [pipe=CARD_APPLICATION_PIPELINE] [step=FinalDbUpdateStep] [rid=-] com.demo.outbox.pipeline.step.FinalDbUpdateStep    : [Step 3] Application 9c20b44e-2170-4f00-979d-1a94382f6eec marked COMPLETED
Hibernate: update outbox_event set correlation_id=?,created_at=?,current_step=?,last_error=?,payload=?,pipeline_type=?,processed_at=?,retry_count=?,status=?,total_steps=?,version=? where id=? and version=?
Hibernate: update card_application set annual_income=?,applicant_name=?,created_at=?,credit_score=?,email=?,notification_id=?,provider_ref=?,status=?,updated_at=? where id=?
2026-06-29 20:28:51.970  INFO [main] [cid=9c20b44e-2170-4f00-979d-1a94382f6eec] [pipe=CARD_APPLICATION_PIPELINE] [step=FinalDbUpdateStep] [rid=-] com.demo.outbox.scheduler.OutboxEventProcessor     : Pipeline [CARD_APPLICATION_PIPELINE] COMPLETED for correlationId=9c20b44e-2170-4f00-979d-1a94382f6eec
Hibernate: select oe1_0.id,oe1_0.correlation_id,oe1_0.created_at,oe1_0.current_step,oe1_0.last_error,oe1_0.payload,oe1_0.pipeline_type,oe1_0.processed_at,oe1_0.retry_count,oe1_0.status,oe1_0.total_steps,oe1_0.version from outbox_event oe1_0 where oe1_0.id=?
2026-06-29 20:28:51.971  INFO [main] [cid=bb350730-5ae6-4d58-81f7-ae3bde093005] [pipe=CARD_APPLICATION_PIPELINE] [step=CreditBureauCheckStep] [rid=-] com.demo.outbox.scheduler.OutboxEventProcessor     : Pipeline [CARD_APPLICATION_PIPELINE] correlationId=bb350730-5ae6-4d58-81f7-ae3bde093005 → executing step 1/4 (CreditBureauCheckStep)
Hibernate: select oe1_0.id,oe1_0.correlation_id,oe1_0.created_at,oe1_0.current_step,oe1_0.last_error,oe1_0.payload,oe1_0.pipeline_type,oe1_0.processed_at,oe1_0.retry_count,oe1_0.status,oe1_0.total_steps,oe1_0.version from outbox_event oe1_0 where oe1_0.id=?
2026-06-29 20:28:51.971  INFO [main] [cid=bb350730-5ae6-4d58-81f7-ae3bde093005] [pipe=CARD_APPLICATION_PIPELINE] [step=CreditBureauCheckStep] [rid=-] c.demo.outbox.pipeline.step.CreditBureauCheckStep  : [Step 0] Checking credit for applicationId=bb350730-5ae6-4d58-81f7-ae3bde093005
2026-06-29 20:28:51.971 DEBUG [main] [cid=bb350730-5ae6-4d58-81f7-ae3bde093005] [pipe=CARD_APPLICATION_PIPELINE] [step=CreditBureauCheckStep] [rid=-] com.demo.outbox.api.CreditBureauClient             : Calling credit bureau for applicant=User Two
2026-06-29 20:28:51.974 DEBUG [main] [cid=bb350730-5ae6-4d58-81f7-ae3bde093005] [pipe=CARD_APPLICATION_PIPELINE] [step=CreditBureauCheckStep] [rid=-] com.demo.outbox.api.CreditBureauClient             : Credit bureau returned score=750 for applicant=User Two
Hibernate: select ca1_0.id,ca1_0.annual_income,ca1_0.applicant_name,ca1_0.created_at,ca1_0.credit_score,ca1_0.email,ca1_0.notification_id,ca1_0.provider_ref,ca1_0.status,ca1_0.updated_at from card_application ca1_0 where ca1_0.id=?
2026-06-29 20:28:51.974  INFO [main] [cid=bb350730-5ae6-4d58-81f7-ae3bde093005] [pipe=CARD_APPLICATION_PIPELINE] [step=CreditBureauCheckStep] [rid=-] c.demo.outbox.pipeline.step.CreditBureauCheckStep  : [Step 0] Credit check complete, score=750
Hibernate: update outbox_event set correlation_id=?,created_at=?,current_step=?,last_error=?,payload=?,pipeline_type=?,processed_at=?,retry_count=?,status=?,total_steps=?,version=? where id=? and version=?
Hibernate: update card_application set annual_income=?,applicant_name=?,created_at=?,credit_score=?,email=?,notification_id=?,provider_ref=?,status=?,updated_at=? where id=?
2026-06-29 20:28:51.975  INFO [main] [cid=bb350730-5ae6-4d58-81f7-ae3bde093005] [pipe=CARD_APPLICATION_PIPELINE] [step=CardProviderRegisterStep] [rid=-] com.demo.outbox.scheduler.OutboxEventProcessor     : Pipeline [CARD_APPLICATION_PIPELINE] correlationId=bb350730-5ae6-4d58-81f7-ae3bde093005 → executing step 2/4 (CardProviderRegisterStep)
Hibernate: select oe1_0.id,oe1_0.correlation_id,oe1_0.created_at,oe1_0.current_step,oe1_0.last_error,oe1_0.payload,oe1_0.pipeline_type,oe1_0.processed_at,oe1_0.retry_count,oe1_0.status,oe1_0.total_steps,oe1_0.version from outbox_event oe1_0 where oe1_0.id=?
2026-06-29 20:28:51.975  INFO [main] [cid=bb350730-5ae6-4d58-81f7-ae3bde093005] [pipe=CARD_APPLICATION_PIPELINE] [step=CardProviderRegisterStep] [rid=-] c.d.outbox.pipeline.step.CardProviderRegisterStep  : [Step 1] Registering applicationId=bb350730-5ae6-4d58-81f7-ae3bde093005 with card provider
2026-06-29 20:28:51.975 DEBUG [main] [cid=bb350730-5ae6-4d58-81f7-ae3bde093005] [pipe=CARD_APPLICATION_PIPELINE] [step=CardProviderRegisterStep] [rid=-] com.demo.outbox.api.CardProviderClient             : Registering application=bb350730-5ae6-4d58-81f7-ae3bde093005 with card provider
2026-06-29 20:28:51.978 DEBUG [main] [cid=bb350730-5ae6-4d58-81f7-ae3bde093005] [pipe=CARD_APPLICATION_PIPELINE] [step=CardProviderRegisterStep] [rid=-] com.demo.outbox.api.CardProviderClient             : Card provider returned providerRef=PROV-REF-001
Hibernate: select ca1_0.id,ca1_0.annual_income,ca1_0.applicant_name,ca1_0.created_at,ca1_0.credit_score,ca1_0.email,ca1_0.notification_id,ca1_0.provider_ref,ca1_0.status,ca1_0.updated_at from card_application ca1_0 where ca1_0.id=?
2026-06-29 20:28:51.978  INFO [main] [cid=bb350730-5ae6-4d58-81f7-ae3bde093005] [pipe=CARD_APPLICATION_PIPELINE] [step=CardProviderRegisterStep] [rid=-] c.d.outbox.pipeline.step.CardProviderRegisterStep  : [Step 1] Provider registration complete, ref=PROV-REF-001
Hibernate: update outbox_event set correlation_id=?,created_at=?,current_step=?,last_error=?,payload=?,pipeline_type=?,processed_at=?,retry_count=?,status=?,total_steps=?,version=? where id=? and version=?
Hibernate: update card_application set annual_income=?,applicant_name=?,created_at=?,credit_score=?,email=?,notification_id=?,provider_ref=?,status=?,updated_at=? where id=?
2026-06-29 20:28:51.979  INFO [main] [cid=bb350730-5ae6-4d58-81f7-ae3bde093005] [pipe=CARD_APPLICATION_PIPELINE] [step=NotificationStep] [rid=-] com.demo.outbox.scheduler.OutboxEventProcessor     : Pipeline [CARD_APPLICATION_PIPELINE] correlationId=bb350730-5ae6-4d58-81f7-ae3bde093005 → executing step 3/4 (NotificationStep)
Hibernate: select oe1_0.id,oe1_0.correlation_id,oe1_0.created_at,oe1_0.current_step,oe1_0.last_error,oe1_0.payload,oe1_0.pipeline_type,oe1_0.processed_at,oe1_0.retry_count,oe1_0.status,oe1_0.total_steps,oe1_0.version from outbox_event oe1_0 where oe1_0.id=?
2026-06-29 20:28:51.979  INFO [main] [cid=bb350730-5ae6-4d58-81f7-ae3bde093005] [pipe=CARD_APPLICATION_PIPELINE] [step=NotificationStep] [rid=-] com.demo.outbox.pipeline.step.NotificationStep     : [Step 2] Sending notification to email=u2@example.com
2026-06-29 20:28:51.979 DEBUG [main] [cid=bb350730-5ae6-4d58-81f7-ae3bde093005] [pipe=CARD_APPLICATION_PIPELINE] [step=NotificationStep] [rid=-] com.demo.outbox.api.NotificationClient             : Sending notification to email=u2@example.com
2026-06-29 20:28:51.981 DEBUG [main] [cid=bb350730-5ae6-4d58-81f7-ae3bde093005] [pipe=CARD_APPLICATION_PIPELINE] [step=NotificationStep] [rid=-] com.demo.outbox.api.NotificationClient             : Notification sent, id=NOTIF-001
Hibernate: select ca1_0.id,ca1_0.annual_income,ca1_0.applicant_name,ca1_0.created_at,ca1_0.credit_score,ca1_0.email,ca1_0.notification_id,ca1_0.provider_ref,ca1_0.status,ca1_0.updated_at from card_application ca1_0 where ca1_0.id=?
2026-06-29 20:28:51.982  INFO [main] [cid=bb350730-5ae6-4d58-81f7-ae3bde093005] [pipe=CARD_APPLICATION_PIPELINE] [step=NotificationStep] [rid=-] com.demo.outbox.pipeline.step.NotificationStep     : [Step 2] Notification sent, id=NOTIF-001
Hibernate: update outbox_event set correlation_id=?,created_at=?,current_step=?,last_error=?,payload=?,pipeline_type=?,processed_at=?,retry_count=?,status=?,total_steps=?,version=? where id=? and version=?
Hibernate: update card_application set annual_income=?,applicant_name=?,created_at=?,credit_score=?,email=?,notification_id=?,provider_ref=?,status=?,updated_at=? where id=?
2026-06-29 20:28:51.982  INFO [main] [cid=bb350730-5ae6-4d58-81f7-ae3bde093005] [pipe=CARD_APPLICATION_PIPELINE] [step=FinalDbUpdateStep] [rid=-] com.demo.outbox.scheduler.OutboxEventProcessor     : Pipeline [CARD_APPLICATION_PIPELINE] correlationId=bb350730-5ae6-4d58-81f7-ae3bde093005 → executing step 4/4 (FinalDbUpdateStep)
Hibernate: select oe1_0.id,oe1_0.correlation_id,oe1_0.created_at,oe1_0.current_step,oe1_0.last_error,oe1_0.payload,oe1_0.pipeline_type,oe1_0.processed_at,oe1_0.retry_count,oe1_0.status,oe1_0.total_steps,oe1_0.version from outbox_event oe1_0 where oe1_0.id=?
2026-06-29 20:28:51.983  INFO [main] [cid=bb350730-5ae6-4d58-81f7-ae3bde093005] [pipe=CARD_APPLICATION_PIPELINE] [step=FinalDbUpdateStep] [rid=-] com.demo.outbox.pipeline.step.FinalDbUpdateStep    : [Step 3] Finalising applicationId=bb350730-5ae6-4d58-81f7-ae3bde093005
Hibernate: select ca1_0.id,ca1_0.annual_income,ca1_0.applicant_name,ca1_0.created_at,ca1_0.credit_score,ca1_0.email,ca1_0.notification_id,ca1_0.provider_ref,ca1_0.status,ca1_0.updated_at from card_application ca1_0 where ca1_0.id=?
2026-06-29 20:28:51.983  INFO [main] [cid=bb350730-5ae6-4d58-81f7-ae3bde093005] [pipe=CARD_APPLICATION_PIPELINE] [step=FinalDbUpdateStep] [rid=-] com.demo.outbox.pipeline.step.FinalDbUpdateStep    : [Step 3] Application bb350730-5ae6-4d58-81f7-ae3bde093005 marked COMPLETED
Hibernate: update outbox_event set correlation_id=?,created_at=?,current_step=?,last_error=?,payload=?,pipeline_type=?,processed_at=?,retry_count=?,status=?,total_steps=?,version=? where id=? and version=?
Hibernate: update card_application set annual_income=?,applicant_name=?,created_at=?,credit_score=?,email=?,notification_id=?,provider_ref=?,status=?,updated_at=? where id=?
2026-06-29 20:28:51.984  INFO [main] [cid=bb350730-5ae6-4d58-81f7-ae3bde093005] [pipe=CARD_APPLICATION_PIPELINE] [step=FinalDbUpdateStep] [rid=-] com.demo.outbox.scheduler.OutboxEventProcessor     : Pipeline [CARD_APPLICATION_PIPELINE] COMPLETED for correlationId=bb350730-5ae6-4d58-81f7-ae3bde093005
Hibernate: select oe1_0.id,oe1_0.correlation_id,oe1_0.created_at,oe1_0.current_step,oe1_0.last_error,oe1_0.payload,oe1_0.pipeline_type,oe1_0.processed_at,oe1_0.retry_count,oe1_0.status,oe1_0.total_steps,oe1_0.version from outbox_event oe1_0 where oe1_0.id=?
2026-06-29 20:28:51.984  INFO [main] [cid=13a6ea1c-5c79-4c30-ac80-c8b2a0200f2e] [pipe=CARD_APPLICATION_PIPELINE] [step=CreditBureauCheckStep] [rid=-] com.demo.outbox.scheduler.OutboxEventProcessor     : Pipeline [CARD_APPLICATION_PIPELINE] correlationId=13a6ea1c-5c79-4c30-ac80-c8b2a0200f2e → executing step 1/4 (CreditBureauCheckStep)
Hibernate: select oe1_0.id,oe1_0.correlation_id,oe1_0.created_at,oe1_0.current_step,oe1_0.last_error,oe1_0.payload,oe1_0.pipeline_type,oe1_0.processed_at,oe1_0.retry_count,oe1_0.status,oe1_0.total_steps,oe1_0.version from outbox_event oe1_0 where oe1_0.id=?
2026-06-29 20:28:51.985  INFO [main] [cid=13a6ea1c-5c79-4c30-ac80-c8b2a0200f2e] [pipe=CARD_APPLICATION_PIPELINE] [step=CreditBureauCheckStep] [rid=-] c.demo.outbox.pipeline.step.CreditBureauCheckStep  : [Step 0] Checking credit for applicationId=13a6ea1c-5c79-4c30-ac80-c8b2a0200f2e
2026-06-29 20:28:51.985 DEBUG [main] [cid=13a6ea1c-5c79-4c30-ac80-c8b2a0200f2e] [pipe=CARD_APPLICATION_PIPELINE] [step=CreditBureauCheckStep] [rid=-] com.demo.outbox.api.CreditBureauClient             : Calling credit bureau for applicant=User Three
2026-06-29 20:28:51.987 DEBUG [main] [cid=13a6ea1c-5c79-4c30-ac80-c8b2a0200f2e] [pipe=CARD_APPLICATION_PIPELINE] [step=CreditBureauCheckStep] [rid=-] com.demo.outbox.api.CreditBureauClient             : Credit bureau returned score=750 for applicant=User Three
Hibernate: select ca1_0.id,ca1_0.annual_income,ca1_0.applicant_name,ca1_0.created_at,ca1_0.credit_score,ca1_0.email,ca1_0.notification_id,ca1_0.provider_ref,ca1_0.status,ca1_0.updated_at from card_application ca1_0 where ca1_0.id=?
2026-06-29 20:28:51.988  INFO [main] [cid=13a6ea1c-5c79-4c30-ac80-c8b2a0200f2e] [pipe=CARD_APPLICATION_PIPELINE] [step=CreditBureauCheckStep] [rid=-] c.demo.outbox.pipeline.step.CreditBureauCheckStep  : [Step 0] Credit check complete, score=750
Hibernate: update outbox_event set correlation_id=?,created_at=?,current_step=?,last_error=?,payload=?,pipeline_type=?,processed_at=?,retry_count=?,status=?,total_steps=?,version=? where id=? and version=?
Hibernate: update card_application set annual_income=?,applicant_name=?,created_at=?,credit_score=?,email=?,notification_id=?,provider_ref=?,status=?,updated_at=? where id=?
2026-06-29 20:28:51.989  INFO [main] [cid=13a6ea1c-5c79-4c30-ac80-c8b2a0200f2e] [pipe=CARD_APPLICATION_PIPELINE] [step=CardProviderRegisterStep] [rid=-] com.demo.outbox.scheduler.OutboxEventProcessor     : Pipeline [CARD_APPLICATION_PIPELINE] correlationId=13a6ea1c-5c79-4c30-ac80-c8b2a0200f2e → executing step 2/4 (CardProviderRegisterStep)
Hibernate: select oe1_0.id,oe1_0.correlation_id,oe1_0.created_at,oe1_0.current_step,oe1_0.last_error,oe1_0.payload,oe1_0.pipeline_type,oe1_0.processed_at,oe1_0.retry_count,oe1_0.status,oe1_0.total_steps,oe1_0.version from outbox_event oe1_0 where oe1_0.id=?
2026-06-29 20:28:51.989  INFO [main] [cid=13a6ea1c-5c79-4c30-ac80-c8b2a0200f2e] [pipe=CARD_APPLICATION_PIPELINE] [step=CardProviderRegisterStep] [rid=-] c.d.outbox.pipeline.step.CardProviderRegisterStep  : [Step 1] Registering applicationId=13a6ea1c-5c79-4c30-ac80-c8b2a0200f2e with card provider
2026-06-29 20:28:51.989 DEBUG [main] [cid=13a6ea1c-5c79-4c30-ac80-c8b2a0200f2e] [pipe=CARD_APPLICATION_PIPELINE] [step=CardProviderRegisterStep] [rid=-] com.demo.outbox.api.CardProviderClient             : Registering application=13a6ea1c-5c79-4c30-ac80-c8b2a0200f2e with card provider
2026-06-29 20:28:51.991 DEBUG [main] [cid=13a6ea1c-5c79-4c30-ac80-c8b2a0200f2e] [pipe=CARD_APPLICATION_PIPELINE] [step=CardProviderRegisterStep] [rid=-] com.demo.outbox.api.CardProviderClient             : Card provider returned providerRef=PROV-REF-001
Hibernate: select ca1_0.id,ca1_0.annual_income,ca1_0.applicant_name,ca1_0.created_at,ca1_0.credit_score,ca1_0.email,ca1_0.notification_id,ca1_0.provider_ref,ca1_0.status,ca1_0.updated_at from card_application ca1_0 where ca1_0.id=?
2026-06-29 20:28:51.992  INFO [main] [cid=13a6ea1c-5c79-4c30-ac80-c8b2a0200f2e] [pipe=CARD_APPLICATION_PIPELINE] [step=CardProviderRegisterStep] [rid=-] c.d.outbox.pipeline.step.CardProviderRegisterStep  : [Step 1] Provider registration complete, ref=PROV-REF-001
Hibernate: update outbox_event set correlation_id=?,created_at=?,current_step=?,last_error=?,payload=?,pipeline_type=?,processed_at=?,retry_count=?,status=?,total_steps=?,version=? where id=? and version=?
Hibernate: update card_application set annual_income=?,applicant_name=?,created_at=?,credit_score=?,email=?,notification_id=?,provider_ref=?,status=?,updated_at=? where id=?
2026-06-29 20:28:51.992  INFO [main] [cid=13a6ea1c-5c79-4c30-ac80-c8b2a0200f2e] [pipe=CARD_APPLICATION_PIPELINE] [step=NotificationStep] [rid=-] com.demo.outbox.scheduler.OutboxEventProcessor     : Pipeline [CARD_APPLICATION_PIPELINE] correlationId=13a6ea1c-5c79-4c30-ac80-c8b2a0200f2e → executing step 3/4 (NotificationStep)
Hibernate: select oe1_0.id,oe1_0.correlation_id,oe1_0.created_at,oe1_0.current_step,oe1_0.last_error,oe1_0.payload,oe1_0.pipeline_type,oe1_0.processed_at,oe1_0.retry_count,oe1_0.status,oe1_0.total_steps,oe1_0.version from outbox_event oe1_0 where oe1_0.id=?
2026-06-29 20:28:51.993  INFO [main] [cid=13a6ea1c-5c79-4c30-ac80-c8b2a0200f2e] [pipe=CARD_APPLICATION_PIPELINE] [step=NotificationStep] [rid=-] com.demo.outbox.pipeline.step.NotificationStep     : [Step 2] Sending notification to email=u3@example.com
2026-06-29 20:28:51.993 DEBUG [main] [cid=13a6ea1c-5c79-4c30-ac80-c8b2a0200f2e] [pipe=CARD_APPLICATION_PIPELINE] [step=NotificationStep] [rid=-] com.demo.outbox.api.NotificationClient             : Sending notification to email=u3@example.com
2026-06-29 20:28:51.995 DEBUG [main] [cid=13a6ea1c-5c79-4c30-ac80-c8b2a0200f2e] [pipe=CARD_APPLICATION_PIPELINE] [step=NotificationStep] [rid=-] com.demo.outbox.api.NotificationClient             : Notification sent, id=NOTIF-001
Hibernate: select ca1_0.id,ca1_0.annual_income,ca1_0.applicant_name,ca1_0.created_at,ca1_0.credit_score,ca1_0.email,ca1_0.notification_id,ca1_0.provider_ref,ca1_0.status,ca1_0.updated_at from card_application ca1_0 where ca1_0.id=?
2026-06-29 20:28:51.995  INFO [main] [cid=13a6ea1c-5c79-4c30-ac80-c8b2a0200f2e] [pipe=CARD_APPLICATION_PIPELINE] [step=NotificationStep] [rid=-] com.demo.outbox.pipeline.step.NotificationStep     : [Step 2] Notification sent, id=NOTIF-001
Hibernate: update outbox_event set correlation_id=?,created_at=?,current_step=?,last_error=?,payload=?,pipeline_type=?,processed_at=?,retry_count=?,status=?,total_steps=?,version=? where id=? and version=?
Hibernate: update card_application set annual_income=?,applicant_name=?,created_at=?,credit_score=?,email=?,notification_id=?,provider_ref=?,status=?,updated_at=? where id=?
2026-06-29 20:28:51.996  INFO [main] [cid=13a6ea1c-5c79-4c30-ac80-c8b2a0200f2e] [pipe=CARD_APPLICATION_PIPELINE] [step=FinalDbUpdateStep] [rid=-] com.demo.outbox.scheduler.OutboxEventProcessor     : Pipeline [CARD_APPLICATION_PIPELINE] correlationId=13a6ea1c-5c79-4c30-ac80-c8b2a0200f2e → executing step 4/4 (FinalDbUpdateStep)
Hibernate: select oe1_0.id,oe1_0.correlation_id,oe1_0.created_at,oe1_0.current_step,oe1_0.last_error,oe1_0.payload,oe1_0.pipeline_type,oe1_0.processed_at,oe1_0.retry_count,oe1_0.status,oe1_0.total_steps,oe1_0.version from outbox_event oe1_0 where oe1_0.id=?
2026-06-29 20:28:51.997  INFO [main] [cid=13a6ea1c-5c79-4c30-ac80-c8b2a0200f2e] [pipe=CARD_APPLICATION_PIPELINE] [step=FinalDbUpdateStep] [rid=-] com.demo.outbox.pipeline.step.FinalDbUpdateStep    : [Step 3] Finalising applicationId=13a6ea1c-5c79-4c30-ac80-c8b2a0200f2e
Hibernate: select ca1_0.id,ca1_0.annual_income,ca1_0.applicant_name,ca1_0.created_at,ca1_0.credit_score,ca1_0.email,ca1_0.notification_id,ca1_0.provider_ref,ca1_0.status,ca1_0.updated_at from card_application ca1_0 where ca1_0.id=?
2026-06-29 20:28:51.997  INFO [main] [cid=13a6ea1c-5c79-4c30-ac80-c8b2a0200f2e] [pipe=CARD_APPLICATION_PIPELINE] [step=FinalDbUpdateStep] [rid=-] com.demo.outbox.pipeline.step.FinalDbUpdateStep    : [Step 3] Application 13a6ea1c-5c79-4c30-ac80-c8b2a0200f2e marked COMPLETED
Hibernate: update outbox_event set correlation_id=?,created_at=?,current_step=?,last_error=?,payload=?,pipeline_type=?,processed_at=?,retry_count=?,status=?,total_steps=?,version=? where id=? and version=?
Hibernate: update card_application set annual_income=?,applicant_name=?,created_at=?,credit_score=?,email=?,notification_id=?,provider_ref=?,status=?,updated_at=? where id=?
2026-06-29 20:28:51.998  INFO [main] [cid=13a6ea1c-5c79-4c30-ac80-c8b2a0200f2e] [pipe=CARD_APPLICATION_PIPELINE] [step=FinalDbUpdateStep] [rid=-] com.demo.outbox.scheduler.OutboxEventProcessor     : Pipeline [CARD_APPLICATION_PIPELINE] COMPLETED for correlationId=13a6ea1c-5c79-4c30-ac80-c8b2a0200f2e
Hibernate: select ca1_0.id,ca1_0.annual_income,ca1_0.applicant_name,ca1_0.created_at,ca1_0.credit_score,ca1_0.email,ca1_0.notification_id,ca1_0.provider_ref,ca1_0.status,ca1_0.updated_at from card_application ca1_0
Hibernate: select oe1_0.id,oe1_0.correlation_id,oe1_0.created_at,oe1_0.current_step,oe1_0.last_error,oe1_0.payload,oe1_0.pipeline_type,oe1_0.processed_at,oe1_0.retry_count,oe1_0.status,oe1_0.total_steps,oe1_0.version from outbox_event oe1_0
]]></system-out>
  </testcase>
</testsuite>