<?xml version="1.0" encoding="UTF-8"?>
<testsuite xmlns:xsi="http://www.w3.org/2001/XMLSchema-instance" xsi:noNamespaceSchemaLocation="https://maven.apache.org/surefire/maven-surefire-plugin/xsd/surefire-test-report-3.0.xsd" version="3.0" name="com.demo.outbox.api.CardApplicationControllerTest" time="0.168" tests="5" errors="0" skipped="0" failures="0">
  <properties>
[...]
</properties>
  <testcase name="post_returns202WithEntity" classname="com.demo.outbox.api.CardApplicationControllerTest" time="0.119">
    <system-out><![CDATA[Hibernate: select oe1_0.id,oe1_0.correlation_id,oe1_0.created_at,oe1_0.current_step,oe1_0.last_error,oe1_0.payload,oe1_0.pipeline_type,oe1_0.processed_at,oe1_0.retry_count,oe1_0.status,oe1_0.total_steps,oe1_0.version from outbox_event oe1_0
Hibernate: delete from outbox_event where id=? and version=?
Hibernate: select ca1_0.id,ca1_0.annual_income,ca1_0.applicant_name,ca1_0.created_at,ca1_0.credit_score,ca1_0.email,ca1_0.notification_id,ca1_0.provider_ref,ca1_0.status,ca1_0.updated_at from card_application ca1_0
Hibernate: delete from card_application where id=?
2026-06-29 20:28:52.485  INFO [http-nio-auto-1-exec-1] [cid=-] [pipe=-] [step=-] [rid=-] o.a.c.core.ContainerBase.[Tomcat].[localhost].[/]  : Initializing Spring DispatcherServlet 'dispatcherServlet'
2026-06-29 20:28:52.542  INFO [http-nio-auto-1-exec-1] [cid=-] [pipe=-] [step=-] [rid=gen-35267fdb-6d8f-4e0c-87db-305103c6c517] com.demo.outbox.api.CardApplicationController      : Submitting card application for applicant=Grace Lee
2026-06-29 20:28:52.543 DEBUG [http-nio-auto-1-exec-1] [cid=-] [pipe=-] [step=-] [rid=gen-35267fdb-6d8f-4e0c-87db-305103c6c517] com.demo.outbox.service.OutboxService              : Outbox event created id=2effd436-c642-465a-82df-e33283407998 pipeline=CARD_APPLICATION_PIPELINE correlationId=44b6ebbb-a465-44a1-a3c2-c96ee6db47f7
2026-06-29 20:28:52.543  INFO [http-nio-auto-1-exec-1] [cid=-] [pipe=-] [step=-] [rid=gen-35267fdb-6d8f-4e0c-87db-305103c6c517] com.demo.outbox.service.CardApplicationService     : Application 44b6ebbb-a465-44a1-a3c2-c96ee6db47f7 submitted for grace@example.com, pipeline queued
Hibernate: insert into card_application (annual_income,applicant_name,created_at,credit_score,email,notification_id,provider_ref,status,updated_at,id) values (?,?,?,?,?,?,?,?,?,?)
Hibernate: insert into outbox_event (correlation_id,created_at,current_step,last_error,payload,pipeline_type,processed_at,retry_count,status,total_steps,version,id) values (?,?,?,?,?,?,?,?,?,?,?,?)
2026-06-29 20:28:52.544  INFO [http-nio-auto-1-exec-1] [cid=-] [pipe=-] [step=-] [rid=gen-35267fdb-6d8f-4e0c-87db-305103c6c517] com.demo.outbox.api.CardApplicationController      : Card application submitted, id=44b6ebbb-a465-44a1-a3c2-c96ee6db47f7
]]></system-out>
  </testcase>
  <testcase name="post_negativeIncome_returns400" classname="com.demo.outbox.api.CardApplicationControllerTest" time="0.02">
    <system-out><![CDATA[Hibernate: select oe1_0.id,oe1_0.correlation_id,oe1_0.created_at,oe1_0.current_step,oe1_0.last_error,oe1_0.payload,oe1_0.pipeline_type,oe1_0.processed_at,oe1_0.retry_count,oe1_0.status,oe1_0.total_steps,oe1_0.version from outbox_event oe1_0
Hibernate: delete from outbox_event where id=? and version=?
Hibernate: select ca1_0.id,ca1_0.annual_income,ca1_0.applicant_name,ca1_0.created_at,ca1_0.credit_score,ca1_0.email,ca1_0.notification_id,ca1_0.provider_ref,ca1_0.status,ca1_0.updated_at from card_application ca1_0
Hibernate: delete from card_application where id=?
2026-06-29 20:28:52.570  WARN [http-nio-auto-1-exec-2] [cid=-] [pipe=-] [step=-] [rid=-] o.s.w.s.m.support.DefaultHandlerExceptionResolver  : Resolved [org.springframework.web.bind.MethodArgumentNotValidException: Validation failed for argument [0] in public com.demo.outbox.entity.CardApplication com.demo.outbox.api.CardApplicationController.submit(com.demo.outbox.api.CardApplicationController$SubmitRequest,jakarta.servlet.http.HttpServletRequest): [Field error in object 'submitRequest' on field 'annualIncome': rejected value [-1000]; codes [Positive.submitRequest.annualIncome,Positive.annualIncome,Positive.java.math.BigDecimal,Positive]; arguments [org.springframework.context.support.DefaultMessageSourceResolvable: codes [submitRequest.annualIncome,annualIncome]; arguments []; default message [annualIncome]]; default message [must be greater than 0]] ]
]]></system-out>
  </testcase>
  <testcase name="post_withRequestId_returns202" classname="com.demo.outbox.api.CardApplicationControllerTest" time="0.005">
    <system-out><![CDATA[Hibernate: select oe1_0.id,oe1_0.correlation_id,oe1_0.created_at,oe1_0.current_step,oe1_0.last_error,oe1_0.payload,oe1_0.pipeline_type,oe1_0.processed_at,oe1_0.retry_count,oe1_0.status,oe1_0.total_steps,oe1_0.version from outbox_event oe1_0
Hibernate: select ca1_0.id,ca1_0.annual_income,ca1_0.applicant_name,ca1_0.created_at,ca1_0.credit_score,ca1_0.email,ca1_0.notification_id,ca1_0.provider_ref,ca1_0.status,ca1_0.updated_at from card_application ca1_0
2026-06-29 20:28:52.581  INFO [http-nio-auto-1-exec-3] [cid=-] [pipe=-] [step=-] [rid=client-req-001] com.demo.outbox.api.CardApplicationController      : Submitting card application for applicant=Iris Kim
2026-06-29 20:28:52.581 DEBUG [http-nio-auto-1-exec-3] [cid=-] [pipe=-] [step=-] [rid=client-req-001] com.demo.outbox.service.OutboxService              : Outbox event created id=0dc16954-e16b-4d96-a5e1-b83002de3d2e pipeline=CARD_APPLICATION_PIPELINE correlationId=86bf8e0a-2c61-446d-a908-84b584167640
2026-06-29 20:28:52.581  INFO [http-nio-auto-1-exec-3] [cid=-] [pipe=-] [step=-] [rid=client-req-001] com.demo.outbox.service.CardApplicationService     : Application 86bf8e0a-2c61-446d-a908-84b584167640 submitted for iris@example.com, pipeline queued
Hibernate: insert into card_application (annual_income,applicant_name,created_at,credit_score,email,notification_id,provider_ref,status,updated_at,id) values (?,?,?,?,?,?,?,?,?,?)
Hibernate: insert into outbox_event (correlation_id,created_at,current_step,last_error,payload,pipeline_type,processed_at,retry_count,status,total_steps,version,id) values (?,?,?,?,?,?,?,?,?,?,?,?)
2026-06-29 20:28:52.582  INFO [http-nio-auto-1-exec-3] [cid=-] [pipe=-] [step=-] [rid=client-req-001] com.demo.outbox.api.CardApplicationController      : Card application submitted, id=86bf8e0a-2c61-446d-a908-84b584167640
]]></system-out>
  </testcase>
  <testcase name="post_invalidEmail_returns400" classname="com.demo.outbox.api.CardApplicationControllerTest" time="0.006">
    <system-out><![CDATA[Hibernate: select oe1_0.id,oe1_0.correlation_id,oe1_0.created_at,oe1_0.current_step,oe1_0.last_error,oe1_0.payload,oe1_0.pipeline_type,oe1_0.processed_at,oe1_0.retry_count,oe1_0.status,oe1_0.total_steps,oe1_0.version from outbox_event oe1_0
Hibernate: delete from outbox_event where id=? and version=?
Hibernate: select ca1_0.id,ca1_0.annual_income,ca1_0.applicant_name,ca1_0.created_at,ca1_0.credit_score,ca1_0.email,ca1_0.notification_id,ca1_0.provider_ref,ca1_0.status,ca1_0.updated_at from card_application ca1_0
Hibernate: delete from card_application where id=?
2026-06-29 20:28:52.588  WARN [http-nio-auto-1-exec-4] [cid=-] [pipe=-] [step=-] [rid=-] o.s.w.s.m.support.DefaultHandlerExceptionResolver  : Resolved [org.springframework.web.bind.MethodArgumentNotValidException: Validation failed for argument [0] in public com.demo.outbox.entity.CardApplication com.demo.outbox.api.CardApplicationController.submit(com.demo.outbox.api.CardApplicationController$SubmitRequest,jakarta.servlet.http.HttpServletRequest): [Field error in object 'submitRequest' on field 'email': rejected value [not-an-email]; codes [Email.submitRequest.email,Email.email,Email.java.lang.String,Email]; arguments [org.springframework.context.support.DefaultMessageSourceResolvable: codes [submitRequest.email,email]; arguments []; default message [email],[Ljakarta.validation.constraints.Pattern$Flag;@7592ce31,.*]; default message [must be a well-formed email address]] ]
]]></system-out>
  </testcase>
  <testcase name="get_returnsApplicationById" classname="com.demo.outbox.api.CardApplicationControllerTest" time="0.008">
    <system-out><![CDATA[Hibernate: select oe1_0.id,oe1_0.correlation_id,oe1_0.created_at,oe1_0.current_step,oe1_0.last_error,oe1_0.payload,oe1_0.pipeline_type,oe1_0.processed_at,oe1_0.retry_count,oe1_0.status,oe1_0.total_steps,oe1_0.version from outbox_event oe1_0
Hibernate: select ca1_0.id,ca1_0.annual_income,ca1_0.applicant_name,ca1_0.created_at,ca1_0.credit_score,ca1_0.email,ca1_0.notification_id,ca1_0.provider_ref,ca1_0.status,ca1_0.updated_at from card_application ca1_0
2026-06-29 20:28:52.592  INFO [http-nio-auto-1-exec-5] [cid=-] [pipe=-] [step=-] [rid=gen-c14815c5-0a48-4958-a728-896b83332593] com.demo.outbox.api.CardApplicationController      : Submitting card application for applicant=Henry Ford
2026-06-29 20:28:52.592 DEBUG [http-nio-auto-1-exec-5] [cid=-] [pipe=-] [step=-] [rid=gen-c14815c5-0a48-4958-a728-896b83332593] com.demo.outbox.service.OutboxService              : Outbox event created id=c09abcd1-511a-4bff-8037-d0b7ef6f5267 pipeline=CARD_APPLICATION_PIPELINE correlationId=256726ff-cf4b-4e39-8078-ba9a4a52a09c
2026-06-29 20:28:52.592  INFO [http-nio-auto-1-exec-5] [cid=-] [pipe=-] [step=-] [rid=gen-c14815c5-0a48-4958-a728-896b83332593] com.demo.outbox.service.CardApplicationService     : Application 256726ff-cf4b-4e39-8078-ba9a4a52a09c submitted for henry@example.com, pipeline queued
Hibernate: insert into card_application (annual_income,applicant_name,created_at,credit_score,email,notification_id,provider_ref,status,updated_at,id) values (?,?,?,?,?,?,?,?,?,?)
Hibernate: insert into outbox_event (correlation_id,created_at,current_step,last_error,payload,pipeline_type,processed_at,retry_count,status,total_steps,version,id) values (?,?,?,?,?,?,?,?,?,?,?,?)
2026-06-29 20:28:52.593  INFO [http-nio-auto-1-exec-5] [cid=-] [pipe=-] [step=-] [rid=gen-c14815c5-0a48-4958-a728-896b83332593] com.demo.outbox.api.CardApplicationController      : Card application submitted, id=256726ff-cf4b-4e39-8078-ba9a4a52a09c
2026-06-29 20:28:52.594  INFO [http-nio-auto-1-exec-6] [cid=-] [pipe=-] [step=-] [rid=gen-124cb930-85df-45ea-a148-55c9deb20d4c] com.demo.outbox.api.CardApplicationController      : Fetching card application id=256726ff-cf4b-4e39-8078-ba9a4a52a09c
Hibernate: select ca1_0.id,ca1_0.annual_income,ca1_0.applicant_name,ca1_0.created_at,ca1_0.credit_score,ca1_0.email,ca1_0.notification_id,ca1_0.provider_ref,ca1_0.status,ca1_0.updated_at from card_application ca1_0 where ca1_0.id=?
]]></system-out>
  </testcase>
</testsuite>